2024-09-01 13:43:07.133 UTC [3289988] LOG:  starting PostgreSQL 18devel on x86_64-pc-linux-gnu, compiled by gcc (Ubuntu 13.2.0-23ubuntu4) 13.2.0, 64-bit
2024-09-01 13:43:07.133 UTC [3289988] LOG:  listening on IPv4 address "127.0.0.1", port 5432
2024-09-01 13:43:07.153 UTC [3289988] LOG:  listening on Unix socket "/tmp/.s.PGSQL.5432"
2024-09-01 13:43:07.167 UTC [3289991] LOG:  database system was shut down at 2024-09-01 13:43:04 UTC
2024-09-01 13:43:07.175 UTC [3289988] LOG:  database system is ready to accept connections
2024-09-01 13:43:11.467 UTC [3290103] LOG:  skipping vacuum of "t" --- lock not available
2024-09-01 13:43:15.470 UTC [3290209] LOG:  skipping vacuum of "t" --- lock not available
2024-09-01 13:43:16.898 UTC [3289989] LOG:  checkpoints are occurring too frequently (9 seconds apart)
2024-09-01 13:43:16.898 UTC [3289989] HINT:  Consider increasing the configuration parameter "max_wal_size".
2024-09-01 13:43:16.898 UTC [3289989] LOG:  checkpoint starting: wal
2024-09-01 13:43:38.012 UTC [3289989] LOG:  checkpoint complete: wrote 6826 buffers (0.3%); 0 WAL file(s) added, 17 removed, 16 recycled; write=11.161 s, sync=9.698 s, total=21.115 s; sync files=795, longest=0.144 s, average=0.013 s; distance=525676 kB, estimate=525676 kB; lsn=6/AB0F0498, redo lsn=6/7C049980
2024-09-01 13:43:38.012 UTC [3289989] LOG:  checkpoints are occurring too frequently (22 seconds apart)
2024-09-01 13:43:38.012 UTC [3289989] HINT:  Consider increasing the configuration parameter "max_wal_size".
2024-09-01 13:43:38.012 UTC [3289989] LOG:  checkpoint starting: wal
2024-09-01 13:43:50.435 UTC [3289989] LOG:  checkpoint complete: wrote 63 buffers (0.0%); 0 WAL file(s) added, 14 removed, 33 recycled; write=6.198 s, sync=6.048 s, total=12.423 s; sync files=318, longest=0.135 s, average=0.020 s; distance=778296 kB, estimate=778296 kB; lsn=6/C901F888, redo lsn=6/AB857CE8
2024-09-01 13:43:51.381 UTC [3289989] LOG:  checkpoints are occurring too frequently (13 seconds apart)
2024-09-01 13:43:51.381 UTC [3289989] HINT:  Consider increasing the configuration parameter "max_wal_size".
2024-09-01 13:43:51.381 UTC [3289989] LOG:  checkpoint starting: wal
2024-09-01 13:43:58.473 UTC [3289989] LOG:  checkpoint complete: wrote 52 buffers (0.0%); 0 WAL file(s) added, 0 removed, 33 recycled; write=4.167 s, sync=2.832 s, total=7.093 s; sync files=234, longest=0.050 s, average=0.013 s; distance=532755 kB, estimate=753742 kB; lsn=6/D8B18B28, redo lsn=6/CC09CCC8
2024-09-01 13:43:58.473 UTC [3289989] LOG:  checkpoint starting: immediate force wait
2024-09-01 13:43:58.541 UTC [3289989] LOG:  checkpoint complete: wrote 169 buffers (0.0%); 0 WAL file(s) added, 0 removed, 12 recycled; write=0.017 s, sync=0.006 s, total=0.068 s; sync files=27, longest=0.005 s, average=0.001 s; distance=207343 kB, estimate=699102 kB; lsn=6/D8B18BF8, redo lsn=6/D8B18BA0
2024-09-01 13:45:34.345 UTC [3289988] LOG:  received fast shutdown request
2024-09-01 13:45:34.349 UTC [3289988] LOG:  aborting any active transactions
2024-09-01 13:45:34.349 UTC [3289988] LOG:  background worker "logical replication launcher" (PID 3289994) exited with exit code 1
2024-09-01 13:45:34.358 UTC [3289989] LOG:  shutting down
2024-09-01 13:45:34.361 UTC [3289989] LOG:  checkpoint starting: shutdown immediate
2024-09-01 13:45:34.391 UTC [3289989] LOG:  checkpoint complete: wrote 52 buffers (0.0%); 0 WAL file(s) added, 0 removed, 0 recycled; write=0.015 s, sync=0.005 s, total=0.033 s; sync files=10, longest=0.002 s, average=0.001 s; distance=175 kB, estimate=629210 kB; lsn=6/D8B448D0, redo lsn=6/D8B448D0
2024-09-01 13:45:34.814 UTC [3289988] LOG:  database system is shut down
