2024-08-10 14:13:57.870 CEST [2792582] LOG:  starting PostgreSQL 18devel on x86_64-pc-linux-gnu, compiled by gcc (Debian 12.2.0-14) 12.2.0, 64-bit
2024-08-10 14:13:57.870 CEST [2792582] LOG:  listening on IPv6 address "::1", port 5432
2024-08-10 14:13:57.870 CEST [2792582] LOG:  listening on IPv4 address "127.0.0.1", port 5432
2024-08-10 14:13:57.879 CEST [2792582] LOG:  listening on Unix socket "/tmp/.s.PGSQL.5432"
2024-08-10 14:13:57.884 CEST [2792585] LOG:  database system was shut down at 2024-08-10 14:13:09 CEST
2024-08-10 14:13:57.888 CEST [2792582] LOG:  database system is ready to accept connections
2024-08-10 14:14:14.508 CEST [2792583] LOG:  checkpoints are occurring too frequently (17 seconds apart)
2024-08-10 14:14:14.508 CEST [2792583] HINT:  Consider increasing the configuration parameter "max_wal_size".
2024-08-10 14:14:14.508 CEST [2792583] LOG:  checkpoint starting: wal
2024-08-10 14:14:19.973 CEST [2792614] LOG:  skipping analyze of "pgbench_accounts_791" --- lock not available
2024-08-10 14:14:19.978 CEST [2792614] LOG:  skipping analyze of "pgbench_accounts_792" --- lock not available
2024-08-10 14:14:19.983 CEST [2792614] LOG:  skipping analyze of "pgbench_accounts_793" --- lock not available
2024-08-10 14:14:19.988 CEST [2792614] LOG:  skipping analyze of "pgbench_accounts_794" --- lock not available
2024-08-10 14:14:19.993 CEST [2792614] LOG:  skipping analyze of "pgbench_accounts_795" --- lock not available
2024-08-10 14:14:19.998 CEST [2792614] LOG:  skipping analyze of "pgbench_accounts_796" --- lock not available
2024-08-10 14:14:20.003 CEST [2792614] LOG:  skipping analyze of "pgbench_accounts_798" --- lock not available
2024-08-10 14:14:20.008 CEST [2792614] LOG:  skipping analyze of "pgbench_accounts_799" --- lock not available
2024-08-10 14:14:20.013 CEST [2792614] LOG:  skipping analyze of "pgbench_accounts_800" --- lock not available
2024-08-10 14:14:20.017 CEST [2792614] LOG:  skipping analyze of "pgbench_accounts_801" --- lock not available
2024-08-10 14:14:20.022 CEST [2792614] LOG:  skipping analyze of "pgbench_accounts_802" --- lock not available
2024-08-10 14:14:20.027 CEST [2792614] LOG:  skipping analyze of "pgbench_accounts_803" --- lock not available
2024-08-10 14:14:20.032 CEST [2792614] LOG:  skipping analyze of "pgbench_accounts_804" --- lock not available
2024-08-10 14:14:20.037 CEST [2792614] LOG:  skipping analyze of "pgbench_accounts_805" --- lock not available
2024-08-10 14:14:20.042 CEST [2792614] LOG:  skipping analyze of "pgbench_accounts_806" --- lock not available
2024-08-10 14:14:20.047 CEST [2792614] LOG:  skipping analyze of "pgbench_accounts_808" --- lock not available
2024-08-10 14:14:20.052 CEST [2792614] LOG:  skipping analyze of "pgbench_accounts_809" --- lock not available
2024-08-10 14:14:20.057 CEST [2792614] LOG:  skipping analyze of "pgbench_accounts_810" --- lock not available
2024-08-10 14:14:20.062 CEST [2792614] LOG:  skipping analyze of "pgbench_accounts_811" --- lock not available
2024-08-10 14:14:20.067 CEST [2792614] LOG:  skipping analyze of "pgbench_accounts_812" --- lock not available
2024-08-10 14:14:20.072 CEST [2792614] LOG:  skipping analyze of "pgbench_accounts_813" --- lock not available
2024-08-10 14:14:20.077 CEST [2792614] LOG:  skipping analyze of "pgbench_accounts_814" --- lock not available
2024-08-10 14:14:20.082 CEST [2792614] LOG:  skipping analyze of "pgbench_accounts_815" --- lock not available
2024-08-10 14:14:20.087 CEST [2792614] LOG:  skipping analyze of "pgbench_accounts_816" --- lock not available
2024-08-10 14:14:20.092 CEST [2792614] LOG:  skipping analyze of "pgbench_accounts_818" --- lock not available
2024-08-10 14:14:20.097 CEST [2792614] LOG:  skipping analyze of "pgbench_accounts_819" --- lock not available
2024-08-10 14:14:20.102 CEST [2792614] LOG:  skipping analyze of "pgbench_accounts_820" --- lock not available
2024-08-10 14:14:20.107 CEST [2792614] LOG:  skipping analyze of "pgbench_accounts_821" --- lock not available
2024-08-10 14:14:20.112 CEST [2792614] LOG:  skipping analyze of "pgbench_accounts_822" --- lock not available
2024-08-10 14:14:20.117 CEST [2792614] LOG:  skipping analyze of "pgbench_accounts_823" --- lock not available
2024-08-10 14:14:20.122 CEST [2792614] LOG:  skipping analyze of "pgbench_accounts_824" --- lock not available
2024-08-10 14:14:20.127 CEST [2792614] LOG:  skipping analyze of "pgbench_accounts_825" --- lock not available
2024-08-10 14:14:20.132 CEST [2792614] LOG:  skipping analyze of "pgbench_accounts_826" --- lock not available
2024-08-10 14:14:20.137 CEST [2792614] LOG:  skipping analyze of "pgbench_accounts_828" --- lock not available
2024-08-10 14:14:20.142 CEST [2792614] LOG:  skipping analyze of "pgbench_accounts_829" --- lock not available
2024-08-10 14:14:20.147 CEST [2792614] LOG:  skipping analyze of "pgbench_accounts_830" --- lock not available
2024-08-10 14:14:20.152 CEST [2792614] LOG:  skipping analyze of "pgbench_accounts_831" --- lock not available
2024-08-10 14:14:20.157 CEST [2792614] LOG:  skipping analyze of "pgbench_accounts_832" --- lock not available
2024-08-10 14:14:20.162 CEST [2792614] LOG:  skipping analyze of "pgbench_accounts_833" --- lock not available
2024-08-10 14:14:20.167 CEST [2792614] LOG:  skipping analyze of "pgbench_accounts_834" --- lock not available
2024-08-10 14:14:20.172 CEST [2792614] LOG:  skipping analyze of "pgbench_accounts_835" --- lock not available
2024-08-10 14:14:20.176 CEST [2792614] LOG:  skipping analyze of "pgbench_accounts_836" --- lock not available
2024-08-10 14:14:20.181 CEST [2792614] LOG:  skipping analyze of "pgbench_accounts_838" --- lock not available
2024-08-10 14:14:20.186 CEST [2792614] LOG:  skipping analyze of "pgbench_accounts_839" --- lock not available
2024-08-10 14:14:20.191 CEST [2792614] LOG:  skipping analyze of "pgbench_accounts_840" --- lock not available
2024-08-10 14:14:20.196 CEST [2792614] LOG:  skipping analyze of "pgbench_accounts_841" --- lock not available
2024-08-10 14:14:20.202 CEST [2792614] LOG:  skipping analyze of "pgbench_accounts_842" --- lock not available
2024-08-10 14:14:20.207 CEST [2792614] LOG:  skipping analyze of "pgbench_accounts_843" --- lock not available
2024-08-10 14:14:20.212 CEST [2792614] LOG:  skipping analyze of "pgbench_accounts_844" --- lock not available
2024-08-10 14:14:20.217 CEST [2792614] LOG:  skipping analyze of "pgbench_accounts_845" --- lock not available
2024-08-10 14:14:20.222 CEST [2792614] LOG:  skipping analyze of "pgbench_accounts_846" --- lock not available
2024-08-10 14:14:20.227 CEST [2792614] LOG:  skipping analyze of "pgbench_accounts_848" --- lock not available
2024-08-10 14:14:20.232 CEST [2792614] LOG:  skipping analyze of "pgbench_accounts_849" --- lock not available
2024-08-10 14:14:20.237 CEST [2792614] LOG:  skipping analyze of "pgbench_accounts_850" --- lock not available
2024-08-10 14:14:20.242 CEST [2792614] LOG:  skipping analyze of "pgbench_accounts_851" --- lock not available
2024-08-10 14:14:20.247 CEST [2792614] LOG:  skipping analyze of "pgbench_accounts_852" --- lock not available
2024-08-10 14:14:20.252 CEST [2792614] LOG:  skipping analyze of "pgbench_accounts_853" --- lock not available
2024-08-10 14:14:20.257 CEST [2792614] LOG:  skipping analyze of "pgbench_accounts_854" --- lock not available
2024-08-10 14:14:20.263 CEST [2792614] LOG:  skipping analyze of "pgbench_accounts_855" --- lock not available
2024-08-10 14:14:20.268 CEST [2792614] LOG:  skipping analyze of "pgbench_accounts_856" --- lock not available
2024-08-10 14:14:20.273 CEST [2792614] LOG:  skipping analyze of "pgbench_accounts_858" --- lock not available
2024-08-10 14:14:20.278 CEST [2792614] LOG:  skipping analyze of "pgbench_accounts_859" --- lock not available
2024-08-10 14:14:20.283 CEST [2792614] LOG:  skipping analyze of "pgbench_accounts_860" --- lock not available
2024-08-10 14:14:20.288 CEST [2792614] LOG:  skipping analyze of "pgbench_accounts_861" --- lock not available
2024-08-10 14:14:20.293 CEST [2792614] LOG:  skipping analyze of "pgbench_accounts_862" --- lock not available
2024-08-10 14:14:20.298 CEST [2792614] LOG:  skipping analyze of "pgbench_accounts_863" --- lock not available
2024-08-10 14:14:20.303 CEST [2792614] LOG:  skipping analyze of "pgbench_accounts_864" --- lock not available
2024-08-10 14:14:20.308 CEST [2792614] LOG:  skipping analyze of "pgbench_accounts_865" --- lock not available
2024-08-10 14:14:20.313 CEST [2792614] LOG:  skipping analyze of "pgbench_accounts_866" --- lock not available
2024-08-10 14:14:20.319 CEST [2792614] LOG:  skipping analyze of "pgbench_accounts_868" --- lock not available
2024-08-10 14:14:20.324 CEST [2792614] LOG:  skipping analyze of "pgbench_accounts_869" --- lock not available
2024-08-10 14:14:20.329 CEST [2792614] LOG:  skipping analyze of "pgbench_accounts_870" --- lock not available
2024-08-10 14:14:20.334 CEST [2792614] LOG:  skipping analyze of "pgbench_accounts_871" --- lock not available
2024-08-10 14:14:20.339 CEST [2792614] LOG:  skipping analyze of "pgbench_accounts_872" --- lock not available
2024-08-10 14:14:20.344 CEST [2792614] LOG:  skipping analyze of "pgbench_accounts_873" --- lock not available
2024-08-10 14:14:20.349 CEST [2792614] LOG:  skipping analyze of "pgbench_accounts_874" --- lock not available
2024-08-10 14:14:20.354 CEST [2792614] LOG:  skipping analyze of "pgbench_accounts_875" --- lock not available
2024-08-10 14:14:20.359 CEST [2792614] LOG:  skipping analyze of "pgbench_accounts_876" --- lock not available
2024-08-10 14:14:20.364 CEST [2792614] LOG:  skipping analyze of "pgbench_accounts_878" --- lock not available
2024-08-10 14:14:20.369 CEST [2792614] LOG:  skipping analyze of "pgbench_accounts_879" --- lock not available
2024-08-10 14:14:20.375 CEST [2792614] LOG:  skipping analyze of "pgbench_accounts_880" --- lock not available
2024-08-10 14:14:20.380 CEST [2792614] LOG:  skipping analyze of "pgbench_accounts_881" --- lock not available
2024-08-10 14:14:20.385 CEST [2792614] LOG:  skipping analyze of "pgbench_accounts_882" --- lock not available
2024-08-10 14:14:20.390 CEST [2792614] LOG:  skipping analyze of "pgbench_accounts_883" --- lock not available
2024-08-10 14:14:20.395 CEST [2792614] LOG:  skipping analyze of "pgbench_accounts_884" --- lock not available
2024-08-10 14:14:20.400 CEST [2792614] LOG:  skipping analyze of "pgbench_accounts_885" --- lock not available
2024-08-10 14:14:20.405 CEST [2792614] LOG:  skipping analyze of "pgbench_accounts_886" --- lock not available
2024-08-10 14:14:20.410 CEST [2792614] LOG:  skipping analyze of "pgbench_accounts_888" --- lock not available
2024-08-10 14:14:20.415 CEST [2792614] LOG:  skipping analyze of "pgbench_accounts_889" --- lock not available
2024-08-10 14:14:20.420 CEST [2792614] LOG:  skipping analyze of "pgbench_accounts_890" --- lock not available
2024-08-10 14:14:20.425 CEST [2792614] LOG:  skipping analyze of "pgbench_accounts_891" --- lock not available
2024-08-10 14:14:20.431 CEST [2792614] LOG:  skipping analyze of "pgbench_accounts_892" --- lock not available
2024-08-10 14:14:20.436 CEST [2792614] LOG:  skipping analyze of "pgbench_accounts_893" --- lock not available
2024-08-10 14:14:20.441 CEST [2792614] LOG:  skipping analyze of "pgbench_accounts_894" --- lock not available
2024-08-10 14:14:20.446 CEST [2792614] LOG:  skipping analyze of "pgbench_accounts_895" --- lock not available
2024-08-10 14:14:20.451 CEST [2792614] LOG:  skipping analyze of "pgbench_accounts_896" --- lock not available
2024-08-10 14:14:20.456 CEST [2792614] LOG:  skipping analyze of "pgbench_accounts_898" --- lock not available
2024-08-10 14:14:20.461 CEST [2792614] LOG:  skipping analyze of "pgbench_accounts_899" --- lock not available
2024-08-10 14:14:20.466 CEST [2792614] LOG:  skipping analyze of "pgbench_accounts_900" --- lock not available
2024-08-10 14:14:20.471 CEST [2792614] LOG:  skipping analyze of "pgbench_accounts_901" --- lock not available
2024-08-10 14:14:20.476 CEST [2792614] LOG:  skipping analyze of "pgbench_accounts_902" --- lock not available
2024-08-10 14:14:20.481 CEST [2792614] LOG:  skipping analyze of "pgbench_accounts_903" --- lock not available
2024-08-10 14:14:20.486 CEST [2792614] LOG:  skipping analyze of "pgbench_accounts_904" --- lock not available
2024-08-10 14:14:20.492 CEST [2792614] LOG:  skipping analyze of "pgbench_accounts_905" --- lock not available
2024-08-10 14:14:20.497 CEST [2792614] LOG:  skipping analyze of "pgbench_accounts_906" --- lock not available
2024-08-10 14:14:20.502 CEST [2792614] LOG:  skipping analyze of "pgbench_accounts_908" --- lock not available
2024-08-10 14:14:20.507 CEST [2792614] LOG:  skipping analyze of "pgbench_accounts_909" --- lock not available
2024-08-10 14:14:20.512 CEST [2792614] LOG:  skipping analyze of "pgbench_accounts_910" --- lock not available
2024-08-10 14:14:20.517 CEST [2792614] LOG:  skipping analyze of "pgbench_accounts_911" --- lock not available
2024-08-10 14:14:20.522 CEST [2792614] LOG:  skipping analyze of "pgbench_accounts_912" --- lock not available
2024-08-10 14:14:20.527 CEST [2792614] LOG:  skipping analyze of "pgbench_accounts_913" --- lock not available
2024-08-10 14:14:20.532 CEST [2792614] LOG:  skipping analyze of "pgbench_accounts_914" --- lock not available
2024-08-10 14:14:20.537 CEST [2792614] LOG:  skipping analyze of "pgbench_accounts_915" --- lock not available
2024-08-10 14:14:20.542 CEST [2792614] LOG:  skipping analyze of "pgbench_accounts_916" --- lock not available
2024-08-10 14:14:20.547 CEST [2792614] LOG:  skipping analyze of "pgbench_accounts_918" --- lock not available
2024-08-10 14:14:20.552 CEST [2792614] LOG:  skipping analyze of "pgbench_accounts_919" --- lock not available
2024-08-10 14:14:20.558 CEST [2792614] LOG:  skipping analyze of "pgbench_accounts_920" --- lock not available
2024-08-10 14:14:20.563 CEST [2792614] LOG:  skipping analyze of "pgbench_accounts_921" --- lock not available
2024-08-10 14:14:20.568 CEST [2792614] LOG:  skipping analyze of "pgbench_accounts_922" --- lock not available
2024-08-10 14:14:20.573 CEST [2792614] LOG:  skipping analyze of "pgbench_accounts_923" --- lock not available
2024-08-10 14:14:20.578 CEST [2792614] LOG:  skipping analyze of "pgbench_accounts_924" --- lock not available
2024-08-10 14:14:20.583 CEST [2792614] LOG:  skipping analyze of "pgbench_accounts_925" --- lock not available
2024-08-10 14:14:20.588 CEST [2792614] LOG:  skipping analyze of "pgbench_accounts_926" --- lock not available
2024-08-10 14:14:20.593 CEST [2792614] LOG:  skipping analyze of "pgbench_accounts_928" --- lock not available
2024-08-10 14:14:20.598 CEST [2792614] LOG:  skipping analyze of "pgbench_accounts_929" --- lock not available
2024-08-10 14:14:20.603 CEST [2792614] LOG:  skipping analyze of "pgbench_accounts_930" --- lock not available
2024-08-10 14:14:20.608 CEST [2792614] LOG:  skipping analyze of "pgbench_accounts_931" --- lock not available
2024-08-10 14:14:20.614 CEST [2792614] LOG:  skipping analyze of "pgbench_accounts_932" --- lock not available
2024-08-10 14:14:20.619 CEST [2792614] LOG:  skipping analyze of "pgbench_accounts_933" --- lock not available
2024-08-10 14:14:20.624 CEST [2792614] LOG:  skipping analyze of "pgbench_accounts_934" --- lock not available
2024-08-10 14:14:20.629 CEST [2792614] LOG:  skipping analyze of "pgbench_accounts_935" --- lock not available
2024-08-10 14:14:20.634 CEST [2792614] LOG:  skipping analyze of "pgbench_accounts_936" --- lock not available
2024-08-10 14:14:20.639 CEST [2792614] LOG:  skipping analyze of "pgbench_accounts_938" --- lock not available
2024-08-10 14:14:20.644 CEST [2792614] LOG:  skipping analyze of "pgbench_accounts_939" --- lock not available
2024-08-10 14:14:20.649 CEST [2792614] LOG:  skipping analyze of "pgbench_accounts_940" --- lock not available
2024-08-10 14:14:20.654 CEST [2792614] LOG:  skipping analyze of "pgbench_accounts_941" --- lock not available
2024-08-10 14:14:20.659 CEST [2792614] LOG:  skipping analyze of "pgbench_accounts_942" --- lock not available
2024-08-10 14:14:20.664 CEST [2792614] LOG:  skipping analyze of "pgbench_accounts_943" --- lock not available
2024-08-10 14:14:20.669 CEST [2792614] LOG:  skipping analyze of "pgbench_accounts_944" --- lock not available
2024-08-10 14:14:20.674 CEST [2792614] LOG:  skipping analyze of "pgbench_accounts_945" --- lock not available
2024-08-10 14:14:20.680 CEST [2792614] LOG:  skipping analyze of "pgbench_accounts_946" --- lock not available
2024-08-10 14:14:20.685 CEST [2792614] LOG:  skipping analyze of "pgbench_accounts_948" --- lock not available
2024-08-10 14:14:20.690 CEST [2792614] LOG:  skipping analyze of "pgbench_accounts_949" --- lock not available
2024-08-10 14:14:20.695 CEST [2792614] LOG:  skipping analyze of "pgbench_accounts_950" --- lock not available
2024-08-10 14:14:20.700 CEST [2792614] LOG:  skipping analyze of "pgbench_accounts_951" --- lock not available
2024-08-10 14:14:20.705 CEST [2792614] LOG:  skipping analyze of "pgbench_accounts_952" --- lock not available
2024-08-10 14:14:20.710 CEST [2792614] LOG:  skipping analyze of "pgbench_accounts_953" --- lock not available
2024-08-10 14:14:20.715 CEST [2792614] LOG:  skipping analyze of "pgbench_accounts_954" --- lock not available
2024-08-10 14:14:20.720 CEST [2792614] LOG:  skipping analyze of "pgbench_accounts_955" --- lock not available
2024-08-10 14:14:20.725 CEST [2792614] LOG:  skipping analyze of "pgbench_accounts_956" --- lock not available
2024-08-10 14:14:20.730 CEST [2792614] LOG:  skipping analyze of "pgbench_accounts_958" --- lock not available
2024-08-10 14:14:20.736 CEST [2792614] LOG:  skipping analyze of "pgbench_accounts_959" --- lock not available
2024-08-10 14:14:20.741 CEST [2792614] LOG:  skipping analyze of "pgbench_accounts_960" --- lock not available
2024-08-10 14:14:20.746 CEST [2792614] LOG:  skipping analyze of "pgbench_accounts_961" --- lock not available
2024-08-10 14:14:20.751 CEST [2792614] LOG:  skipping analyze of "pgbench_accounts_962" --- lock not available
2024-08-10 14:14:20.756 CEST [2792614] LOG:  skipping analyze of "pgbench_accounts_963" --- lock not available
2024-08-10 14:14:20.761 CEST [2792614] LOG:  skipping analyze of "pgbench_accounts_964" --- lock not available
2024-08-10 14:14:20.766 CEST [2792614] LOG:  skipping analyze of "pgbench_accounts_965" --- lock not available
2024-08-10 14:14:20.771 CEST [2792614] LOG:  skipping analyze of "pgbench_accounts_966" --- lock not available
2024-08-10 14:14:20.776 CEST [2792614] LOG:  skipping analyze of "pgbench_accounts_968" --- lock not available
2024-08-10 14:14:20.781 CEST [2792614] LOG:  skipping analyze of "pgbench_accounts_969" --- lock not available
2024-08-10 14:14:20.786 CEST [2792614] LOG:  skipping analyze of "pgbench_accounts_970" --- lock not available
2024-08-10 14:14:20.791 CEST [2792614] LOG:  skipping analyze of "pgbench_accounts_971" --- lock not available
2024-08-10 14:14:20.796 CEST [2792614] LOG:  skipping analyze of "pgbench_accounts_972" --- lock not available
2024-08-10 14:14:20.802 CEST [2792614] LOG:  skipping analyze of "pgbench_accounts_973" --- lock not available
2024-08-10 14:14:20.807 CEST [2792614] LOG:  skipping analyze of "pgbench_accounts_974" --- lock not available
2024-08-10 14:14:20.812 CEST [2792614] LOG:  skipping analyze of "pgbench_accounts_975" --- lock not available
2024-08-10 14:14:20.817 CEST [2792614] LOG:  skipping analyze of "pgbench_accounts_976" --- lock not available
2024-08-10 14:14:20.822 CEST [2792614] LOG:  skipping analyze of "pgbench_accounts_978" --- lock not available
2024-08-10 14:14:20.827 CEST [2792614] LOG:  skipping analyze of "pgbench_accounts_979" --- lock not available
2024-08-10 14:14:20.832 CEST [2792614] LOG:  skipping analyze of "pgbench_accounts_980" --- lock not available
2024-08-10 14:14:20.837 CEST [2792614] LOG:  skipping analyze of "pgbench_accounts_981" --- lock not available
2024-08-10 14:14:20.842 CEST [2792614] LOG:  skipping analyze of "pgbench_accounts_982" --- lock not available
2024-08-10 14:14:20.847 CEST [2792614] LOG:  skipping analyze of "pgbench_accounts_983" --- lock not available
2024-08-10 14:14:20.852 CEST [2792614] LOG:  skipping analyze of "pgbench_accounts_984" --- lock not available
2024-08-10 14:14:20.857 CEST [2792614] LOG:  skipping analyze of "pgbench_accounts_985" --- lock not available
2024-08-10 14:14:20.863 CEST [2792614] LOG:  skipping analyze of "pgbench_accounts_986" --- lock not available
2024-08-10 14:14:20.868 CEST [2792614] LOG:  skipping analyze of "pgbench_accounts_988" --- lock not available
2024-08-10 14:14:20.873 CEST [2792614] LOG:  skipping analyze of "pgbench_accounts_989" --- lock not available
2024-08-10 14:14:20.878 CEST [2792614] LOG:  skipping analyze of "pgbench_accounts_990" --- lock not available
2024-08-10 14:14:20.883 CEST [2792614] LOG:  skipping analyze of "pgbench_accounts_991" --- lock not available
2024-08-10 14:14:20.888 CEST [2792614] LOG:  skipping analyze of "pgbench_accounts_992" --- lock not available
2024-08-10 14:14:20.893 CEST [2792614] LOG:  skipping analyze of "pgbench_accounts_993" --- lock not available
2024-08-10 14:14:20.898 CEST [2792614] LOG:  skipping analyze of "pgbench_accounts_994" --- lock not available
2024-08-10 14:14:20.903 CEST [2792614] LOG:  skipping analyze of "pgbench_accounts_995" --- lock not available
2024-08-10 14:14:20.908 CEST [2792614] LOG:  skipping analyze of "pgbench_accounts_996" --- lock not available
2024-08-10 14:14:20.922 CEST [2792614] LOG:  skipping analyze of "pg_class" --- lock not available
2024-08-10 14:14:20.958 CEST [2792614] LOG:  skipping analyze of "pgbench_accounts_5" --- lock not available
2024-08-10 14:14:20.964 CEST [2792614] LOG:  skipping analyze of "pgbench_accounts_16" --- lock not available
2024-08-10 14:14:20.969 CEST [2792614] LOG:  skipping analyze of "pgbench_accounts_26" --- lock not available
2024-08-10 14:14:20.974 CEST [2792614] LOG:  skipping analyze of "pgbench_accounts_37" --- lock not available
2024-08-10 14:14:20.979 CEST [2792614] LOG:  skipping analyze of "pgbench_accounts_77" --- lock not available
2024-08-10 14:14:20.984 CEST [2792614] LOG:  skipping analyze of "pgbench_accounts_57" --- lock not available
2024-08-10 14:14:20.989 CEST [2792614] LOG:  skipping analyze of "pgbench_accounts_47" --- lock not available
2024-08-10 14:14:20.994 CEST [2792614] LOG:  skipping analyze of "pgbench_accounts_67" --- lock not available
2024-08-10 14:14:20.999 CEST [2792614] LOG:  skipping analyze of "pgbench_accounts_87" --- lock not available
2024-08-10 14:14:21.004 CEST [2792614] LOG:  skipping analyze of "pgbench_accounts_97" --- lock not available
2024-08-10 14:14:21.009 CEST [2792614] LOG:  skipping analyze of "pgbench_accounts_107" --- lock not available
2024-08-10 14:14:21.014 CEST [2792614] LOG:  skipping analyze of "pgbench_accounts_117" --- lock not available
2024-08-10 14:14:21.019 CEST [2792614] LOG:  skipping analyze of "pgbench_accounts_137" --- lock not available
2024-08-10 14:14:21.025 CEST [2792614] LOG:  skipping analyze of "pgbench_accounts_127" --- lock not available
2024-08-10 14:14:21.030 CEST [2792614] LOG:  skipping analyze of "pgbench_accounts_147" --- lock not available
2024-08-10 14:14:21.035 CEST [2792614] LOG:  skipping analyze of "pgbench_accounts_157" --- lock not available
2024-08-10 14:14:21.040 CEST [2792614] LOG:  skipping analyze of "pgbench_accounts_167" --- lock not available
2024-08-10 14:14:21.045 CEST [2792614] LOG:  skipping analyze of "pgbench_accounts_177" --- lock not available
2024-08-10 14:14:21.050 CEST [2792614] LOG:  skipping analyze of "pgbench_accounts_187" --- lock not available
2024-08-10 14:14:21.055 CEST [2792614] LOG:  skipping analyze of "pgbench_accounts_197" --- lock not available
2024-08-10 14:14:21.060 CEST [2792614] LOG:  skipping analyze of "pgbench_accounts_207" --- lock not available
2024-08-10 14:14:21.065 CEST [2792614] LOG:  skipping analyze of "pgbench_accounts_217" --- lock not available
2024-08-10 14:14:21.070 CEST [2792614] LOG:  skipping analyze of "pgbench_accounts_227" --- lock not available
2024-08-10 14:14:21.075 CEST [2792614] LOG:  skipping analyze of "pgbench_accounts_237" --- lock not available
2024-08-10 14:14:21.080 CEST [2792614] LOG:  skipping analyze of "pgbench_accounts_247" --- lock not available
2024-08-10 14:14:21.086 CEST [2792614] LOG:  skipping analyze of "pgbench_accounts_257" --- lock not available
2024-08-10 14:14:21.091 CEST [2792614] LOG:  skipping analyze of "pgbench_accounts_267" --- lock not available
2024-08-10 14:14:21.096 CEST [2792614] LOG:  skipping analyze of "pgbench_accounts_277" --- lock not available
2024-08-10 14:14:21.101 CEST [2792614] LOG:  skipping analyze of "pgbench_accounts_287" --- lock not available
2024-08-10 14:14:21.106 CEST [2792614] LOG:  skipping analyze of "pgbench_accounts_297" --- lock not available
2024-08-10 14:14:21.111 CEST [2792614] LOG:  skipping analyze of "pgbench_accounts_307" --- lock not available
2024-08-10 14:14:21.116 CEST [2792614] LOG:  skipping analyze of "pgbench_accounts_317" --- lock not available
2024-08-10 14:14:21.121 CEST [2792614] LOG:  skipping analyze of "pgbench_accounts_327" --- lock not available
2024-08-10 14:14:21.126 CEST [2792614] LOG:  skipping analyze of "pgbench_accounts_337" --- lock not available
2024-08-10 14:14:21.131 CEST [2792614] LOG:  skipping analyze of "pgbench_accounts_347" --- lock not available
2024-08-10 14:14:21.136 CEST [2792614] LOG:  skipping analyze of "pgbench_accounts_357" --- lock not available
2024-08-10 14:14:21.141 CEST [2792614] LOG:  skipping analyze of "pgbench_accounts_367" --- lock not available
2024-08-10 14:14:21.147 CEST [2792614] LOG:  skipping analyze of "pgbench_accounts_377" --- lock not available
2024-08-10 14:14:21.152 CEST [2792614] LOG:  skipping analyze of "pgbench_accounts_387" --- lock not available
2024-08-10 14:14:21.157 CEST [2792614] LOG:  skipping analyze of "pgbench_accounts_397" --- lock not available
2024-08-10 14:14:21.162 CEST [2792614] LOG:  skipping analyze of "pgbench_accounts_407" --- lock not available
2024-08-10 14:14:21.167 CEST [2792614] LOG:  skipping analyze of "pgbench_accounts_417" --- lock not available
2024-08-10 14:14:21.172 CEST [2792614] LOG:  skipping analyze of "pgbench_accounts_427" --- lock not available
2024-08-10 14:14:21.177 CEST [2792614] LOG:  skipping analyze of "pgbench_accounts_437" --- lock not available
2024-08-10 14:14:21.182 CEST [2792614] LOG:  skipping analyze of "pgbench_accounts_447" --- lock not available
2024-08-10 14:14:21.187 CEST [2792614] LOG:  skipping analyze of "pgbench_accounts_457" --- lock not available
2024-08-10 14:14:21.192 CEST [2792614] LOG:  skipping analyze of "pgbench_accounts_467" --- lock not available
2024-08-10 14:14:21.197 CEST [2792614] LOG:  skipping analyze of "pgbench_accounts_477" --- lock not available
2024-08-10 14:14:21.202 CEST [2792614] LOG:  skipping analyze of "pgbench_accounts_487" --- lock not available
2024-08-10 14:14:21.207 CEST [2792614] LOG:  skipping analyze of "pgbench_accounts_497" --- lock not available
2024-08-10 14:14:21.213 CEST [2792614] LOG:  skipping analyze of "pgbench_accounts_507" --- lock not available
2024-08-10 14:14:21.218 CEST [2792614] LOG:  skipping analyze of "pgbench_accounts_517" --- lock not available
2024-08-10 14:14:21.223 CEST [2792614] LOG:  skipping analyze of "pgbench_accounts_527" --- lock not available
2024-08-10 14:14:21.228 CEST [2792614] LOG:  skipping analyze of "pgbench_accounts_537" --- lock not available
2024-08-10 14:14:21.233 CEST [2792614] LOG:  skipping analyze of "pgbench_accounts_547" --- lock not available
2024-08-10 14:14:21.238 CEST [2792614] LOG:  skipping analyze of "pgbench_accounts_557" --- lock not available
2024-08-10 14:14:21.243 CEST [2792614] LOG:  skipping analyze of "pgbench_accounts_567" --- lock not available
2024-08-10 14:14:21.248 CEST [2792614] LOG:  skipping analyze of "pgbench_accounts_577" --- lock not available
2024-08-10 14:14:21.253 CEST [2792614] LOG:  skipping analyze of "pgbench_accounts_587" --- lock not available
2024-08-10 14:14:21.258 CEST [2792614] LOG:  skipping analyze of "pgbench_accounts_597" --- lock not available
2024-08-10 14:14:21.263 CEST [2792614] LOG:  skipping analyze of "pgbench_accounts_607" --- lock not available
2024-08-10 14:14:21.268 CEST [2792614] LOG:  skipping analyze of "pgbench_accounts_617" --- lock not available
2024-08-10 14:14:21.274 CEST [2792614] LOG:  skipping analyze of "pgbench_accounts_627" --- lock not available
2024-08-10 14:14:21.279 CEST [2792614] LOG:  skipping analyze of "pgbench_accounts_637" --- lock not available
2024-08-10 14:14:21.284 CEST [2792614] LOG:  skipping analyze of "pgbench_accounts_647" --- lock not available
2024-08-10 14:14:21.289 CEST [2792614] LOG:  skipping analyze of "pgbench_accounts_657" --- lock not available
2024-08-10 14:14:21.294 CEST [2792614] LOG:  skipping analyze of "pgbench_accounts_667" --- lock not available
2024-08-10 14:14:21.299 CEST [2792614] LOG:  skipping analyze of "pgbench_accounts_677" --- lock not available
2024-08-10 14:14:21.304 CEST [2792614] LOG:  skipping analyze of "pgbench_accounts_687" --- lock not available
2024-08-10 14:14:21.309 CEST [2792614] LOG:  skipping analyze of "pgbench_accounts_697" --- lock not available
2024-08-10 14:14:21.314 CEST [2792614] LOG:  skipping analyze of "pgbench_accounts_707" --- lock not available
2024-08-10 14:14:21.319 CEST [2792614] LOG:  skipping analyze of "pgbench_accounts_717" --- lock not available
2024-08-10 14:14:21.324 CEST [2792614] LOG:  skipping analyze of "pgbench_accounts_727" --- lock not available
2024-08-10 14:14:21.329 CEST [2792614] LOG:  skipping analyze of "pgbench_accounts_737" --- lock not available
2024-08-10 14:14:21.334 CEST [2792614] LOG:  skipping analyze of "pgbench_accounts_747" --- lock not available
2024-08-10 14:14:21.340 CEST [2792614] LOG:  skipping analyze of "pgbench_accounts_757" --- lock not available
2024-08-10 14:14:21.345 CEST [2792614] LOG:  skipping analyze of "pgbench_accounts_767" --- lock not available
2024-08-10 14:14:21.350 CEST [2792614] LOG:  skipping analyze of "pgbench_accounts_777" --- lock not available
2024-08-10 14:14:21.355 CEST [2792614] LOG:  skipping analyze of "pgbench_accounts_787" --- lock not available
2024-08-10 14:14:21.360 CEST [2792614] LOG:  skipping analyze of "pgbench_accounts_797" --- lock not available
2024-08-10 14:14:21.365 CEST [2792614] LOG:  skipping analyze of "pgbench_accounts_807" --- lock not available
2024-08-10 14:14:21.370 CEST [2792614] LOG:  skipping analyze of "pgbench_accounts_817" --- lock not available
2024-08-10 14:14:21.375 CEST [2792614] LOG:  skipping analyze of "pgbench_accounts_827" --- lock not available
2024-08-10 14:14:21.380 CEST [2792614] LOG:  skipping analyze of "pgbench_accounts_837" --- lock not available
2024-08-10 14:14:21.385 CEST [2792614] LOG:  skipping analyze of "pgbench_accounts_847" --- lock not available
2024-08-10 14:14:21.390 CEST [2792614] LOG:  skipping analyze of "pgbench_accounts_857" --- lock not available
2024-08-10 14:14:21.395 CEST [2792614] LOG:  skipping analyze of "pgbench_accounts_867" --- lock not available
2024-08-10 14:14:21.400 CEST [2792614] LOG:  skipping analyze of "pgbench_accounts_877" --- lock not available
2024-08-10 14:14:21.406 CEST [2792614] LOG:  skipping analyze of "pgbench_accounts_887" --- lock not available
2024-08-10 14:14:21.411 CEST [2792614] LOG:  skipping analyze of "pgbench_accounts_897" --- lock not available
2024-08-10 14:14:21.416 CEST [2792614] LOG:  skipping analyze of "pgbench_accounts_907" --- lock not available
2024-08-10 14:14:21.421 CEST [2792614] LOG:  skipping analyze of "pgbench_accounts_917" --- lock not available
2024-08-10 14:14:21.426 CEST [2792614] LOG:  skipping analyze of "pgbench_accounts_927" --- lock not available
2024-08-10 14:14:21.431 CEST [2792614] LOG:  skipping analyze of "pgbench_accounts_937" --- lock not available
2024-08-10 14:14:21.436 CEST [2792614] LOG:  skipping analyze of "pgbench_accounts_947" --- lock not available
2024-08-10 14:14:21.441 CEST [2792614] LOG:  skipping analyze of "pgbench_accounts_957" --- lock not available
2024-08-10 14:14:21.446 CEST [2792614] LOG:  skipping analyze of "pgbench_accounts_967" --- lock not available
2024-08-10 14:14:21.451 CEST [2792614] LOG:  skipping analyze of "pgbench_accounts_977" --- lock not available
2024-08-10 14:14:21.456 CEST [2792614] LOG:  skipping analyze of "pgbench_accounts_987" --- lock not available
2024-08-10 14:14:26.476 CEST [2792583] LOG:  checkpoint complete: wrote 264 buffers (0.1%); 0 WAL file(s) added, 0 removed, 33 recycled; write=6.956 s, sync=4.949 s, total=11.969 s; sync files=9601, longest=0.007 s, average=0.001 s; distance=526698 kB, estimate=526698 kB; lsn=6/A5552E48, redo lsn=6/9B014AF0
2024-08-10 14:14:26.477 CEST [2792583] LOG:  checkpoint starting: immediate force wait
2024-08-10 14:14:27.171 CEST [2792583] LOG:  checkpoint complete: wrote 22561 buffers (8.6%); 0 WAL file(s) added, 0 removed, 10 recycled; write=0.207 s, sync=0.440 s, total=0.695 s; sync files=3147, longest=0.004 s, average=0.001 s; distance=169208 kB, estimate=490949 kB; lsn=6/A5552F18, redo lsn=6/A5552EC0
2024-08-10 14:17:38.960 CEST [2792582] LOG:  received fast shutdown request
2024-08-10 14:17:38.961 CEST [2792582] LOG:  aborting any active transactions
2024-08-10 14:17:38.962 CEST [2792582] LOG:  background worker "logical replication launcher" (PID 2792588) exited with exit code 1
2024-08-10 14:17:38.963 CEST [2792583] LOG:  shutting down
2024-08-10 14:17:38.964 CEST [2792583] LOG:  checkpoint starting: shutdown immediate
2024-08-10 14:17:38.982 CEST [2792583] LOG:  checkpoint complete: wrote 312 buffers (0.1%); 0 WAL file(s) added, 0 removed, 0 recycled; write=0.007 s, sync=0.007 s, total=0.020 s; sync files=10, longest=0.002 s, average=0.001 s; distance=1283 kB, estimate=441983 kB; lsn=6/A5693BB8, redo lsn=6/A5693BB8
2024-08-10 14:17:39.174 CEST [2792582] LOG:  database system is shut down
