2024-08-13 02:20:45.275 BST [24650] LOG:  starting PostgreSQL 18devel on armv8l-unknown-linux-gnueabihf, compiled by gcc (Raspbian 12.2.0-14+rpi1) 12.2.0, 32-bit
2024-08-13 02:20:45.276 BST [24650] LOG:  listening on IPv6 address "::1", port 5432
2024-08-13 02:20:45.276 BST [24650] LOG:  listening on IPv4 address "127.0.0.1", port 5432
2024-08-13 02:20:45.611 BST [24650] LOG:  listening on Unix socket "/tmp/.s.PGSQL.5432"
2024-08-13 02:20:45.632 BST [24653] LOG:  database system was shut down at 2024-08-13 02:19:35 BST
2024-08-13 02:20:45.640 BST [24650] LOG:  database system is ready to accept connections
2024-08-13 02:20:50.259 BST [24727] LOG:  skipping vacuum of "t" --- lock not available
2024-08-13 02:20:54.547 BST [24794] LOG:  skipping vacuum of "t" --- lock not available
2024-08-13 02:21:02.070 BST [24651] LOG:  checkpoints are occurring too frequently (17 seconds apart)
2024-08-13 02:21:02.070 BST [24651] HINT:  Consider increasing the configuration parameter "max_wal_size".
2024-08-13 02:21:02.070 BST [24651] LOG:  checkpoint starting: wal
2024-08-13 02:21:24.200 BST [24651] LOG:  checkpoint complete: wrote 6824 buffers (10.4%); 0 WAL file(s) added, 4 removed, 29 recycled; write=19.053 s, sync=2.952 s, total=22.131 s; sync files=794, longest=0.051 s, average=0.004 s; distance=525715 kB, estimate=525715 kB; lsn=7/D38496F0, redo lsn=7/B115ACC0
2024-08-13 02:21:24.201 BST [24651] LOG:  checkpoints are occurring too frequently (22 seconds apart)
2024-08-13 02:21:24.201 BST [24651] HINT:  Consider increasing the configuration parameter "max_wal_size".
2024-08-13 02:21:24.201 BST [24651] LOG:  checkpoint starting: wal
2024-08-13 02:21:30.974 BST [24651] LOG:  checkpoint complete: wrote 55 buffers (0.1%); 0 WAL file(s) added, 0 removed, 34 recycled; write=5.401 s, sync=1.247 s, total=6.774 s; sync files=141, longest=0.089 s, average=0.009 s; distance=568126 kB, estimate=568126 kB; lsn=7/E0216B58, redo lsn=7/D3C2A830
2024-08-13 02:21:41.346 BST [24651] LOG:  checkpoints are occurring too frequently (17 seconds apart)
2024-08-13 02:21:41.346 BST [24651] HINT:  Consider increasing the configuration parameter "max_wal_size".
2024-08-13 02:21:41.346 BST [24651] LOG:  checkpoint starting: wal
2024-08-13 02:21:48.975 BST [24651] LOG:  checkpoint complete: wrote 51 buffers (0.1%); 0 WAL file(s) added, 0 removed, 33 recycled; write=5.047 s, sync=2.451 s, total=7.630 s; sync files=281, longest=0.076 s, average=0.009 s; distance=528409 kB, estimate=564155 kB; lsn=8/1BEDAB8, redo lsn=7/F4030D80
2024-08-13 02:21:54.548 BST [25696] LOG:  skipping vacuum of "t" --- lock not available
2024-08-13 02:21:55.727 BST [24651] LOG:  checkpoint starting: immediate force wait
2024-08-13 02:21:56.882 BST [24651] LOG:  checkpoint complete: wrote 184 buffers (0.3%); 0 WAL file(s) added, 0 removed, 25 recycled; write=0.008 s, sync=1.056 s, total=1.155 s; sync files=161, longest=0.012 s, average=0.007 s; distance=421895 kB, estimate=549929 kB; lsn=8/DC32C00, redo lsn=8/DC32BA8
2024-08-13 02:25:07.466 BST [24650] LOG:  received fast shutdown request
2024-08-13 02:25:07.467 BST [24650] LOG:  aborting any active transactions
2024-08-13 02:25:07.468 BST [24650] LOG:  background worker "logical replication launcher" (PID 24656) exited with exit code 1
2024-08-13 02:25:07.470 BST [24651] LOG:  shutting down
2024-08-13 02:25:07.471 BST [24651] LOG:  checkpoint starting: shutdown immediate
2024-08-13 02:25:07.493 BST [24651] LOG:  checkpoint complete: wrote 51 buffers (0.1%); 0 WAL file(s) added, 0 removed, 0 recycled; write=0.005 s, sync=0.012 s, total=0.024 s; sync files=10, longest=0.002 s, average=0.002 s; distance=196 kB, estimate=494955 kB; lsn=8/DC63C18, redo lsn=8/DC63C18
2024-08-13 02:25:07.537 BST [24650] LOG:  database system is shut down
