    PID TTY      STAT   TIME COMMAND
      1 ?        Ss     0:09 /sbin/init
      2 ?        S      0:00 [kthreadd]
      3 ?        S      0:00 [pool_workqueue_release]
      4 ?        I<     0:00 [kworker/R-rcu_g]
      5 ?        I<     0:00 [kworker/R-rcu_p]
      6 ?        I<     0:00 [kworker/R-slub_]
      7 ?        I<     0:00 [kworker/R-netns]
      9 ?        I<     0:00 [kworker/0:0H-events_highpri]
     12 ?        I<     0:00 [kworker/R-mm_pe]
     13 ?        I      0:00 [rcu_tasks_rude_kthread]
     14 ?        I      0:00 [rcu_tasks_trace_kthread]
     15 ?        S      0:50 [ksoftirqd/0]
     16 ?        I      1:51 [rcu_sched]
     17 ?        S      0:00 [migration/0]
     18 ?        S      0:00 [idle_inject/0]
     19 ?        S      0:00 [cpuhp/0]
     20 ?        S      0:00 [cpuhp/2]
     21 ?        S      0:00 [idle_inject/2]
     22 ?        S      0:02 [migration/2]
     23 ?        S      0:23 [ksoftirqd/2]
     25 ?        I<     0:00 [kworker/2:0H-events_highpri]
     26 ?        S      0:00 [cpuhp/4]
     27 ?        S      0:00 [idle_inject/4]
     28 ?        S      0:02 [migration/4]
     29 ?        S      0:15 [ksoftirqd/4]
     31 ?        I<     0:00 [kworker/4:0H-events_highpri]
     32 ?        S      0:00 [cpuhp/6]
     33 ?        S      0:00 [idle_inject/6]
     34 ?        S      0:02 [migration/6]
     35 ?        S      0:11 [ksoftirqd/6]
     37 ?        I<     0:00 [kworker/6:0H-events_highpri]
     38 ?        S      0:00 [cpuhp/8]
     39 ?        S      0:00 [idle_inject/8]
     40 ?        S      0:02 [migration/8]
     41 ?        S      0:10 [ksoftirqd/8]
     43 ?        I<     0:00 [kworker/8:0H-events_highpri]
     44 ?        S      0:00 [cpuhp/10]
     45 ?        S      0:00 [idle_inject/10]
     46 ?        S      0:02 [migration/10]
     47 ?        S      0:09 [ksoftirqd/10]
     49 ?        I<     0:00 [kworker/10:0H-events_highpri]
     50 ?        S      0:00 [cpuhp/12]
     51 ?        S      0:00 [idle_inject/12]
     52 ?        S      0:02 [migration/12]
     53 ?        S      0:09 [ksoftirqd/12]
     55 ?        I<     0:00 [kworker/12:0H-events_highpri]
     56 ?        S      0:00 [cpuhp/14]
     57 ?        S      0:00 [idle_inject/14]
     58 ?        S      0:02 [migration/14]
     59 ?        S      0:08 [ksoftirqd/14]
     61 ?        I<     0:00 [kworker/14:0H-events_highpri]
     62 ?        S      0:00 [cpuhp/16]
     63 ?        S      0:00 [idle_inject/16]
     64 ?        S      0:02 [migration/16]
     65 ?        S      0:08 [ksoftirqd/16]
     67 ?        I<     0:00 [kworker/16:0H-events_highpri]
     68 ?        S      0:00 [cpuhp/18]
     69 ?        S      0:00 [idle_inject/18]
     70 ?        S      0:02 [migration/18]
     71 ?        S      0:08 [ksoftirqd/18]
     73 ?        I<     0:00 [kworker/18:0H-events_highpri]
     74 ?        S      0:00 [cpuhp/20]
     75 ?        S      0:00 [idle_inject/20]
     76 ?        S      0:02 [migration/20]
     77 ?        S      0:08 [ksoftirqd/20]
     79 ?        I<     0:00 [kworker/20:0H-events_highpri]
     80 ?        S      0:00 [cpuhp/22]
     81 ?        S      0:00 [idle_inject/22]
     82 ?        S      0:02 [migration/22]
     83 ?        S      0:08 [ksoftirqd/22]
     85 ?        I<     0:00 [kworker/22:0H-events_highpri]
     86 ?        S      0:00 [cpuhp/24]
     87 ?        S      0:00 [idle_inject/24]
     88 ?        S      0:02 [migration/24]
     89 ?        S      0:08 [ksoftirqd/24]
     91 ?        I<     0:00 [kworker/24:0H-events_highpri]
     92 ?        S      0:00 [cpuhp/26]
     93 ?        S      0:00 [idle_inject/26]
     94 ?        S      0:02 [migration/26]
     95 ?        S      0:08 [ksoftirqd/26]
     97 ?        I<     0:00 [kworker/26:0H-events_highpri]
     98 ?        S      0:00 [cpuhp/28]
     99 ?        S      0:00 [idle_inject/28]
    100 ?        S      0:02 [migration/28]
    101 ?        S      0:08 [ksoftirqd/28]
    103 ?        I<     0:00 [kworker/28:0H-events_highpri]
    104 ?        S      0:00 [cpuhp/30]
    105 ?        S      0:00 [idle_inject/30]
    106 ?        S      0:02 [migration/30]
    107 ?        S      0:08 [ksoftirqd/30]
    109 ?        I<     0:00 [kworker/30:0H-events_highpri]
    110 ?        S      0:00 [cpuhp/32]
    111 ?        S      0:00 [idle_inject/32]
    112 ?        S      0:02 [migration/32]
    113 ?        S      0:08 [ksoftirqd/32]
    115 ?        I<     0:00 [kworker/32:0H-events_highpri]
    116 ?        S      0:00 [cpuhp/34]
    117 ?        S      0:00 [idle_inject/34]
    118 ?        S      0:02 [migration/34]
    119 ?        S      0:08 [ksoftirqd/34]
    121 ?        I<     0:00 [kworker/34:0H-events_highpri]
    122 ?        S      0:00 [cpuhp/36]
    123 ?        S      0:00 [idle_inject/36]
    124 ?        S      0:02 [migration/36]
    125 ?        S      0:08 [ksoftirqd/36]
    127 ?        I<     0:00 [kworker/36:0H-events_highpri]
    128 ?        S      0:00 [cpuhp/38]
    129 ?        S      0:00 [idle_inject/38]
    130 ?        S      0:02 [migration/38]
    131 ?        S      0:08 [ksoftirqd/38]
    133 ?        I<     0:00 [kworker/38:0H-events_highpri]
    134 ?        S      0:00 [cpuhp/40]
    135 ?        S      0:00 [idle_inject/40]
    136 ?        S      0:02 [migration/40]
    137 ?        S      0:08 [ksoftirqd/40]
    139 ?        I<     0:00 [kworker/40:0H-events_highpri]
    140 ?        S      0:00 [cpuhp/42]
    141 ?        S      0:00 [idle_inject/42]
    142 ?        S      0:02 [migration/42]
    143 ?        S      0:08 [ksoftirqd/42]
    145 ?        I<     0:00 [kworker/42:0H-events_highpri]
    146 ?        S      0:00 [cpuhp/44]
    147 ?        S      0:00 [idle_inject/44]
    148 ?        S      0:02 [migration/44]
    149 ?        S      0:08 [ksoftirqd/44]
    151 ?        I<     0:00 [kworker/44:0H-events_highpri]
    152 ?        S      0:00 [cpuhp/46]
    153 ?        S      0:00 [idle_inject/46]
    154 ?        S      0:02 [migration/46]
    155 ?        S      0:08 [ksoftirqd/46]
    157 ?        I<     0:00 [kworker/46:0H-events_highpri]
    158 ?        S      0:00 [cpuhp/48]
    159 ?        S      0:00 [idle_inject/48]
    160 ?        S      0:02 [migration/48]
    161 ?        S      0:08 [ksoftirqd/48]
    163 ?        I<     0:00 [kworker/48:0H-events_highpri]
    164 ?        S      0:00 [cpuhp/50]
    165 ?        S      0:00 [idle_inject/50]
    166 ?        S      0:02 [migration/50]
    167 ?        S      0:09 [ksoftirqd/50]
    169 ?        I<     0:00 [kworker/50:0H-events_highpri]
    170 ?        S      0:00 [cpuhp/52]
    171 ?        S      0:00 [idle_inject/52]
    172 ?        S      0:02 [migration/52]
    173 ?        S      0:08 [ksoftirqd/52]
    175 ?        I<     0:00 [kworker/52:0H-kblockd]
    176 ?        S      0:00 [cpuhp/54]
    177 ?        S      0:00 [idle_inject/54]
    178 ?        S      0:02 [migration/54]
    179 ?        S      0:08 [ksoftirqd/54]
    181 ?        I<     0:00 [kworker/54:0H-events_highpri]
    182 ?        S      0:00 [cpuhp/56]
    183 ?        S      0:00 [idle_inject/56]
    184 ?        S      0:02 [migration/56]
    185 ?        S      0:09 [ksoftirqd/56]
    187 ?        I<     0:00 [kworker/56:0H-events_highpri]
    188 ?        S      0:00 [cpuhp/58]
    189 ?        S      0:00 [idle_inject/58]
    190 ?        S      0:02 [migration/58]
    191 ?        S      0:08 [ksoftirqd/58]
    193 ?        I<     0:00 [kworker/58:0H-events_highpri]
    194 ?        S      0:00 [cpuhp/60]
    195 ?        S      0:00 [idle_inject/60]
    196 ?        S      0:02 [migration/60]
    197 ?        S      0:08 [ksoftirqd/60]
    199 ?        I<     0:00 [kworker/60:0H-events_highpri]
    200 ?        S      0:00 [cpuhp/62]
    201 ?        S      0:00 [idle_inject/62]
    202 ?        S      0:02 [migration/62]
    203 ?        S      0:09 [ksoftirqd/62]
    205 ?        I<     0:00 [kworker/62:0H-events_highpri]
    206 ?        S      0:00 [cpuhp/64]
    207 ?        S      0:00 [idle_inject/64]
    208 ?        S      0:02 [migration/64]
    209 ?        S      0:09 [ksoftirqd/64]
    211 ?        I<     0:00 [kworker/64:0H-events_highpri]
    212 ?        S      0:00 [cpuhp/66]
    213 ?        S      0:00 [idle_inject/66]
    214 ?        S      0:02 [migration/66]
    215 ?        S      0:09 [ksoftirqd/66]
    217 ?        I<     0:00 [kworker/66:0H-events_highpri]
    218 ?        S      0:00 [cpuhp/68]
    219 ?        S      0:00 [idle_inject/68]
    220 ?        S      0:02 [migration/68]
    221 ?        S      0:09 [ksoftirqd/68]
    223 ?        I<     0:00 [kworker/68:0H-events_highpri]
    224 ?        S      0:00 [cpuhp/70]
    225 ?        S      0:00 [idle_inject/70]
    226 ?        S      0:02 [migration/70]
    227 ?        S      0:08 [ksoftirqd/70]
    229 ?        I<     0:00 [kworker/70:0H-events_highpri]
    230 ?        S      0:00 [cpuhp/72]
    231 ?        S      0:00 [idle_inject/72]
    232 ?        S      0:02 [migration/72]
    233 ?        S      0:09 [ksoftirqd/72]
    235 ?        I<     0:00 [kworker/72:0H-events_highpri]
    236 ?        S      0:00 [cpuhp/74]
    237 ?        S      0:00 [idle_inject/74]
    238 ?        S      0:02 [migration/74]
    239 ?        S      0:08 [ksoftirqd/74]
    241 ?        I<     0:00 [kworker/74:0H-events_highpri]
    242 ?        S      0:00 [cpuhp/76]
    243 ?        S      0:00 [idle_inject/76]
    244 ?        S      0:02 [migration/76]
    245 ?        S      0:08 [ksoftirqd/76]
    247 ?        I<     0:00 [kworker/76:0H-events_highpri]
    248 ?        S      0:00 [cpuhp/78]
    249 ?        S      0:00 [idle_inject/78]
    250 ?        S      0:02 [migration/78]
    251 ?        S      0:08 [ksoftirqd/78]
    253 ?        I<     0:00 [kworker/78:0H-events_highpri]
    254 ?        S      0:00 [cpuhp/80]
    255 ?        S      0:00 [idle_inject/80]
    256 ?        S      0:02 [migration/80]
    257 ?        S      0:08 [ksoftirqd/80]
    259 ?        I<     0:00 [kworker/80:0H-events_highpri]
    260 ?        S      0:00 [cpuhp/82]
    261 ?        S      0:00 [idle_inject/82]
    262 ?        S      0:02 [migration/82]
    263 ?        S      0:08 [ksoftirqd/82]
    265 ?        I<     0:00 [kworker/82:0H-events_highpri]
    266 ?        S      0:00 [cpuhp/84]
    267 ?        S      0:00 [idle_inject/84]
    268 ?        S      0:02 [migration/84]
    269 ?        S      0:08 [ksoftirqd/84]
    271 ?        I<     0:00 [kworker/84:0H-events_highpri]
    272 ?        S      0:00 [cpuhp/86]
    273 ?        S      0:00 [idle_inject/86]
    274 ?        S      0:02 [migration/86]
    275 ?        S      0:08 [ksoftirqd/86]
    277 ?        I<     0:00 [kworker/86:0H-events_highpri]
    278 ?        S      0:00 [cpuhp/88]
    279 ?        S      0:00 [idle_inject/88]
    280 ?        S      0:02 [migration/88]
    281 ?        S      0:09 [ksoftirqd/88]
    283 ?        I<     0:00 [kworker/88:0H-events_highpri]
    284 ?        S      0:00 [cpuhp/90]
    285 ?        S      0:00 [idle_inject/90]
    286 ?        S      0:02 [migration/90]
    287 ?        S      0:08 [ksoftirqd/90]
    289 ?        I<     0:00 [kworker/90:0H-events_highpri]
    290 ?        S      0:00 [cpuhp/92]
    291 ?        S      0:00 [idle_inject/92]
    292 ?        S      0:02 [migration/92]
    293 ?        S      0:08 [ksoftirqd/92]
    295 ?        I<     0:00 [kworker/92:0H-events_highpri]
    296 ?        S      0:00 [cpuhp/94]
    297 ?        S      0:00 [idle_inject/94]
    298 ?        S      0:02 [migration/94]
    299 ?        S      0:08 [ksoftirqd/94]
    301 ?        I<     0:00 [kworker/94:0H-events_highpri]
    302 ?        S      0:00 [cpuhp/1]
    303 ?        S      0:00 [idle_inject/1]
    304 ?        S      0:02 [migration/1]
    305 ?        S      0:27 [ksoftirqd/1]
    307 ?        I<     0:00 [kworker/1:0H-events_highpri]
    308 ?        S      0:00 [cpuhp/3]
    309 ?        S      0:00 [idle_inject/3]
    310 ?        S      0:02 [migration/3]
    311 ?        S      0:16 [ksoftirqd/3]
    313 ?        I<     0:00 [kworker/3:0H-events_highpri]
    314 ?        S      0:00 [cpuhp/5]
    315 ?        S      0:00 [idle_inject/5]
    316 ?        S      0:02 [migration/5]
    317 ?        S      0:11 [ksoftirqd/5]
    319 ?        I<     0:00 [kworker/5:0H-events_highpri]
    320 ?        S      0:00 [cpuhp/7]
    321 ?        S      0:00 [idle_inject/7]
    322 ?        S      0:02 [migration/7]
    323 ?        S      0:09 [ksoftirqd/7]
    325 ?        I<     0:00 [kworker/7:0H-events_highpri]
    326 ?        S      0:00 [cpuhp/9]
    327 ?        S      0:00 [idle_inject/9]
    328 ?        S      0:02 [migration/9]
    329 ?        S      0:09 [ksoftirqd/9]
    331 ?        I<     0:00 [kworker/9:0H-events_highpri]
    332 ?        S      0:00 [cpuhp/11]
    333 ?        S      0:00 [idle_inject/11]
    334 ?        S      0:02 [migration/11]
    335 ?        S      0:08 [ksoftirqd/11]
    337 ?        I<     0:00 [kworker/11:0H-events_highpri]
    338 ?        S      0:00 [cpuhp/13]
    339 ?        S      0:00 [idle_inject/13]
    340 ?        S      0:02 [migration/13]
    341 ?        S      0:08 [ksoftirqd/13]
    343 ?        I<     0:00 [kworker/13:0H-events_highpri]
    344 ?        S      0:00 [cpuhp/15]
    345 ?        S      0:00 [idle_inject/15]
    346 ?        S      0:02 [migration/15]
    347 ?        S      0:08 [ksoftirqd/15]
    348 ?        I      0:00 [kworker/15:0-mm_percpu_wq]
    349 ?        I<     0:00 [kworker/15:0H-events_highpri]
    350 ?        S      0:00 [cpuhp/17]
    351 ?        S      0:00 [idle_inject/17]
    352 ?        S      0:02 [migration/17]
    353 ?        S      0:07 [ksoftirqd/17]
    355 ?        I<     0:00 [kworker/17:0H-events_highpri]
    356 ?        S      0:00 [cpuhp/19]
    357 ?        S      0:00 [idle_inject/19]
    358 ?        S      0:02 [migration/19]
    359 ?        S      0:08 [ksoftirqd/19]
    361 ?        I<     0:00 [kworker/19:0H-events_highpri]
    362 ?        S      0:00 [cpuhp/21]
    363 ?        S      0:00 [idle_inject/21]
    364 ?        S      0:02 [migration/21]
    365 ?        S      0:07 [ksoftirqd/21]
    367 ?        I<     0:00 [kworker/21:0H-events_highpri]
    368 ?        S      0:00 [cpuhp/23]
    369 ?        S      0:00 [idle_inject/23]
    370 ?        S      0:01 [migration/23]
    371 ?        S      0:07 [ksoftirqd/23]
    373 ?        I<     0:00 [kworker/23:0H-events_highpri]
    374 ?        S      0:00 [cpuhp/25]
    375 ?        S      0:00 [idle_inject/25]
    376 ?        S      0:02 [migration/25]
    377 ?        S      0:07 [ksoftirqd/25]
    379 ?        I<     0:00 [kworker/25:0H-events_highpri]
    380 ?        S      0:00 [cpuhp/27]
    381 ?        S      0:00 [idle_inject/27]
    382 ?        S      0:02 [migration/27]
    383 ?        S      0:08 [ksoftirqd/27]
    385 ?        I<     0:00 [kworker/27:0H-events_highpri]
    386 ?        S      0:00 [cpuhp/29]
    387 ?        S      0:00 [idle_inject/29]
    388 ?        S      0:02 [migration/29]
    389 ?        S      0:07 [ksoftirqd/29]
    391 ?        I<     0:00 [kworker/29:0H-kblockd]
    392 ?        S      0:00 [cpuhp/31]
    393 ?        S      0:00 [idle_inject/31]
    394 ?        S      0:02 [migration/31]
    395 ?        S      0:08 [ksoftirqd/31]
    397 ?        I<     0:00 [kworker/31:0H-events_highpri]
    398 ?        S      0:00 [cpuhp/33]
    399 ?        S      0:00 [idle_inject/33]
    400 ?        S      0:02 [migration/33]
    401 ?        S      0:08 [ksoftirqd/33]
    403 ?        I<     0:00 [kworker/33:0H-events_highpri]
    404 ?        S      0:00 [cpuhp/35]
    405 ?        S      0:00 [idle_inject/35]
    406 ?        S      0:02 [migration/35]
    407 ?        S      0:08 [ksoftirqd/35]
    409 ?        I<     0:00 [kworker/35:0H-events_highpri]
    410 ?        S      0:00 [cpuhp/37]
    411 ?        S      0:00 [idle_inject/37]
    412 ?        S      0:02 [migration/37]
    413 ?        S      0:08 [ksoftirqd/37]
    415 ?        I<     0:00 [kworker/37:0H-events_highpri]
    416 ?        S      0:00 [cpuhp/39]
    417 ?        S      0:00 [idle_inject/39]
    418 ?        S      0:02 [migration/39]
    419 ?        S      0:08 [ksoftirqd/39]
    421 ?        I<     0:00 [kworker/39:0H-events_highpri]
    422 ?        S      0:00 [cpuhp/41]
    423 ?        S      0:00 [idle_inject/41]
    424 ?        S      0:02 [migration/41]
    425 ?        S      0:08 [ksoftirqd/41]
    427 ?        I<     0:00 [kworker/41:0H-events_highpri]
    428 ?        S      0:00 [cpuhp/43]
    429 ?        S      0:00 [idle_inject/43]
    430 ?        S      0:02 [migration/43]
    431 ?        S      0:07 [ksoftirqd/43]
    433 ?        I<     0:00 [kworker/43:0H-events_highpri]
    434 ?        S      0:00 [cpuhp/45]
    435 ?        S      0:00 [idle_inject/45]
    436 ?        S      0:01 [migration/45]
    437 ?        S      0:08 [ksoftirqd/45]
    439 ?        I<     0:00 [kworker/45:0H-events_highpri]
    440 ?        S      0:00 [cpuhp/47]
    441 ?        S      0:00 [idle_inject/47]
    442 ?        S      0:01 [migration/47]
    443 ?        S      0:07 [ksoftirqd/47]
    445 ?        I<     0:00 [kworker/47:0H-events_highpri]
    446 ?        S      0:00 [cpuhp/49]
    447 ?        S      0:00 [idle_inject/49]
    448 ?        S      0:02 [migration/49]
    449 ?        S      0:08 [ksoftirqd/49]
    451 ?        I<     0:00 [kworker/49:0H-events_highpri]
    452 ?        S      0:00 [cpuhp/51]
    453 ?        S      0:00 [idle_inject/51]
    454 ?        S      0:02 [migration/51]
    455 ?        S      0:08 [ksoftirqd/51]
    457 ?        I<     0:00 [kworker/51:0H-events_highpri]
    458 ?        S      0:00 [cpuhp/53]
    459 ?        S      0:00 [idle_inject/53]
    460 ?        S      0:02 [migration/53]
    461 ?        S      0:08 [ksoftirqd/53]
    463 ?        I<     0:00 [kworker/53:0H-events_highpri]
    464 ?        S      0:00 [cpuhp/55]
    465 ?        S      0:00 [idle_inject/55]
    466 ?        S      0:02 [migration/55]
    467 ?        S      0:08 [ksoftirqd/55]
    469 ?        I<     0:00 [kworker/55:0H-events_highpri]
    470 ?        S      0:00 [cpuhp/57]
    471 ?        S      0:00 [idle_inject/57]
    472 ?        S      0:02 [migration/57]
    473 ?        S      0:08 [ksoftirqd/57]
    475 ?        I<     0:00 [kworker/57:0H-events_highpri]
    476 ?        S      0:00 [cpuhp/59]
    477 ?        S      0:00 [idle_inject/59]
    478 ?        S      0:02 [migration/59]
    479 ?        S      0:08 [ksoftirqd/59]
    481 ?        I<     0:00 [kworker/59:0H-events_highpri]
    482 ?        S      0:00 [cpuhp/61]
    483 ?        S      0:00 [idle_inject/61]
    484 ?        S      0:02 [migration/61]
    485 ?        S      0:07 [ksoftirqd/61]
    487 ?        I<     0:00 [kworker/61:0H-events_highpri]
    488 ?        S      0:00 [cpuhp/63]
    489 ?        S      0:00 [idle_inject/63]
    490 ?        S      0:02 [migration/63]
    491 ?        S      0:08 [ksoftirqd/63]
    493 ?        I<     0:00 [kworker/63:0H-events_highpri]
    494 ?        S      0:00 [cpuhp/65]
    495 ?        S      0:00 [idle_inject/65]
    496 ?        S      0:02 [migration/65]
    497 ?        S      0:08 [ksoftirqd/65]
    499 ?        I<     0:00 [kworker/65:0H-events_highpri]
    500 ?        S      0:00 [cpuhp/67]
    501 ?        S      0:00 [idle_inject/67]
    502 ?        S      0:02 [migration/67]
    503 ?        S      0:08 [ksoftirqd/67]
    505 ?        I<     0:00 [kworker/67:0H-events_highpri]
    506 ?        S      0:00 [cpuhp/69]
    507 ?        S      0:00 [idle_inject/69]
    508 ?        S      0:02 [migration/69]
    509 ?        S      0:07 [ksoftirqd/69]
    511 ?        I<     0:00 [kworker/69:0H-events_highpri]
    512 ?        S      0:00 [cpuhp/71]
    513 ?        S      0:00 [idle_inject/71]
    514 ?        S      0:02 [migration/71]
    515 ?        S      0:07 [ksoftirqd/71]
    517 ?        I<     0:00 [kworker/71:0H-events_highpri]
    518 ?        S      0:00 [cpuhp/73]
    519 ?        S      0:00 [idle_inject/73]
    520 ?        S      0:02 [migration/73]
    521 ?        S      0:08 [ksoftirqd/73]
    523 ?        I<     0:00 [kworker/73:0H-events_highpri]
    524 ?        S      0:00 [cpuhp/75]
    525 ?        S      0:00 [idle_inject/75]
    526 ?        S      0:02 [migration/75]
    527 ?        S      0:08 [ksoftirqd/75]
    529 ?        I<     0:00 [kworker/75:0H-events_highpri]
    530 ?        S      0:00 [cpuhp/77]
    531 ?        S      0:00 [idle_inject/77]
    532 ?        S      0:02 [migration/77]
    533 ?        S      0:08 [ksoftirqd/77]
    535 ?        I<     0:00 [kworker/77:0H-events_highpri]
    536 ?        S      0:00 [cpuhp/79]
    537 ?        S      0:00 [idle_inject/79]
    538 ?        S      0:02 [migration/79]
    539 ?        S      0:08 [ksoftirqd/79]
    541 ?        I<     0:00 [kworker/79:0H-events_highpri]
    542 ?        S      0:00 [cpuhp/81]
    543 ?        S      0:00 [idle_inject/81]
    544 ?        S      0:02 [migration/81]
    545 ?        S      0:07 [ksoftirqd/81]
    547 ?        I<     0:00 [kworker/81:0H-kblockd]
    548 ?        S      0:00 [cpuhp/83]
    549 ?        S      0:00 [idle_inject/83]
    550 ?        S      0:02 [migration/83]
    551 ?        S      0:07 [ksoftirqd/83]
    553 ?        I<     0:00 [kworker/83:0H-events_highpri]
    554 ?        S      0:00 [cpuhp/85]
    555 ?        S      0:00 [idle_inject/85]
    556 ?        S      0:02 [migration/85]
    557 ?        S      0:08 [ksoftirqd/85]
    559 ?        I<     0:00 [kworker/85:0H-events_highpri]
    560 ?        S      0:00 [cpuhp/87]
    561 ?        S      0:00 [idle_inject/87]
    562 ?        S      0:02 [migration/87]
    563 ?        S      0:07 [ksoftirqd/87]
    565 ?        I<     0:00 [kworker/87:0H-events_highpri]
    566 ?        S      0:00 [cpuhp/89]
    567 ?        S      0:00 [idle_inject/89]
    568 ?        S      0:02 [migration/89]
    569 ?        S      0:08 [ksoftirqd/89]
    571 ?        I<     0:00 [kworker/89:0H-events_highpri]
    572 ?        S      0:00 [cpuhp/91]
    573 ?        S      0:00 [idle_inject/91]
    574 ?        S      0:02 [migration/91]
    575 ?        S      0:08 [ksoftirqd/91]
    577 ?        I<     0:00 [kworker/91:0H-events_highpri]
    578 ?        S      0:00 [cpuhp/93]
    579 ?        S      0:00 [idle_inject/93]
    580 ?        S      0:02 [migration/93]
    581 ?        S      0:07 [ksoftirqd/93]
    583 ?        I<     0:00 [kworker/93:0H-events_highpri]
    584 ?        S      0:00 [cpuhp/95]
    585 ?        S      0:00 [idle_inject/95]
    586 ?        S      0:02 [migration/95]
    587 ?        S      0:07 [ksoftirqd/95]
    589 ?        I<     0:00 [kworker/95:0H-events_highpri]
    596 ?        S      0:00 [kdevtmpfs]
    597 ?        I<     0:00 [kworker/R-inet_]
    599 ?        S      0:00 [kauditd]
    601 ?        S      0:00 [khungtaskd]
    602 ?        S      0:00 [oom_reaper]
    604 ?        I<     0:00 [kworker/R-write]
    605 ?        S      0:03 [kcompactd0]
    606 ?        S      0:03 [kcompactd1]
    607 ?        SN     0:00 [ksmd]
    608 ?        SN     0:24 [khugepaged]
    609 ?        I<     0:00 [kworker/R-kinte]
    610 ?        I<     0:00 [kworker/R-kbloc]
    611 ?        I<     0:00 [kworker/R-blkcg]
    612 ?        S      0:00 [irq/9-acpi]
    708 ?        I<     0:00 [kworker/R-tpm_d]
    709 ?        I<     0:00 [kworker/R-ata_s]
    710 ?        I<     0:00 [kworker/R-md]
    711 ?        I<     0:00 [kworker/R-md_bi]
    712 ?        I<     0:00 [kworker/R-edac-]
    714 ?        I<     0:00 [kworker/R-hv_vm]
    715 ?        I<     0:00 [kworker/R-hv_vm]
    716 ?        I<     0:00 [kworker/R-hv_pr]
    717 ?        I<     0:00 [kworker/R-hv_su]
    718 ?        I<     0:00 [kworker/R-devfr]
    719 ?        S      0:00 [watchdogd]
    720 ?        I<     0:00 [kworker/0:1H-kblockd]
    721 ?        S      0:00 [kswapd0]
    722 ?        S      0:00 [kswapd1]
    723 ?        S      0:00 [ecryptfs-kthread]
    724 ?        I<     0:00 [kworker/R-kthro]
    725 ?        I<     0:00 [kworker/R-nfit]
    726 ?        S      0:00 [scsi_eh_0]
    727 ?        S      0:00 [scsi_eh_1]
    728 ?        I<     0:00 [kworker/R-nvme-]
    729 ?        I<     0:00 [kworker/R-scsi_]
    730 ?        I<     0:00 [kworker/R-scsi_]
    731 ?        I<     0:00 [kworker/R-nvme-]
    732 ?        I<     0:00 [kworker/R-nvme-]
    733 ?        I<     0:00 [kworker/R-nvme-]
    739 ?        I<     0:00 [kworker/R-mld]
    740 ?        I<     0:00 [kworker/10:1H-kblockd]
    741 ?        I<     0:00 [kworker/R-ipv6_]
    748 ?        S      0:04 [hv_balloon]
    749 ?        I<     0:00 [kworker/R-kstrp]
    751 ?        I<     0:00 [kworker/u199:0]
    752 ?        I<     0:00 [kworker/u200:0]
    753 ?        I<     0:00 [kworker/u201:0]
    754 ?        I<     0:00 [kworker/u202:0]
    755 ?        I<     0:00 [kworker/u203:0]
    756 ?        I<     0:00 [kworker/u204:0]
    757 ?        I<     0:00 [kworker/u205:0]
    773 ?        S      0:01 [jbd2/sda1-8]
    774 ?        I<     0:00 [kworker/R-ext4-]
    776 ?        I<     0:00 [kworker/32:1H-kblockd]
    777 ?        I<     0:00 [kworker/34:1H-kblockd]
    780 ?        I<     0:00 [kworker/18:1H-kblockd]
    798 ?        I<     0:00 [kworker/81:1H-kblockd]
    806 ?        I<     0:00 [kworker/60:1H-kblockd]
    807 ?        I<     0:00 [kworker/39:1H-kblockd]
    809 ?        I<     0:00 [kworker/63:1H-kblockd]
    812 ?        I<     0:00 [kworker/4:1H-kblockd]
    814 ?        I<     0:00 [kworker/42:1H-kblockd]
    820 ?        I<     0:00 [kworker/35:1H-kblockd]
    821 ?        I<     0:00 [kworker/16:1H-kblockd]
    823 ?        I<     0:00 [kworker/17:1H-kblockd]
    825 ?        I<     0:00 [kworker/40:1H-kblockd]
    827 ?        I<     0:00 [kworker/6:1H-kblockd]
    830 ?        S<s    0:03 /usr/lib/systemd/systemd-journald
    831 ?        I<     0:00 [kworker/19:1H-kblockd]
    833 ?        I<     0:00 [kworker/77:1H-kblockd]
    841 ?        I<     0:00 [kworker/43:1H-kblockd]
    843 ?        I<     0:00 [kworker/50:1H-kblockd]
    845 ?        I<     0:00 [kworker/8:1H-kblockd]
    846 ?        I<     0:00 [kworker/79:1H-kblockd]
    847 ?        I<     0:00 [kworker/2:1H-kblockd]
    852 ?        I<     0:00 [kworker/78:1H-kblockd]
    854 ?        I<     0:00 [kworker/95:1H-kblockd]
    856 ?        I<     0:00 [kworker/64:1H-kblockd]
    859 ?        I<     0:00 [kworker/65:1H-kblockd]
    862 ?        I<     0:00 [kworker/52:1H]
    863 ?        I<     0:00 [kworker/20:1H-kblockd]
    864 ?        I<     0:00 [kworker/80:1H-kblockd]
    867 ?        I<     0:00 [kworker/47:1H-kblockd]
    868 ?        I<     0:00 [kworker/R-kmpat]
    869 ?        I<     0:00 [kworker/R-kmpat]
    897 ?        I<     0:00 [kworker/1:1H-kblockd]
    900 ?        I<     0:00 [kworker/82:1H-kblockd]
    907 ?        I<     0:00 [kworker/66:1H-kblockd]
    909 ?        I<     0:00 [kworker/22:1H-kblockd]
    921 ?        SLsl   0:11 /sbin/multipathd -d -s
    925 ?        I<     0:00 [kworker/68:1H-kblockd]
    932 ?        Ss     0:00 /usr/lib/systemd/systemd-udevd
    958 ?        S      0:00 [psimon]
    963 ?        I<     0:00 [kworker/70:1H-kblockd]
    965 ?        I<     0:00 [kworker/84:1H-kblockd]
    967 ?        I      0:00 [kworker/80:3]
    968 ?        I<     0:00 [kworker/36:1H-kblockd]
    971 ?        I<     0:00 [kworker/86:1H-kblockd]
    974 ?        I<     0:00 [kworker/38:1H-kblockd]
    977 ?        I<     0:00 [kworker/58:1H-kblockd]
    982 ?        I<     0:00 [kworker/54:1H-kblockd]
    984 ?        I<     0:00 [kworker/88:1H-kblockd]
    987 ?        I<     0:00 [kworker/24:1H-kblockd]
    991 ?        I<     0:00 [kworker/90:1H-kblockd]
    993 ?        I<     0:00 [kworker/92:1H-kblockd]
    996 ?        I<     0:00 [kworker/12:1H-kblockd]
   1007 ?        I<     0:00 [kworker/94:1H-kblockd]
   1009 ?        I<     0:00 [kworker/28:1H-kblockd]
   1044 ?        I<     0:00 [kworker/14:1H-kblockd]
   1045 ?        I<     0:00 [kworker/85:1H-kblockd]
   1046 ?        I<     0:00 [kworker/91:1H-kblockd]
   1047 ?        I<     0:00 [kworker/93:1H-kblockd]
   1048 ?        I<     0:00 [kworker/83:1H-kblockd]
   1049 ?        I<     0:00 [kworker/87:1H-kblockd]
   1050 ?        I<     0:00 [kworker/46:1H-kblockd]
   1051 ?        I<     0:00 [kworker/44:1H-kblockd]
   1052 ?        I<     0:00 [kworker/72:1H-kblockd]
   1053 ?        I<     0:00 [kworker/37:1H-kblockd]
   1054 ?        I<     0:00 [kworker/89:1H-kblockd]
   1055 ?        I<     0:00 [kworker/41:1H-kblockd]
   1056 ?        I<     0:00 [kworker/57:1H-kblockd]
   1057 ?        I<     0:00 [kworker/26:1H-kblockd]
   1058 ?        I<     0:00 [kworker/30:1H-kblockd]
   1059 ?        I<     0:00 [kworker/45:1H-kblockd]
   1064 ?        I<     0:00 [kworker/76:1H-kblockd]
   1065 ?        I<     0:00 [kworker/62:1H-kblockd]
   1066 ?        I<     0:00 [kworker/74:1H-kblockd]
   1090 ?        I      0:00 [kworker/u196:1-events_freezable_power_]
   1098 ?        I<     0:00 [kworker/9:1H-kblockd]
   1101 ?        I<     0:00 [kworker/15:1H-kblockd]
   1102 ?        I<     0:00 [kworker/33:1H-kblockd]
   1109 ?        I<     0:00 [kworker/13:1H-kblockd]
   1116 ?        I<     0:00 [kworker/7:1H-kblockd]
   1118 ?        I<     0:00 [kworker/11:1H-kblockd]
   1123 ?        I<     0:00 [kworker/5:1H-kblockd]
   1194 ?        I<     0:00 [kworker/3:1H-kblockd]
   1236 ?        I<     0:00 [kworker/R-crypt]
   1238 ?        I<     0:00 [kworker/23:1H-kblockd]
   1240 ?        I<     0:00 [kworker/31:1H-kblockd]
   1241 ?        I<     0:00 [kworker/75:1H-kblockd]
   1242 ?        I<     0:00 [kworker/69:1H-kblockd]
   1244 ?        I<     0:00 [kworker/73:1H-kblockd]
   1245 ?        I<     0:00 [kworker/48:1H-kblockd]
   1246 ?        I<     0:00 [kworker/67:1H-kblockd]
   1247 ?        I<     0:00 [kworker/25:1H-kblockd]
   1248 ?        I<     0:00 [kworker/71:1H-kblockd]
   1250 ?        I<     0:00 [kworker/53:1H-kblockd]
   1251 ?        I<     0:00 [kworker/21:1H-kblockd]
   1252 ?        I<     0:00 [kworker/29:1H]
   1253 ?        I<     0:00 [kworker/59:1H-kblockd]
   1255 ?        I<     0:00 [kworker/55:1H-kblockd]
   1256 ?        I<     0:00 [kworker/61:1H-kblockd]
   1257 ?        I<     0:00 [kworker/51:1H-kblockd]
   1258 ?        I<     0:00 [kworker/27:1H-kblockd]
   1259 ?        I<     0:00 [kworker/49:1H-kblockd]
   1270 ?        I<     0:00 [kworker/56:1H-kblockd]
   1413 ?        I<     0:00 [kworker/R-tls-s]
   1428 ?        I<     0:00 [kworker/R-mlx5_]
   1429 ?        I<     0:00 [kworker/R-mlx5_]
   1430 ?        I<     0:00 [kworker/R-mlx5_]
   1431 ?        I<     0:00 [kworker/R-mlx5_]
   1432 ?        I<     0:00 [kworker/R-mlx5_]
   1433 ?        I<     0:00 [kworker/R-mlx5_]
   1435 ?        I<     0:00 [kworker/R-mlx5e]
   1436 ?        I<     0:00 [kworker/R-mlx5e]
   1438 ?        I<     0:00 [kworker/R-ib-co]
   1439 ?        I<     0:00 [kworker/R-ib-co]
   1440 ?        I<     0:00 [kworker/R-ib_mc]
   1441 ?        I<     0:00 [kworker/R-ib_nl]
   1448 ?        Ss     2:34 /usr/lib/linux-tools/6.8.0-1013-azure/hv_kvp_daemon -n
   1456 ?        I<     0:00 [kworker/R-mkey_]
   1474 ?        S      0:00 [jbd2/sda16-8]
   1475 ?        I<     0:00 [kworker/R-ext4-]
   1647 ?        Ss     0:00 /usr/lib/systemd/systemd-resolved
   1696 ?        Ss     0:00 /usr/lib/systemd/systemd-networkd
   1743 ?        Ss     0:04 @dbus-daemon --system --address=systemd: --nofork --nopidfile --systemd-activation --syslog-only
   1748 ?        Ss     0:00 /usr/bin/python3 /usr/bin/networkd-dispatcher --run-startup-triggers
   1751 ?        Ssl    0:01 /usr/lib/polkit-1/polkitd --no-debug
   1758 ?        Ss     0:02 /usr/lib/systemd/systemd-logind
   1771 ?        Ssl    0:01 /usr/libexec/udisks2/udisksd
   1773 ?        Ss     0:00 /usr/bin/python3 -u /usr/sbin/waagent -daemon
   1839 ?        Ssl    0:00 /usr/sbin/rsyslogd -n -iNONE
   1858 ?        Ss     0:00 /usr/sbin/cron -f -P
   1869 ?        Ssl    0:00 /usr/bin/python3 /usr/share/unattended-upgrades/unattended-upgrade-shutdown --wait-for-signal
   1871 ?        S      0:47 /usr/sbin/chronyd -F 1
   1874 ?        S      0:00 /usr/sbin/chronyd -F 1
   1876 ?        S      0:00 [jbd2/sdb1-8]
   1881 ?        I<     0:00 [kworker/R-ext4-]
   1910 ?        I<     0:00 [kworker/R-wg-cr]
   1940 ?        Ssl    0:00 /usr/sbin/ModemManager
   1999 ttyS0    Ss+    0:00 /sbin/agetty -o -p -- \u --keep-baud 115200,57600,38400,9600 - vt220
   2003 tty1     Ss+    0:00 /sbin/agetty -o -p -- \u --noclear - linux
   2012 ?        Sl     2:25 /usr/bin/python3 -u bin/WALinuxAgent-2.11.1.4-py3.9.egg -run-exthandlers
   2150 ?        Ss     0:00 sshd: /usr/sbin/sshd -D [listener] 0 of 10-100 startups
   2488 ?        S      0:09 [jbd2/sdc1-8]
   2489 ?        I<     0:00 [kworker/R-ext4-]
   2516 ?        S      0:00 [psimon]
   2518 ?        Ss     0:00 /usr/lib/systemd/systemd --user
   2520 ?        S      0:00 (sd-pam)
   4375 ?        I      0:00 [kworker/82:0]
  29990 ?        I      0:00 [kworker/7:2]
  31541 ?        Ss     0:00 SCREEN
  31542 pts/1    Ss     0:00 /bin/bash
  33931 ?        I      0:00 [kworker/76:1-rcu_par_gp]
  44547 ?        I      0:00 [kworker/u198:2-writeback]
  49007 ?        I      0:00 [kworker/12:0]
  49304 ?        I      0:00 [kworker/u195:2-events_power_efficient]
  59418 ?        I      0:00 [kworker/8:3-cgroup_destroy]
  71462 ?        I      0:00 [kworker/u195:1-events_power_efficient]
  78149 ?        I      0:00 [kworker/1:3-wg-crypt-wg0]
  78151 ?        I      0:00 [kworker/47:0]
  90573 ?        I      0:00 [kworker/76:2-mm_percpu_wq]
  93073 ?        I      0:00 [kworker/1:0-events]
  93803 ?        I      0:00 [kworker/u197:0-writeback]
 108148 ?        I      0:00 [kworker/10:1]
 111285 ?        Ss     0:01 /mnt/data/builds/pg-partitions-no-groups-256-pool-yes/bin/postgres -D /mnt/data/pgdata
 111286 ?        Ss     0:00 postgres: checkpointer 
 111287 ?        Ss     0:00 postgres: background writer 
 111289 ?        Ss     0:00 postgres: walwriter 
 111290 ?        Ss     0:00 postgres: autovacuum launcher 
 111291 ?        Ss     0:00 postgres: logical replication launcher 
 111295 pts/1    S+     0:00 /usr/bin/bash ./run-index.sh d96v5-epyc7763 pg-partitions-no-groups-256-pool-yes 32768 no yes yes 256 /mnt/data/scalability-tests/20240831-1741-continue/logs/1-32768-100-index-no-yes-yes-256-1725306470 3 5 16 96 256 100
 111297 pts/1    S+     0:00 /usr/bin/bash ./prepare-index.sh /mnt/data/scalability-tests/20240831-1741-continue/logs/1-32768-100-index-no-yes-yes-256-1725306470 10 100
 111298 pts/1    R+     0:00 ps ax
 181907 ?        I      0:01 [kworker/63:0-mm_percpu_wq]
 240118 ?        I      0:00 [kworker/10:3-mm_percpu_wq]
 315604 ?        I      0:02 [kworker/74:0-mm_percpu_wq]
 329925 ?        I      0:01 [kworker/45:0-mm_percpu_wq]
 531463 ?        I      0:01 [kworker/44:2-mm_percpu_wq]
 552813 ?        I      0:00 [kworker/85:0-mm_percpu_wq]
 687818 ?        Ss     0:00 sshd: azureuser [priv]
 687865 ?        S      0:02 sshd: azureuser@pts/0
 687866 pts/0    Ss+    0:00 -bash
 690781 ?        I      0:02 [kworker/19:0-mm_percpu_wq]
 693213 pts/1    S+     0:12 /usr/bin/bash -x ./run.sh continue
 761318 ?        I      0:00 [kworker/39:1-wg-crypt-wg0]
 832078 ?        I      0:01 [kworker/59:0-mm_percpu_wq]
 891142 ?        I      0:01 [kworker/92:2-events]
 900872 ?        I      0:00 [kworker/41:2-mm_percpu_wq]
 967749 ?        I      0:00 [kworker/71:2-wg-crypt-wg0]
1128955 ?        I      0:00 [kworker/49:0-wg-crypt-wg0]
1141529 ?        I      0:00 [kworker/65:1]
1155833 ?        I      0:03 [kworker/32:3-mm_percpu_wq]
1156430 ?        I      0:01 [kworker/89:1-mm_percpu_wq]
1170649 ?        I      0:01 [kworker/6:3-mm_percpu_wq]
1208746 ?        I      0:01 [kworker/83:2-mm_percpu_wq]
1252509 ?        I      0:00 [kworker/34:1-mm_percpu_wq]
1312938 ?        I      0:00 [kworker/75:1-mm_percpu_wq]
1320881 ?        I      0:01 [kworker/66:2-mm_percpu_wq]
1339099 ?        I      0:00 [kworker/29:3-wg-crypt-wg0]
1371745 ?        I      0:00 [kworker/31:2-mm_percpu_wq]
1401164 ?        I      0:01 [kworker/56:0-mm_percpu_wq]
1459900 ?        I      0:01 [kworker/73:1-mm_percpu_wq]
1483674 ?        I      0:01 [kworker/16:1-mm_percpu_wq]
1592355 ?        I      0:02 [kworker/u192:0-ext4-rsv-conversion]
1629465 ?        I      0:00 [kworker/17:0-mm_percpu_wq]
1665797 ?        I      0:02 [kworker/4:0-mm_percpu_wq]
1700437 ?        I      0:00 [kworker/9:2-mm_percpu_wq]
1704387 ?        I      0:00 [kworker/51:1-mm_percpu_wq]
1755582 ?        I      0:00 [kworker/20:0-mm_percpu_wq]
1815116 ?        I      0:00 [kworker/78:1]
1830019 ?        I      0:00 [kworker/11:0-mm_percpu_wq]
1830020 ?        I      0:00 [kworker/13:2-mm_percpu_wq]
1883658 ?        I      0:01 [kworker/64:0-mm_percpu_wq]
1969391 ?        I      0:01 [kworker/10:0-cgroup_destroy]
1969392 ?        I      0:00 [kworker/38:2-wg-crypt-wg0]
1999764 ?        I      0:00 [kworker/26:1-events]
2038117 ?        I      0:01 [kworker/18:0-mm_percpu_wq]
2043667 ?        I      0:00 [kworker/13:1-mm_percpu_wq]
2066905 ?        I      0:00 [kworker/22:2-cgroup_destroy]
2081980 ?        I      0:00 [kworker/5:2-wg-crypt-wg0]
2109966 ?        I      0:00 [kworker/73:3-mm_percpu_wq]
2136203 ?        I      0:01 [kworker/41:1-mm_percpu_wq]
2140969 ?        I      0:00 [kworker/31:0-mm_percpu_wq]
2157765 ?        I      0:01 [kworker/30:0-mm_percpu_wq]
2157770 ?        I      0:01 [kworker/0:2-mm_percpu_wq]
2197407 ?        I      0:01 [kworker/33:2-mm_percpu_wq]
2318703 ?        I      0:00 [kworker/55:0-mm_percpu_wq]
2333117 ?        I      0:00 [kworker/43:2-mm_percpu_wq]
2333118 ?        I      0:00 [kworker/45:1-mm_percpu_wq]
2333119 ?        I      0:00 [kworker/95:2-mm_percpu_wq]
2333120 ?        I      0:01 [kworker/0:1-events]
2402266 ?        I      0:01 [kworker/50:2-wg-crypt-wg0]
2436423 ?        I      0:00 [kworker/5:1-events]
2436425 ?        I      0:00 [kworker/72:2-mm_percpu_wq]
2451282 ?        I      0:00 [kworker/70:0-mm_percpu_wq]
2525177 ?        I      0:00 [kworker/32:0]
2554562 ?        I      0:00 [kworker/6:1-mm_percpu_wq]
2569575 ?        I      0:00 [kworker/42:0]
2583906 ?        I      0:00 [kworker/27:1-events]
2701516 ?        I      0:00 [kworker/40:2-events]
2764928 ?        I      0:00 [kworker/93:1]
2774675 ?        I      0:00 [kworker/69:1-mm_percpu_wq]
2804609 ?        I      0:00 [kworker/36:1-mm_percpu_wq]
2822952 ?        I      0:00 [kworker/25:0-mm_percpu_wq]
2833462 ?        I      0:00 [kworker/67:0-mm_percpu_wq]
2833465 ?        I      0:00 [kworker/16:2-mm_percpu_wq]
2838094 ?        I      0:00 [kworker/69:0-mm_percpu_wq]
2838101 ?        I      0:00 [kworker/82:1-mm_percpu_wq]
2838190 ?        I      0:00 [kworker/21:2-mm_percpu_wq]
2874002 ?        I      0:00 [kworker/14:2-rcu_par_gp]
2880418 ?        I      0:00 [kworker/20:1-mm_percpu_wq]
2880419 ?        I      0:00 [kworker/83:1-mm_percpu_wq]
2881318 ?        I      0:00 [kworker/17:1-mm_percpu_wq]
2882093 ?        I      0:00 [kworker/37:0-mm_percpu_wq]
2907576 ?        I      0:00 [kworker/54:1-mm_percpu_wq]
2929120 ?        I      0:01 [kworker/u193:3-flush-8:0]
2977906 ?        I      0:01 [kworker/u194:2-flush-8:0]
2981570 ?        I      0:00 [kworker/46:1-wg-crypt-wg0]
2983302 ?        I      0:00 [kworker/23:1-cgroup_destroy]
2989821 ?        I      0:00 [kworker/u193:1-flush-8:0]
2996039 ?        I      0:00 [kworker/34:0-mm_percpu_wq]
2997684 ?        I      0:00 [kworker/2:3-cgwb_release]
3006478 ?        I      0:01 [kworker/u194:0-events_power_efficient]
3011296 ?        I      0:00 [kworker/75:2-mm_percpu_wq]
3048890 ?        I      0:00 [kworker/77:2-mm_percpu_wq]
3097143 ?        I      0:00 [kworker/9:1-wg-crypt-wg0]
3111084 ?        I      0:00 [kworker/81:2-mm_percpu_wq]
3114195 ?        I      0:00 [kworker/53:3-mm_percpu_wq]
3123658 ?        I      0:01 [kworker/4:1-mm_percpu_wq]
3129889 ?        I      0:00 [kworker/79:0-mm_percpu_wq]
3158911 ?        I      0:00 [kworker/68:2-mm_percpu_wq]
3163093 ?        I      0:01 [kworker/33:0-mm_percpu_wq]
3218444 ?        I      0:00 [kworker/35:1-events]
3218445 ?        I      0:00 [kworker/42:2-events]
3255078 ?        I      0:01 [kworker/u195:0-events_power_efficient]
3257530 ?        I      0:02 [kworker/70:2-wg-crypt-wg0]
3259845 ?        I      0:00 [kworker/86:2-mm_percpu_wq]
3277543 ?        I      0:00 [kworker/84:1-events]
3291928 ?        I      0:01 [kworker/38:0-mm_percpu_wq]
3292436 ?        I      0:00 [kworker/80:1-events]
3306886 ?        I      0:00 [kworker/12:1-mm_percpu_wq]
3321947 ?        I      0:00 [kworker/36:0]
3338023 ?        I      0:00 [kworker/19:1-mm_percpu_wq]
3351516 ?        I      0:00 [kworker/92:0]
3355775 ?        I      0:00 [kworker/u192:1-ext4-rsv-conversion]
3366580 ?        I      0:00 [kworker/2:0-mm_percpu_wq]
3381174 ?        I      0:00 [kworker/90:0]
3386509 ?        I      0:00 [kworker/u197:2-flush-8:0]
3387285 ?        I      0:00 [kworker/21:0-mm_percpu_wq]
3435079 ?        I      0:00 [kworker/u198:0-flush-8:32]
3436546 ?        Ssl    0:04 /usr/libexec/fwupd/fwupd
3440637 ?        I      0:00 [kworker/86:1]
3462216 ?        I      0:00 [kworker/39:2-mm_percpu_wq]
3463993 ?        I      0:00 [kworker/60:0-mm_percpu_wq]
3464536 ?        I      0:00 [kworker/61:0-mm_percpu_wq]
3469458 ?        I      0:00 [kworker/59:2-mm_percpu_wq]
3469718 ?        I      0:00 [kworker/78:2-mm_percpu_wq]
3469721 ?        I      0:00 [kworker/40:0]
3479627 ?        I      0:00 [kworker/u197:3-events_power_efficient]
3529246 ?        I      0:00 [kworker/91:1-mm_percpu_wq]
3546852 ?        I      0:00 [kworker/66:0]
3549134 ?        I      0:00 [kworker/u194:1-events_power_efficient]
3558764 ?        I      0:00 [kworker/46:0-mm_percpu_wq]
3605000 ?        I      0:00 [kworker/77:0-events]
3638653 ?        I      0:00 [kworker/68:0-mm_percpu_wq]
3647252 ?        I      0:00 [kworker/74:1]
3648454 ?        I      0:00 [kworker/89:2-mm_percpu_wq]
3648799 ?        I      0:00 [kworker/u198:3-flush-8:0]
3667825 ?        I      0:00 [kworker/72:0-mm_percpu_wq]
3673300 ?        I      0:00 [kworker/61:1-mm_percpu_wq]
3676800 ?        I      0:00 [kworker/71:1-mm_percpu_wq]
3680564 ?        I      0:00 [kworker/15:2-mm_percpu_wq]
3691612 ?        I      0:00 [kworker/7:0-mm_percpu_wq]
3691656 ?        I      0:00 [kworker/64:2-rcu_par_gp]
3697126 ?        I      0:00 [kworker/88:1]
3708016 ?        I      0:00 [kworker/43:1-mm_percpu_wq]
3736105 ?        I      0:00 [kworker/25:2-mm_percpu_wq]
3765479 ?        I      0:00 [kworker/62:1-mm_percpu_wq]
3765480 ?        I      0:00 [kworker/67:2-events]
3779885 ?        I      0:00 [kworker/63:2-mm_percpu_wq]
3783952 ?        I      0:00 [kworker/51:2]
3794901 ?        I      0:00 [kworker/30:3]
3808248 ?        I      0:00 [kworker/91:2-mm_percpu_wq]
3813062 ?        I      0:00 [kworker/55:3]
3824291 ?        I      0:00 [kworker/28:0-mm_percpu_wq]
3832109 ?        I      0:00 [kworker/48:0]
3832204 ?        I      0:00 [kworker/u196:3-events_unbound]
3839315 ?        I      0:00 [kworker/29:0-mm_percpu_wq]
3853648 ?        I      0:00 [kworker/88:0-mm_percpu_wq]
3853853 ?        I      0:00 [kworker/62:0-mm_percpu_wq]
3864680 ?        I      0:00 [kworker/48:2-events]
3866350 ?        I      0:00 [kworker/37:1-mm_percpu_wq]
3868711 ?        I      0:00 [kworker/58:2-rcu_gp]
3870570 ?        I      0:00 [kworker/57:0]
3880623 ?        I      0:00 [kworker/3:2-mm_percpu_wq]
3891704 ?        I      0:02 [kworker/14:0-mm_percpu_wq]
3899793 ?        I      0:00 [kworker/54:2-mm_percpu_wq]
3912320 ?        I      0:00 [kworker/u193:2-events_power_efficient]
3926680 ?        I      0:00 [kworker/57:1-mm_percpu_wq]
3926681 ?        I      0:00 [kworker/49:2-mm_percpu_wq]
3946869 ?        I      0:00 [kworker/u196:0-events_freezable_power_]
3947437 ?        I      0:00 [kworker/8:0-events]
3953993 ?        I      0:00 [kworker/52:3-mm_percpu_wq]
3973612 ?        I      0:00 [kworker/23:2-mm_percpu_wq]
3980070 ?        I      0:00 [kworker/52:1-mm_percpu_wq]
3980071 ?        I      0:00 [kworker/60:1-events]
3980072 ?        I      0:00 [kworker/95:1-mm_percpu_wq]
3980073 ?        I      0:00 [kworker/81:1-mm_percpu_wq]
3980074 ?        I      0:00 [kworker/50:0]
3995153 ?        I      0:00 [kworker/90:1-mm_percpu_wq]
3997472 ?        I      0:00 [kworker/35:2-mm_percpu_wq]
4003733 ?        I      0:00 [kworker/58:0-events]
4009461 ?        I      0:00 [kworker/22:1-mm_percpu_wq]
4020560 ?        I      0:00 [kworker/53:0-mm_percpu_wq]
4020564 ?        I      0:00 [kworker/93:2-mm_percpu_wq]
4033466 ?        I      0:00 [kworker/28:2]
4034092 ?        I      0:00 [kworker/85:1-events]
4046750 ?        I      0:00 [kworker/27:0-mm_percpu_wq]
4047703 ?        I      0:00 [kworker/18:1]
4048478 ?        I      0:00 [kworker/79:1-mm_percpu_wq]
4056025 ?        I      0:00 [kworker/3:0]
4074658 ?        I      0:00 [kworker/65:2-mm_percpu_wq]
4086584 ?        I      0:00 [kworker/26:0]
4088145 ?        I      0:00 [kworker/87:0]
4101673 ?        I      0:00 [kworker/24:2]
4113496 ?        I      0:00 [kworker/94:1]
4127902 ?        I      0:00 [kworker/47:2-mm_percpu_wq]
4128729 ?        I      0:00 [kworker/94:0-mm_percpu_wq]
4136569 ?        I      0:00 [kworker/24:1-mm_percpu_wq]
4137364 ?        I      0:00 [kworker/84:0]
4155732 ?        I      0:00 [kworker/44:1]
4165224 ?        I      0:00 [kworker/11:1-wg-crypt-wg0]
4166838 ?        I      0:00 [kworker/56:3-mm_percpu_wq]
4182998 ?        I      0:00 [kworker/87:1-mm_percpu_wq]
4182999 ?        I      0:00 [kworker/1:1-mm_percpu_wq]
