BINDIR = /mnt/data/builds/join-no-no-no-64-1000-1000-1723294714/bin
DOCDIR = /mnt/data/builds/join-no-no-no-64-1000-1000-1723294714/share/doc/postgresql
HTMLDIR = /mnt/data/builds/join-no-no-no-64-1000-1000-1723294714/share/doc/postgresql
INCLUDEDIR = /mnt/data/builds/join-no-no-no-64-1000-1000-1723294714/include
PKGINCLUDEDIR = /mnt/data/builds/join-no-no-no-64-1000-1000-1723294714/include/postgresql
INCLUDEDIR-SERVER = /mnt/data/builds/join-no-no-no-64-1000-1000-1723294714/include/postgresql/server
LIBDIR = /mnt/data/builds/join-no-no-no-64-1000-1000-1723294714/lib
PKGLIBDIR = /mnt/data/builds/join-no-no-no-64-1000-1000-1723294714/lib/postgresql
LOCALEDIR = /mnt/data/builds/join-no-no-no-64-1000-1000-1723294714/share/locale
MANDIR = /mnt/data/builds/join-no-no-no-64-1000-1000-1723294714/share/man
SHAREDIR = /mnt/data/builds/join-no-no-no-64-1000-1000-1723294714/share/postgresql
SYSCONFDIR = /mnt/data/builds/join-no-no-no-64-1000-1000-1723294714/etc/postgresql
PGXS = /mnt/data/builds/join-no-no-no-64-1000-1000-1723294714/lib/postgresql/pgxs/src/makefiles/pgxs.mk
CONFIGURE =  '--prefix=/mnt/data/builds/join-no-no-no-64-1000-1000-1723294714' '--enable-debug' '--enable-depend' 'CC=ccache gcc'
CC = ccache gcc
CPPFLAGS = -D_GNU_SOURCE
CFLAGS = -Wall -Wmissing-prototypes -Wpointer-arith -Wdeclaration-after-statement -Werror=vla -Wendif-labels -Wmissing-format-attribute -Wimplicit-fallthrough=3 -Wcast-function-type -Wshadow=compatible-local -Wformat-security -fno-strict-aliasing -fwrapv -fexcess-precision=standard -Wno-format-truncation -Wno-stringop-truncation -g -O2
CFLAGS_SL = -fPIC
LDFLAGS = -Wl,--as-needed -Wl,-rpath,'/mnt/data/builds/join-no-no-no-64-1000-1000-1723294714/lib',--enable-new-dtags
LDFLAGS_EX = 
LDFLAGS_SL = 
LIBS = -lpgcommon -lpgport -lz -lreadline -lm 
VERSION = PostgreSQL 18devel
NOTICE:  database "tmp" does not exist, skipping
dropping old tables...
NOTICE:  table "pgbench_accounts" does not exist, skipping
NOTICE:  table "pgbench_branches" does not exist, skipping
NOTICE:  table "pgbench_history" does not exist, skipping
NOTICE:  table "pgbench_tellers" does not exist, skipping
creating tables...
creating 1000 partitions...
generating data (client-side)...
100000 of 1000000 tuples (10%) of pgbench_accounts done (elapsed 0.41 s, remaining 3.65 s)
200000 of 1000000 tuples (20%) of pgbench_accounts done (elapsed 0.91 s, remaining 3.64 s)
300000 of 1000000 tuples (30%) of pgbench_accounts done (elapsed 1.53 s, remaining 3.58 s)
400000 of 1000000 tuples (40%) of pgbench_accounts done (elapsed 2.09 s, remaining 3.14 s)
500000 of 1000000 tuples (50%) of pgbench_accounts done (elapsed 2.60 s, remaining 2.60 s)
600000 of 1000000 tuples (60%) of pgbench_accounts done (elapsed 3.14 s, remaining 2.09 s)
700000 of 1000000 tuples (70%) of pgbench_accounts done (elapsed 3.70 s, remaining 1.58 s)
800000 of 1000000 tuples (80%) of pgbench_accounts done (elapsed 4.27 s, remaining 1.07 s)
900000 of 1000000 tuples (90%) of pgbench_accounts done (elapsed 4.85 s, remaining 0.54 s)
1000000 of 1000000 tuples (100%) of pgbench_accounts done (elapsed 5.48 s, remaining 0.00 s)
vacuuming...
creating primary keys...
done in 13.37 s (drop tables 0.00 s, create tables 4.19 s, client-side generate 5.76 s, vacuum 2.72 s, primary keys 0.70 s).
ALTER TABLE
UPDATE 1000000
CREATE INDEX
VACUUM
VACUUM
CHECKPOINT
ALTER DATABASE
