BINDIR = /mnt/data/builds/join-no-no-no-64-1000-0-1723282567/bin
DOCDIR = /mnt/data/builds/join-no-no-no-64-1000-0-1723282567/share/doc/postgresql
HTMLDIR = /mnt/data/builds/join-no-no-no-64-1000-0-1723282567/share/doc/postgresql
INCLUDEDIR = /mnt/data/builds/join-no-no-no-64-1000-0-1723282567/include
PKGINCLUDEDIR = /mnt/data/builds/join-no-no-no-64-1000-0-1723282567/include/postgresql
INCLUDEDIR-SERVER = /mnt/data/builds/join-no-no-no-64-1000-0-1723282567/include/postgresql/server
LIBDIR = /mnt/data/builds/join-no-no-no-64-1000-0-1723282567/lib
PKGLIBDIR = /mnt/data/builds/join-no-no-no-64-1000-0-1723282567/lib/postgresql
LOCALEDIR = /mnt/data/builds/join-no-no-no-64-1000-0-1723282567/share/locale
MANDIR = /mnt/data/builds/join-no-no-no-64-1000-0-1723282567/share/man
SHAREDIR = /mnt/data/builds/join-no-no-no-64-1000-0-1723282567/share/postgresql
SYSCONFDIR = /mnt/data/builds/join-no-no-no-64-1000-0-1723282567/etc/postgresql
PGXS = /mnt/data/builds/join-no-no-no-64-1000-0-1723282567/lib/postgresql/pgxs/src/makefiles/pgxs.mk
CONFIGURE =  '--prefix=/mnt/data/builds/join-no-no-no-64-1000-0-1723282567' '--enable-debug' '--enable-depend' 'CC=ccache gcc'
CC = ccache gcc
CPPFLAGS = -D_GNU_SOURCE
CFLAGS = -Wall -Wmissing-prototypes -Wpointer-arith -Wdeclaration-after-statement -Werror=vla -Wendif-labels -Wmissing-format-attribute -Wimplicit-fallthrough=3 -Wcast-function-type -Wshadow=compatible-local -Wformat-security -fno-strict-aliasing -fwrapv -fexcess-precision=standard -Wno-format-truncation -Wno-stringop-truncation -g -O2
CFLAGS_SL = -fPIC
LDFLAGS = -Wl,--as-needed -Wl,-rpath,'/mnt/data/builds/join-no-no-no-64-1000-0-1723282567/lib',--enable-new-dtags
LDFLAGS_EX = 
LDFLAGS_SL = 
LIBS = -lpgcommon -lpgport -lz -lreadline -lm 
VERSION = PostgreSQL 18devel
NOTICE:  database "tmp" does not exist, skipping
dropping old tables...
NOTICE:  table "pgbench_accounts" does not exist, skipping
NOTICE:  table "pgbench_branches" does not exist, skipping
NOTICE:  table "pgbench_history" does not exist, skipping
NOTICE:  table "pgbench_tellers" does not exist, skipping
creating tables...
generating data (client-side)...
100000 of 1000000 tuples (10%) of pgbench_accounts done (elapsed 0.07 s, remaining 0.66 s)
200000 of 1000000 tuples (20%) of pgbench_accounts done (elapsed 0.20 s, remaining 0.79 s)
300000 of 1000000 tuples (30%) of pgbench_accounts done (elapsed 0.28 s, remaining 0.66 s)
400000 of 1000000 tuples (40%) of pgbench_accounts done (elapsed 0.39 s, remaining 0.59 s)
500000 of 1000000 tuples (50%) of pgbench_accounts done (elapsed 0.52 s, remaining 0.52 s)
600000 of 1000000 tuples (60%) of pgbench_accounts done (elapsed 0.65 s, remaining 0.43 s)
700000 of 1000000 tuples (70%) of pgbench_accounts done (elapsed 0.78 s, remaining 0.34 s)
800000 of 1000000 tuples (80%) of pgbench_accounts done (elapsed 0.86 s, remaining 0.22 s)
900000 of 1000000 tuples (90%) of pgbench_accounts done (elapsed 0.99 s, remaining 0.11 s)
1000000 of 1000000 tuples (100%) of pgbench_accounts done (elapsed 1.08 s, remaining 0.00 s)
vacuuming...
creating primary keys...
done in 1.69 s (drop tables 0.00 s, create tables 0.01 s, client-side generate 1.13 s, vacuum 0.15 s, primary keys 0.40 s).
ALTER TABLE
UPDATE 1000000
CREATE INDEX
VACUUM
VACUUM
CHECKPOINT
ALTER DATABASE
