2024-08-31 21:45:50.597 UTC [1094281] LOG:  starting PostgreSQL 18devel on x86_64-pc-linux-gnu, compiled by gcc (Ubuntu 13.2.0-23ubuntu4) 13.2.0, 64-bit
2024-08-31 21:45:50.597 UTC [1094281] LOG:  listening on IPv4 address "127.0.0.1", port 5432
2024-08-31 21:45:50.604 UTC [1094281] LOG:  listening on Unix socket "/tmp/.s.PGSQL.5432"
2024-08-31 21:45:50.613 UTC [1094284] LOG:  database system was shut down at 2024-08-31 21:45:47 UTC
2024-08-31 21:45:50.618 UTC [1094281] LOG:  database system is ready to accept connections
2024-08-31 21:45:58.531 UTC [1094282] LOG:  checkpoints are occurring too frequently (8 seconds apart)
2024-08-31 21:45:58.531 UTC [1094282] HINT:  Consider increasing the configuration parameter "max_wal_size".
2024-08-31 21:45:58.627 UTC [1094282] LOG:  checkpoint starting: wal
2024-08-31 21:46:09.935 UTC [1094282] LOG:  checkpoint complete: wrote 31339 buffers (1.5%); 0 WAL file(s) added, 3 removed, 31 recycled; write=9.126 s, sync=1.657 s, total=11.404 s; sync files=309, longest=1.008 s, average=0.006 s; distance=543296 kB, estimate=543296 kB; lsn=0/95000D68, redo lsn=0/75000C20
2024-08-31 21:46:10.022 UTC [1094282] LOG:  checkpoints are occurring too frequently (12 seconds apart)
2024-08-31 21:46:10.022 UTC [1094282] HINT:  Consider increasing the configuration parameter "max_wal_size".
2024-08-31 21:46:10.022 UTC [1094282] LOG:  checkpoint starting: wal
2024-08-31 21:46:17.660 UTC [1094310] LOG:  skipping vacuum of "t" --- lock not available
2024-08-31 21:46:21.296 UTC [1094282] LOG:  checkpoint complete: wrote 31261 buffers (1.5%); 0 WAL file(s) added, 3 removed, 31 recycled; write=8.103 s, sync=2.882 s, total=11.274 s; sync files=7, longest=1.584 s, average=0.412 s; distance=557054 kB, estimate=557054 kB; lsn=0/B77ADCF8, redo lsn=0/970004F0
2024-08-31 21:46:21.296 UTC [1094282] LOG:  checkpoints are occurring too frequently (11 seconds apart)
2024-08-31 21:46:21.296 UTC [1094282] HINT:  Consider increasing the configuration parameter "max_wal_size".
2024-08-31 21:46:21.296 UTC [1094282] LOG:  checkpoint starting: wal
2024-08-31 21:46:32.588 UTC [1094282] LOG:  checkpoint complete: wrote 24424 buffers (1.2%); 0 WAL file(s) added, 0 removed, 34 recycled; write=8.607 s, sync=2.602 s, total=11.293 s; sync files=388, longest=1.232 s, average=0.007 s; distance=560844 kB, estimate=560844 kB; lsn=0/CBC0E830, redo lsn=0/B93B3558
2024-08-31 21:46:32.588 UTC [1094282] LOG:  checkpoint starting: immediate force wait
2024-08-31 21:46:34.781 UTC [1094282] LOG:  checkpoint complete: wrote 44984 buffers (2.1%); 0 WAL file(s) added, 0 removed, 18 recycled; write=1.323 s, sync=0.812 s, total=2.193 s; sync files=154, longest=0.806 s, average=0.006 s; distance=303468 kB, estimate=535106 kB; lsn=0/CBC0E900, redo lsn=0/CBC0E8A8
2024-08-31 21:48:10.309 UTC [1094281] LOG:  received fast shutdown request
2024-08-31 21:48:10.312 UTC [1094281] LOG:  aborting any active transactions
2024-08-31 21:48:10.313 UTC [1094281] LOG:  background worker "logical replication launcher" (PID 1094287) exited with exit code 1
2024-08-31 21:48:10.324 UTC [1094282] LOG:  shutting down
2024-08-31 21:48:10.328 UTC [1094282] LOG:  checkpoint starting: shutdown immediate
2024-08-31 21:48:10.358 UTC [1094282] LOG:  checkpoint complete: wrote 44 buffers (0.0%); 0 WAL file(s) added, 0 removed, 0 recycled; write=0.017 s, sync=0.003 s, total=0.035 s; sync files=10, longest=0.002 s, average=0.001 s; distance=96 kB, estimate=481605 kB; lsn=0/CBC269A0, redo lsn=0/CBC269A0
2024-08-31 21:48:10.942 UTC [1094281] LOG:  database system is shut down
