BINDIR = /mnt/pgdata/builds/join-no-no-no-64-1000-0-1723280510/bin
DOCDIR = /mnt/pgdata/builds/join-no-no-no-64-1000-0-1723280510/share/doc/postgresql
HTMLDIR = /mnt/pgdata/builds/join-no-no-no-64-1000-0-1723280510/share/doc/postgresql
INCLUDEDIR = /mnt/pgdata/builds/join-no-no-no-64-1000-0-1723280510/include
PKGINCLUDEDIR = /mnt/pgdata/builds/join-no-no-no-64-1000-0-1723280510/include/postgresql
INCLUDEDIR-SERVER = /mnt/pgdata/builds/join-no-no-no-64-1000-0-1723280510/include/postgresql/server
LIBDIR = /mnt/pgdata/builds/join-no-no-no-64-1000-0-1723280510/lib
PKGLIBDIR = /mnt/pgdata/builds/join-no-no-no-64-1000-0-1723280510/lib/postgresql
LOCALEDIR = /mnt/pgdata/builds/join-no-no-no-64-1000-0-1723280510/share/locale
MANDIR = /mnt/pgdata/builds/join-no-no-no-64-1000-0-1723280510/share/man
SHAREDIR = /mnt/pgdata/builds/join-no-no-no-64-1000-0-1723280510/share/postgresql
SYSCONFDIR = /mnt/pgdata/builds/join-no-no-no-64-1000-0-1723280510/etc/postgresql
PGXS = /mnt/pgdata/builds/join-no-no-no-64-1000-0-1723280510/lib/postgresql/pgxs/src/makefiles/pgxs.mk
CONFIGURE =  '--prefix=/mnt/pgdata/builds/join-no-no-no-64-1000-0-1723280510' '--enable-debug' '--enable-depend' 'CC=ccache gcc'
CC = ccache gcc
CPPFLAGS = -D_GNU_SOURCE
CFLAGS = -Wall -Wmissing-prototypes -Wpointer-arith -Wdeclaration-after-statement -Werror=vla -Wendif-labels -Wmissing-format-attribute -Wimplicit-fallthrough=3 -Wcast-function-type -Wshadow=compatible-local -Wformat-security -fno-strict-aliasing -fwrapv -fexcess-precision=standard -Wno-format-truncation -Wno-stringop-truncation -g -O2
CFLAGS_SL = -fPIC
LDFLAGS = -Wl,--as-needed -Wl,-rpath,'/mnt/pgdata/builds/join-no-no-no-64-1000-0-1723280510/lib',--enable-new-dtags
LDFLAGS_EX = 
LDFLAGS_SL = 
LIBS = -lpgcommon -lpgport -lz -lreadline -lm 
VERSION = PostgreSQL 18devel
NOTICE:  database "tmp" does not exist, skipping
dropping old tables...
NOTICE:  table "pgbench_accounts" does not exist, skipping
NOTICE:  table "pgbench_branches" does not exist, skipping
NOTICE:  table "pgbench_history" does not exist, skipping
NOTICE:  table "pgbench_tellers" does not exist, skipping
creating tables...
generating data (client-side)...
100000 of 1000000 tuples (10%) of pgbench_accounts done (elapsed 0.06 s, remaining 0.52 s)
200000 of 1000000 tuples (20%) of pgbench_accounts done (elapsed 0.13 s, remaining 0.54 s)
300000 of 1000000 tuples (30%) of pgbench_accounts done (elapsed 0.22 s, remaining 0.50 s)
400000 of 1000000 tuples (40%) of pgbench_accounts done (elapsed 0.30 s, remaining 0.45 s)
500000 of 1000000 tuples (50%) of pgbench_accounts done (elapsed 0.35 s, remaining 0.35 s)
600000 of 1000000 tuples (60%) of pgbench_accounts done (elapsed 0.44 s, remaining 0.29 s)
700000 of 1000000 tuples (70%) of pgbench_accounts done (elapsed 0.49 s, remaining 0.21 s)
800000 of 1000000 tuples (80%) of pgbench_accounts done (elapsed 0.58 s, remaining 0.14 s)
900000 of 1000000 tuples (90%) of pgbench_accounts done (elapsed 0.65 s, remaining 0.07 s)
1000000 of 1000000 tuples (100%) of pgbench_accounts done (elapsed 0.73 s, remaining 0.00 s)
vacuuming...
creating primary keys...
done in 1.11 s (drop tables 0.00 s, create tables 0.00 s, client-side generate 0.75 s, vacuum 0.09 s, primary keys 0.27 s).
ALTER TABLE
UPDATE 1000000
CREATE INDEX
VACUUM
VACUUM
CHECKPOINT
ALTER DATABASE
