  PID TTY      STAT   TIME COMMAND
    1 ?        Ss     1:02 /sbin/init
    2 ?        S      0:02 [kthreadd]
    3 ?        S      0:00 [pool_workqueue_release]
    4 ?        I<     0:00 [kworker/R-rcu_g]
    5 ?        I<     0:00 [kworker/R-rcu_p]
    6 ?        I<     0:00 [kworker/R-slub_]
    7 ?        I<     0:00 [kworker/R-netns]
   12 ?        I<     0:00 [kworker/R-mm_pe]
   13 ?        I      0:00 [rcu_tasks_kthread]
   14 ?        I      0:00 [rcu_tasks_rude_kthread]
   15 ?        I      0:00 [rcu_tasks_trace_kthread]
   16 ?        S     14:55 [ksoftirqd/0]
   17 ?        I      9:59 [rcu_preempt]
   18 ?        S      0:03 [migration/0]
   19 ?        S      0:00 [cpuhp/0]
   20 ?        S      0:00 [cpuhp/1]
   21 ?        S      0:03 [migration/1]
   22 ?        S     14:31 [ksoftirqd/1]
   25 ?        S      0:00 [cpuhp/2]
   26 ?        S      0:03 [migration/2]
   27 ?        S     14:27 [ksoftirqd/2]
   30 ?        S      0:00 [cpuhp/3]
   31 ?        S      0:03 [migration/3]
   32 ?        S     14:26 [ksoftirqd/3]
   39 ?        S      0:00 [kdevtmpfs]
   40 ?        I<     0:00 [kworker/R-inet_]
   42 ?        S      0:00 [kauditd]
   44 ?        S      0:00 [khungtaskd]
   45 ?        S      0:00 [oom_reaper]
   46 ?        I<     0:00 [kworker/R-write]
   47 ?        S     22:24 [kcompactd0]
   48 ?        I<     0:00 [kworker/R-kinte]
   49 ?        I<     0:00 [kworker/R-kbloc]
   50 ?        I<     0:00 [kworker/R-blkcg]
   53 ?        S      0:00 [watchdogd]
   56 ?        I<     0:00 [kworker/R-rpcio]
   57 ?        I<     0:00 [kworker/R-xprti]
   59 ?        S    102:08 [kswapd0]
   60 ?        I<     0:00 [kworker/R-nfsio]
   61 ?        I<     0:00 [kworker/R-kthro]
   63 ?        S      0:00 [hwrng]
   64 ?        I<     0:00 [kworker/R-iscsi]
   65 ?        I<     0:00 [kworker/R-nvme-]
   66 ?        I<     0:00 [kworker/R-nvme-]
   67 ?        I<     0:00 [kworker/R-nvme-]
   68 ?        I<     0:00 [kworker/R-DWC N]
   69 ?        I<     0:00 [kworker/R-uas]
   70 ?        I<     1:57 [kworker/u13:0-brcmf_wq/mmc1:0001:1]
   71 ?        I<     0:00 [kworker/u14:0]
   72 ?        I<     0:00 [kworker/u15:0]
   73 ?        I<     0:00 [kworker/u16:0]
   74 ?        I<     0:00 [kworker/u17:0]
   75 ?        S      0:00 [irq/38-aerdrv]
   76 ?        S      0:00 [irq/44-aerdrv]
   85 ?        I<     0:00 [kworker/R-sdhci]
   86 ?        S      0:03 [irq/167-mmc0]
   88 ?        I<     0:00 [kworker/R-sdhci]
   89 ?        S      0:00 [irq/168-mmc1]
   91 ?        I<     0:00 [kworker/R-mmc_c]
  146 ?        S      0:00 [spi10]
  223 ?        S      4:54 [jbd2/mmcblk0p2-8]
  224 ?        I<     0:00 [kworker/R-ext4-]
  238 ?        I<     0:00 [kworker/R-mld]
  239 ?        I<     0:00 [kworker/R-ipv6_]
  288 ?        Ss     0:21 /lib/systemd/systemd-journald
  319 ?        Ss     1:25 /lib/systemd/systemd-udevd
  398 ?        S      0:00 [irq/174-1000800000.codec]
  400 ?        S      0:00 [v3d_bin]
  401 ?        S      0:00 [v3d_render]
  402 ?        S      0:00 [v3d_tfu]
  403 ?        S      0:00 [v3d_csd]
  404 ?        S      0:00 [v3d_cache_clean]
  521 ?        I<     0:00 [kworker/R-cfg80]
  535 ?        I<     0:00 [kworker/R-btrfs]
  536 ?        I<     0:00 [kworker/R-btrfs]
  537 ?        I<     0:00 [kworker/R-btrfs]
  539 ?        I<     0:00 [kworker/R-btrfs]
  540 ?        I<     0:00 [kworker/R-btrfs]
  541 ?        I<     0:00 [kworker/R-btrfs]
  542 ?        I<     0:00 [kworker/R-btrfs]
  543 ?        I<     0:00 [kworker/R-btrfs]
  544 ?        I<     0:00 [kworker/R-btrfs]
  545 ?        I<     0:00 [kworker/R-btrfs]
  546 ?        I<     0:00 [kworker/R-btrfs]
  547 ?        I<     0:00 [kworker/R-btrfs]
  548 ?        I<     0:00 [kworker/R-btrfs]
  559 ?        S      0:03 [btrfs-cleaner]
  560 ?        S     21:07 [btrfs-transaction]
  565 ?        I<     0:00 [kworker/R-brcmf]
  566 ?        S      0:12 [brcmf_wdog/mmc1:0001:1]
  583 ?        S      0:03 [irq/180-vc4 hdmi hpd connected]
  587 ?        S      1:02 [irq/181-vc4 hdmi hpd disconnected]
  588 ?        S      0:00 [cec-vc4-hdmi-0]
  589 ?        S      0:00 [irq/182-vc4 hdmi cec rx]
  622 ?        S      0:00 [irq/183-vc4 hdmi cec tx]
  628 ?        S      0:00 [irq/184-vc4 hdmi hpd connected]
  629 ?        S      0:00 [irq/185-vc4 hdmi hpd disconnected]
  630 ?        S      0:00 [cec-vc4-hdmi-1]
  631 ?        S      0:00 [irq/186-vc4 hdmi cec rx]
  632 ?        S      0:00 [irq/187-vc4 hdmi cec tx]
  635 ?        S      0:00 [card1-crtc0]
  636 ?        S      0:00 [card1-crtc1]
  637 ?        S      0:00 [card1-crtc2]
  638 ?        S      0:00 [card1-crtc3]
  661 ?        Ssl    0:03 /lib/systemd/systemd-timesyncd
  665 ?        I<     0:00 [kworker/u13:3-hci0]
  704 ?        Ss     0:32 avahi-daemon: running [raspberry-32.local]
  705 ?        Ss     0:00 /usr/libexec/bluetooth/bluetoothd
  706 ?        Ss     0:02 /usr/sbin/cron -f
  707 ?        Ss     1:14 /usr/bin/dbus-daemon --system --address=systemd: --nofork --nopidfile --systemd-activation --syslog-only
  710 ?        Ssl    0:01 /usr/lib/polkit-1/polkitd --no-debug
  720 ?        Ss     0:00 /usr/sbin/smartd -n
  722 ?        Ss     0:06 /lib/systemd/systemd-logind
  724 ?        Ss     0:07 /usr/sbin/thd --triggers /etc/triggerhappy/triggers.d/ --socket /run/thd.socket --user nobody --deviceglob /dev/input/event*
  739 ?        S      0:00 avahi-daemon: chroot helper
  790 ?        Ssl    3:07 /usr/sbin/NetworkManager --no-daemon
  815 ?        Ss     1:20 /sbin/wpa_supplicant -u -s -O DIR=/run/wpa_supplicant GROUP=netdev
  818 ?        Ssl    0:01 /usr/sbin/ModemManager
  835 ?        Ss     0:00 sshd: /usr/sbin/sshd -D [listener] 0 of 10-100 startups
  897 tty1     Ss+    0:00 /sbin/agetty -o -p -- \u --noclear - linux
  898 ?        Ss+    0:00 /sbin/agetty -o -p -- \u --keep-baud 115200,57600,38400,9600 - vt220
  958 ?        Ss     0:04 /lib/systemd/systemd --user
  959 ?        S      0:00 (sd-pam)
 2984 ?        I<     0:00 [kworker/2:0H-kblockd]
 3036 ?        I<     0:00 [kworker/3:0H-kblockd]
 3536 ?        I      0:00 [kworker/3:1-events_power_efficient]
 5164 ?        I      0:00 [kworker/u9:4-btrfs-endio-write]
 5182 ?        I      0:00 [kworker/u9:7]
 5267 ?        I      0:00 [kworker/2:0-mm_percpu_wq]
 5550 ?        I<     0:00 [kworker/R-wg-cr]
 5607 ?        I      0:00 [kworker/3:2-mm_percpu_wq]
 5630 ?        I      0:00 [kworker/1:2-wg-crypt-wg0]
 6572 ?        I      0:00 [kworker/u12:5-btrfs-endio]
 6892 ?        I<     0:00 [kworker/0:0H-kblockd]
 7722 ?        I      0:00 [kworker/u9:1-btrfs-worker]
 7792 ?        I      0:00 [kworker/u8:3-btrfs-delayed-meta]
 8477 ?        I<     0:00 [kworker/0:1H-kblockd]
 9134 ?        I      0:00 [kworker/1:1-events]
10302 ?        I<     0:00 [kworker/1:2H-kblockd]
10344 ?        I      0:00 [kworker/u8:0-btrfs-delayed-meta]
10743 ?        I      0:00 [kworker/u10:2-btrfs-worker]
10792 ?        I      0:00 [kworker/u10:8-btrfs-worker]
11003 ?        I      0:00 [kworker/0:1-events]
12101 ?        I      0:00 [kworker/u10:0-btrfs-endio-write]
12650 ?        I<     0:00 [kworker/1:0H-kblockd]
13012 ?        I      0:00 [kworker/3:0-cgroup_destroy]
13350 ?        I<     0:00 [kworker/2:1H-kblockd]
13386 ?        I      0:00 [kworker/u8:1-btrfs-delayed-meta]
13387 ?        I      0:00 [kworker/u8:2-ext4-rsv-conversion]
13388 ?        I      0:00 [kworker/u8:4-btrfs-delayed-meta]
13878 ?        I<     0:00 [kworker/0:3H-kblockd]
14510 ?        I      0:00 [kworker/u10:4-btrfs-endio-write]
14734 ?        Ss     0:00 SCREEN
14735 pts/1    Ss     0:01 /bin/bash
15443 ?        I      0:00 [kworker/u11:3-btrfs-endio]
16399 ?        I      0:01 [kworker/0:0-mm_percpu_wq]
16818 ?        I      0:00 [kworker/2:2-mm_percpu_wq]
17465 ?        I      0:00 [kworker/u9:5-writeback]
17466 ?        I      0:00 [kworker/u9:6-btrfs-endio]
17856 ?        I<     0:00 [kworker/3:1H-kblockd]
18506 ?        Ss     0:00 /mnt/data/builds/count-no-no-yes-8-32768-1000-1723700757/bin/postgres -D /mnt/data/data-test
18507 ?        Ss     0:00 postgres: checkpointer 
18508 ?        Ss     0:00 postgres: background writer 
18510 ?        Ss     0:00 postgres: walwriter 
18511 ?        Ss     0:00 postgres: autovacuum launcher 
18512 ?        Ss     0:00 postgres: logical replication launcher 
18516 pts/1    S+     0:00 /usr/bin/bash ./run-count.sh rpi5-32 count-no-no-yes-8-32768-1000-1723700757 32768 no no yes 8 /mnt/data/lock-scalability-test-2/20240810-0027-new/logs/count-no-no-yes-8-32768-1000-1723700757 3 10 16 1 4 1000
18518 pts/1    S+     0:00 /usr/bin/bash ./prepare-count.sh /mnt/data/lock-scalability-test-2/20240810-0027-new/logs/count-no-no-yes-8-32768-1000-1723700757 1000
18519 pts/1    R+     0:00 ps ax
19404 ?        I      0:00 [kworker/u8:6-btrfs-delayed-meta]
19848 ?        I      0:00 [kworker/u11:5-btrfs-endio]
19849 ?        I      0:00 [kworker/u9:2-btrfs-worker]
20649 ?        I      0:00 [kworker/u9:3-btrfs-worker]
23523 ?        I<     0:00 [kworker/0:2H-mmc_complete]
23808 ?        I      0:00 [kworker/2:1-mm_percpu_wq]
24242 ?        I      0:00 [kworker/u12:2-btrfs-worker]
24243 ?        I      0:00 [kworker/u12:6-btrfs-endio]
24244 ?        I      0:00 [kworker/u11:6-btrfs-endio]
26719 pts/1    S+     0:17 /usr/bin/bash -x ./run.sh new
27805 ?        I      0:00 [kworker/u10:5-btrfs-endio-write]
29778 ?        I      0:00 [kworker/u9:0-btrfs-endio-write]
29816 ?        I<     0:00 [kworker/2:2H-kblockd]
29849 ?        I      0:01 [kworker/0:3-wg-crypt-wg0]
29916 ?        I      0:00 [kworker/1:0-wg-crypt-wg0]
31972 ?        I<     0:00 [kworker/1:1H-kblockd]
32198 ?        I<     0:00 [kworker/3:2H-kblockd]
