    PID TTY      STAT   TIME COMMAND
      1 ?        Ss     0:04 /sbin/init
      2 ?        S      0:00 [kthreadd]
      3 ?        S      0:00 [pool_workqueue_release]
      4 ?        I<     0:00 [kworker/R-rcu_g]
      5 ?        I<     0:00 [kworker/R-rcu_p]
      6 ?        I<     0:00 [kworker/R-slub_]
      7 ?        I<     0:00 [kworker/R-netns]
      9 ?        I<     0:00 [kworker/0:0H-events_highpri]
     12 ?        I<     0:00 [kworker/R-mm_pe]
     13 ?        I      0:00 [rcu_tasks_rude_kthread]
     14 ?        I      0:00 [rcu_tasks_trace_kthread]
     15 ?        S      0:31 [ksoftirqd/0]
     16 ?        I      0:33 [rcu_sched]
     17 ?        S      0:00 [migration/0]
     18 ?        S      0:00 [idle_inject/0]
     19 ?        S      0:00 [cpuhp/0]
     20 ?        S      0:00 [cpuhp/2]
     21 ?        S      0:00 [idle_inject/2]
     22 ?        S      0:01 [migration/2]
     23 ?        S      0:14 [ksoftirqd/2]
     25 ?        I<     0:00 [kworker/2:0H-events_highpri]
     26 ?        S      0:00 [cpuhp/4]
     27 ?        S      0:00 [idle_inject/4]
     28 ?        S      0:01 [migration/4]
     29 ?        S      0:07 [ksoftirqd/4]
     31 ?        I<     0:00 [kworker/4:0H-events_highpri]
     32 ?        S      0:00 [cpuhp/6]
     33 ?        S      0:00 [idle_inject/6]
     34 ?        S      0:01 [migration/6]
     35 ?        S      0:03 [ksoftirqd/6]
     37 ?        I<     0:00 [kworker/6:0H-events_highpri]
     38 ?        S      0:00 [cpuhp/8]
     39 ?        S      0:00 [idle_inject/8]
     40 ?        S      0:01 [migration/8]
     41 ?        S      0:02 [ksoftirqd/8]
     43 ?        I<     0:00 [kworker/8:0H-events_highpri]
     44 ?        S      0:00 [cpuhp/10]
     45 ?        S      0:00 [idle_inject/10]
     46 ?        S      0:01 [migration/10]
     47 ?        S      0:01 [ksoftirqd/10]
     49 ?        I<     0:00 [kworker/10:0H-events_highpri]
     50 ?        S      0:00 [cpuhp/12]
     51 ?        S      0:00 [idle_inject/12]
     52 ?        S      0:01 [migration/12]
     53 ?        S      0:01 [ksoftirqd/12]
     55 ?        I<     0:00 [kworker/12:0H-events_highpri]
     56 ?        S      0:00 [cpuhp/14]
     57 ?        S      0:00 [idle_inject/14]
     58 ?        S      0:01 [migration/14]
     59 ?        S      0:01 [ksoftirqd/14]
     61 ?        I<     0:00 [kworker/14:0H-events_highpri]
     62 ?        S      0:00 [cpuhp/16]
     63 ?        S      0:00 [idle_inject/16]
     64 ?        S      0:01 [migration/16]
     65 ?        S      0:01 [ksoftirqd/16]
     67 ?        I<     0:00 [kworker/16:0H-events_highpri]
     68 ?        S      0:00 [cpuhp/18]
     69 ?        S      0:00 [idle_inject/18]
     70 ?        S      0:01 [migration/18]
     71 ?        S      0:01 [ksoftirqd/18]
     73 ?        I<     0:00 [kworker/18:0H-events_highpri]
     74 ?        S      0:00 [cpuhp/20]
     75 ?        S      0:00 [idle_inject/20]
     76 ?        S      0:01 [migration/20]
     77 ?        S      0:01 [ksoftirqd/20]
     79 ?        I<     0:00 [kworker/20:0H-events_highpri]
     80 ?        S      0:00 [cpuhp/22]
     81 ?        S      0:00 [idle_inject/22]
     82 ?        S      0:01 [migration/22]
     83 ?        S      0:01 [ksoftirqd/22]
     85 ?        I<     0:00 [kworker/22:0H-events_highpri]
     86 ?        S      0:00 [cpuhp/24]
     87 ?        S      0:00 [idle_inject/24]
     88 ?        S      0:01 [migration/24]
     89 ?        S      0:01 [ksoftirqd/24]
     91 ?        I<     0:00 [kworker/24:0H-events_highpri]
     92 ?        S      0:00 [cpuhp/26]
     93 ?        S      0:00 [idle_inject/26]
     94 ?        S      0:01 [migration/26]
     95 ?        S      0:01 [ksoftirqd/26]
     97 ?        I<     0:00 [kworker/26:0H-events_highpri]
     98 ?        S      0:00 [cpuhp/28]
     99 ?        S      0:00 [idle_inject/28]
    100 ?        S      0:01 [migration/28]
    101 ?        S      0:01 [ksoftirqd/28]
    103 ?        I<     0:00 [kworker/28:0H-events_highpri]
    104 ?        S      0:00 [cpuhp/30]
    105 ?        S      0:00 [idle_inject/30]
    106 ?        S      0:01 [migration/30]
    107 ?        S      0:01 [ksoftirqd/30]
    109 ?        I<     0:00 [kworker/30:0H-events_highpri]
    110 ?        S      0:00 [cpuhp/32]
    111 ?        S      0:00 [idle_inject/32]
    112 ?        S      0:01 [migration/32]
    113 ?        S      0:01 [ksoftirqd/32]
    115 ?        I<     0:00 [kworker/32:0H-events_highpri]
    116 ?        S      0:00 [cpuhp/34]
    117 ?        S      0:00 [idle_inject/34]
    118 ?        S      0:01 [migration/34]
    119 ?        S      0:01 [ksoftirqd/34]
    121 ?        I<     0:00 [kworker/34:0H-events_highpri]
    122 ?        S      0:00 [cpuhp/36]
    123 ?        S      0:00 [idle_inject/36]
    124 ?        S      0:01 [migration/36]
    125 ?        S      0:01 [ksoftirqd/36]
    127 ?        I<     0:00 [kworker/36:0H-events_highpri]
    128 ?        S      0:00 [cpuhp/38]
    129 ?        S      0:00 [idle_inject/38]
    130 ?        S      0:01 [migration/38]
    131 ?        S      0:01 [ksoftirqd/38]
    133 ?        I<     0:00 [kworker/38:0H-events_highpri]
    134 ?        S      0:00 [cpuhp/40]
    135 ?        S      0:00 [idle_inject/40]
    136 ?        S      0:01 [migration/40]
    137 ?        S      0:01 [ksoftirqd/40]
    139 ?        I<     0:00 [kworker/40:0H-events_highpri]
    140 ?        S      0:00 [cpuhp/42]
    141 ?        S      0:00 [idle_inject/42]
    142 ?        S      0:01 [migration/42]
    143 ?        S      0:01 [ksoftirqd/42]
    145 ?        I<     0:00 [kworker/42:0H-events_highpri]
    146 ?        S      0:00 [cpuhp/44]
    147 ?        S      0:00 [idle_inject/44]
    148 ?        S      0:01 [migration/44]
    149 ?        S      0:01 [ksoftirqd/44]
    151 ?        I<     0:00 [kworker/44:0H-events_highpri]
    152 ?        S      0:00 [cpuhp/46]
    153 ?        S      0:00 [idle_inject/46]
    154 ?        S      0:01 [migration/46]
    155 ?        S      0:01 [ksoftirqd/46]
    157 ?        I<     0:00 [kworker/46:0H-events_highpri]
    158 ?        S      0:00 [cpuhp/48]
    159 ?        S      0:00 [idle_inject/48]
    160 ?        S      0:01 [migration/48]
    161 ?        S      0:01 [ksoftirqd/48]
    163 ?        I<     0:00 [kworker/48:0H-events_highpri]
    164 ?        S      0:00 [cpuhp/50]
    165 ?        S      0:00 [idle_inject/50]
    166 ?        S      0:01 [migration/50]
    167 ?        S      0:01 [ksoftirqd/50]
    169 ?        I<     0:00 [kworker/50:0H-events_highpri]
    170 ?        S      0:00 [cpuhp/52]
    171 ?        S      0:00 [idle_inject/52]
    172 ?        S      0:01 [migration/52]
    173 ?        S      0:01 [ksoftirqd/52]
    175 ?        I<     0:00 [kworker/52:0H-kblockd]
    176 ?        S      0:00 [cpuhp/54]
    177 ?        S      0:00 [idle_inject/54]
    178 ?        S      0:01 [migration/54]
    179 ?        S      0:01 [ksoftirqd/54]
    181 ?        I<     0:00 [kworker/54:0H-events_highpri]
    182 ?        S      0:00 [cpuhp/56]
    183 ?        S      0:00 [idle_inject/56]
    184 ?        S      0:01 [migration/56]
    185 ?        S      0:01 [ksoftirqd/56]
    187 ?        I<     0:00 [kworker/56:0H-events_highpri]
    188 ?        S      0:00 [cpuhp/58]
    189 ?        S      0:00 [idle_inject/58]
    190 ?        S      0:01 [migration/58]
    191 ?        S      0:01 [ksoftirqd/58]
    193 ?        I<     0:00 [kworker/58:0H-events_highpri]
    194 ?        S      0:00 [cpuhp/60]
    195 ?        S      0:00 [idle_inject/60]
    196 ?        S      0:01 [migration/60]
    197 ?        S      0:01 [ksoftirqd/60]
    199 ?        I<     0:00 [kworker/60:0H-events_highpri]
    200 ?        S      0:00 [cpuhp/62]
    201 ?        S      0:00 [idle_inject/62]
    202 ?        S      0:01 [migration/62]
    203 ?        S      0:01 [ksoftirqd/62]
    205 ?        I<     0:00 [kworker/62:0H-events_highpri]
    206 ?        S      0:00 [cpuhp/64]
    207 ?        S      0:00 [idle_inject/64]
    208 ?        S      0:01 [migration/64]
    209 ?        S      0:01 [ksoftirqd/64]
    211 ?        I<     0:00 [kworker/64:0H-events_highpri]
    212 ?        S      0:00 [cpuhp/66]
    213 ?        S      0:00 [idle_inject/66]
    214 ?        S      0:01 [migration/66]
    215 ?        S      0:01 [ksoftirqd/66]
    217 ?        I<     0:00 [kworker/66:0H-events_highpri]
    218 ?        S      0:00 [cpuhp/68]
    219 ?        S      0:00 [idle_inject/68]
    220 ?        S      0:01 [migration/68]
    221 ?        S      0:01 [ksoftirqd/68]
    223 ?        I<     0:00 [kworker/68:0H-events_highpri]
    224 ?        S      0:00 [cpuhp/70]
    225 ?        S      0:00 [idle_inject/70]
    226 ?        S      0:01 [migration/70]
    227 ?        S      0:01 [ksoftirqd/70]
    229 ?        I<     0:00 [kworker/70:0H-events_highpri]
    230 ?        S      0:00 [cpuhp/72]
    231 ?        S      0:00 [idle_inject/72]
    232 ?        S      0:01 [migration/72]
    233 ?        S      0:01 [ksoftirqd/72]
    235 ?        I<     0:00 [kworker/72:0H-events_highpri]
    236 ?        S      0:00 [cpuhp/74]
    237 ?        S      0:00 [idle_inject/74]
    238 ?        S      0:01 [migration/74]
    239 ?        S      0:01 [ksoftirqd/74]
    241 ?        I<     0:00 [kworker/74:0H-events_highpri]
    242 ?        S      0:00 [cpuhp/76]
    243 ?        S      0:00 [idle_inject/76]
    244 ?        S      0:01 [migration/76]
    245 ?        S      0:01 [ksoftirqd/76]
    247 ?        I<     0:00 [kworker/76:0H-events_highpri]
    248 ?        S      0:00 [cpuhp/78]
    249 ?        S      0:00 [idle_inject/78]
    250 ?        S      0:01 [migration/78]
    251 ?        S      0:01 [ksoftirqd/78]
    253 ?        I<     0:00 [kworker/78:0H-events_highpri]
    254 ?        S      0:00 [cpuhp/80]
    255 ?        S      0:00 [idle_inject/80]
    256 ?        S      0:01 [migration/80]
    257 ?        S      0:01 [ksoftirqd/80]
    259 ?        I<     0:00 [kworker/80:0H-events_highpri]
    260 ?        S      0:00 [cpuhp/82]
    261 ?        S      0:00 [idle_inject/82]
    262 ?        S      0:01 [migration/82]
    263 ?        S      0:01 [ksoftirqd/82]
    265 ?        I<     0:00 [kworker/82:0H-events_highpri]
    266 ?        S      0:00 [cpuhp/84]
    267 ?        S      0:00 [idle_inject/84]
    268 ?        S      0:01 [migration/84]
    269 ?        S      0:01 [ksoftirqd/84]
    271 ?        I<     0:00 [kworker/84:0H-events_highpri]
    272 ?        S      0:00 [cpuhp/86]
    273 ?        S      0:00 [idle_inject/86]
    274 ?        S      0:01 [migration/86]
    275 ?        S      0:01 [ksoftirqd/86]
    277 ?        I<     0:00 [kworker/86:0H-events_highpri]
    278 ?        S      0:00 [cpuhp/88]
    279 ?        S      0:00 [idle_inject/88]
    280 ?        S      0:01 [migration/88]
    281 ?        S      0:01 [ksoftirqd/88]
    283 ?        I<     0:00 [kworker/88:0H-events_highpri]
    284 ?        S      0:00 [cpuhp/90]
    285 ?        S      0:00 [idle_inject/90]
    286 ?        S      0:01 [migration/90]
    287 ?        S      0:01 [ksoftirqd/90]
    289 ?        I<     0:00 [kworker/90:0H-events_highpri]
    290 ?        S      0:00 [cpuhp/92]
    291 ?        S      0:00 [idle_inject/92]
    292 ?        S      0:01 [migration/92]
    293 ?        S      0:01 [ksoftirqd/92]
    295 ?        I<     0:00 [kworker/92:0H-events_highpri]
    296 ?        S      0:00 [cpuhp/94]
    297 ?        S      0:00 [idle_inject/94]
    298 ?        S      0:01 [migration/94]
    299 ?        S      0:01 [ksoftirqd/94]
    301 ?        I<     0:00 [kworker/94:0H-events_highpri]
    302 ?        S      0:00 [cpuhp/1]
    303 ?        S      0:00 [idle_inject/1]
    304 ?        S      0:01 [migration/1]
    305 ?        S      0:17 [ksoftirqd/1]
    307 ?        I<     0:00 [kworker/1:0H-events_highpri]
    308 ?        S      0:00 [cpuhp/3]
    309 ?        S      0:00 [idle_inject/3]
    310 ?        S      0:01 [migration/3]
    311 ?        S      0:09 [ksoftirqd/3]
    313 ?        I<     0:00 [kworker/3:0H-events_highpri]
    314 ?        S      0:00 [cpuhp/5]
    315 ?        S      0:00 [idle_inject/5]
    316 ?        S      0:01 [migration/5]
    317 ?        S      0:04 [ksoftirqd/5]
    319 ?        I<     0:00 [kworker/5:0H-events_highpri]
    320 ?        S      0:00 [cpuhp/7]
    321 ?        S      0:00 [idle_inject/7]
    322 ?        S      0:01 [migration/7]
    323 ?        S      0:02 [ksoftirqd/7]
    325 ?        I<     0:00 [kworker/7:0H-events_highpri]
    326 ?        S      0:00 [cpuhp/9]
    327 ?        S      0:00 [idle_inject/9]
    328 ?        S      0:01 [migration/9]
    329 ?        S      0:01 [ksoftirqd/9]
    331 ?        I<     0:00 [kworker/9:0H-events_highpri]
    332 ?        S      0:00 [cpuhp/11]
    333 ?        S      0:00 [idle_inject/11]
    334 ?        S      0:01 [migration/11]
    335 ?        S      0:01 [ksoftirqd/11]
    337 ?        I<     0:00 [kworker/11:0H-events_highpri]
    338 ?        S      0:00 [cpuhp/13]
    339 ?        S      0:00 [idle_inject/13]
    340 ?        S      0:01 [migration/13]
    341 ?        S      0:01 [ksoftirqd/13]
    343 ?        I<     0:00 [kworker/13:0H-events_highpri]
    344 ?        S      0:00 [cpuhp/15]
    345 ?        S      0:00 [idle_inject/15]
    346 ?        S      0:01 [migration/15]
    347 ?        S      0:01 [ksoftirqd/15]
    348 ?        I      0:00 [kworker/15:0-mm_percpu_wq]
    349 ?        I<     0:00 [kworker/15:0H-events_highpri]
    350 ?        S      0:00 [cpuhp/17]
    351 ?        S      0:00 [idle_inject/17]
    352 ?        S      0:01 [migration/17]
    353 ?        S      0:00 [ksoftirqd/17]
    355 ?        I<     0:00 [kworker/17:0H-events_highpri]
    356 ?        S      0:00 [cpuhp/19]
    357 ?        S      0:00 [idle_inject/19]
    358 ?        S      0:01 [migration/19]
    359 ?        S      0:01 [ksoftirqd/19]
    361 ?        I<     0:00 [kworker/19:0H-events_highpri]
    362 ?        S      0:00 [cpuhp/21]
    363 ?        S      0:00 [idle_inject/21]
    364 ?        S      0:01 [migration/21]
    365 ?        S      0:01 [ksoftirqd/21]
    367 ?        I<     0:00 [kworker/21:0H-events_highpri]
    368 ?        S      0:00 [cpuhp/23]
    369 ?        S      0:00 [idle_inject/23]
    370 ?        S      0:01 [migration/23]
    371 ?        S      0:00 [ksoftirqd/23]
    373 ?        I<     0:00 [kworker/23:0H-events_highpri]
    374 ?        S      0:00 [cpuhp/25]
    375 ?        S      0:00 [idle_inject/25]
    376 ?        S      0:01 [migration/25]
    377 ?        S      0:00 [ksoftirqd/25]
    379 ?        I<     0:00 [kworker/25:0H-events_highpri]
    380 ?        S      0:00 [cpuhp/27]
    381 ?        S      0:00 [idle_inject/27]
    382 ?        S      0:01 [migration/27]
    383 ?        S      0:00 [ksoftirqd/27]
    385 ?        I<     0:00 [kworker/27:0H-events_highpri]
    386 ?        S      0:00 [cpuhp/29]
    387 ?        S      0:00 [idle_inject/29]
    388 ?        S      0:01 [migration/29]
    389 ?        S      0:00 [ksoftirqd/29]
    391 ?        I<     0:00 [kworker/29:0H-kblockd]
    392 ?        S      0:00 [cpuhp/31]
    393 ?        S      0:00 [idle_inject/31]
    394 ?        S      0:01 [migration/31]
    395 ?        S      0:01 [ksoftirqd/31]
    397 ?        I<     0:00 [kworker/31:0H-events_highpri]
    398 ?        S      0:00 [cpuhp/33]
    399 ?        S      0:00 [idle_inject/33]
    400 ?        S      0:01 [migration/33]
    401 ?        S      0:01 [ksoftirqd/33]
    403 ?        I<     0:00 [kworker/33:0H-events_highpri]
    404 ?        S      0:00 [cpuhp/35]
    405 ?        S      0:00 [idle_inject/35]
    406 ?        S      0:01 [migration/35]
    407 ?        S      0:00 [ksoftirqd/35]
    409 ?        I<     0:00 [kworker/35:0H-events_highpri]
    410 ?        S      0:00 [cpuhp/37]
    411 ?        S      0:00 [idle_inject/37]
    412 ?        S      0:01 [migration/37]
    413 ?        S      0:00 [ksoftirqd/37]
    415 ?        I<     0:00 [kworker/37:0H-events_highpri]
    416 ?        S      0:00 [cpuhp/39]
    417 ?        S      0:00 [idle_inject/39]
    418 ?        S      0:01 [migration/39]
    419 ?        S      0:00 [ksoftirqd/39]
    421 ?        I<     0:00 [kworker/39:0H-events_highpri]
    422 ?        S      0:00 [cpuhp/41]
    423 ?        S      0:00 [idle_inject/41]
    424 ?        S      0:01 [migration/41]
    425 ?        S      0:01 [ksoftirqd/41]
    427 ?        I<     0:00 [kworker/41:0H-events_highpri]
    428 ?        S      0:00 [cpuhp/43]
    429 ?        S      0:00 [idle_inject/43]
    430 ?        S      0:01 [migration/43]
    431 ?        S      0:00 [ksoftirqd/43]
    432 ?        I      0:00 [kworker/43:0-mm_percpu_wq]
    433 ?        I<     0:00 [kworker/43:0H-events_highpri]
    434 ?        S      0:00 [cpuhp/45]
    435 ?        S      0:00 [idle_inject/45]
    436 ?        S      0:01 [migration/45]
    437 ?        S      0:00 [ksoftirqd/45]
    438 ?        I      0:00 [kworker/45:0-mm_percpu_wq]
    439 ?        I<     0:00 [kworker/45:0H-events_highpri]
    440 ?        S      0:00 [cpuhp/47]
    441 ?        S      0:00 [idle_inject/47]
    442 ?        S      0:01 [migration/47]
    443 ?        S      0:00 [ksoftirqd/47]
    445 ?        I<     0:00 [kworker/47:0H-events_highpri]
    446 ?        S      0:00 [cpuhp/49]
    447 ?        S      0:00 [idle_inject/49]
    448 ?        S      0:01 [migration/49]
    449 ?        S      0:00 [ksoftirqd/49]
    451 ?        I<     0:00 [kworker/49:0H-events_highpri]
    452 ?        S      0:00 [cpuhp/51]
    453 ?        S      0:00 [idle_inject/51]
    454 ?        S      0:01 [migration/51]
    455 ?        S      0:00 [ksoftirqd/51]
    457 ?        I<     0:00 [kworker/51:0H-events_highpri]
    458 ?        S      0:00 [cpuhp/53]
    459 ?        S      0:00 [idle_inject/53]
    460 ?        S      0:01 [migration/53]
    461 ?        S      0:00 [ksoftirqd/53]
    463 ?        I<     0:00 [kworker/53:0H-events_highpri]
    464 ?        S      0:00 [cpuhp/55]
    465 ?        S      0:00 [idle_inject/55]
    466 ?        S      0:01 [migration/55]
    467 ?        S      0:00 [ksoftirqd/55]
    469 ?        I<     0:00 [kworker/55:0H-events_highpri]
    470 ?        S      0:00 [cpuhp/57]
    471 ?        S      0:00 [idle_inject/57]
    472 ?        S      0:01 [migration/57]
    473 ?        S      0:01 [ksoftirqd/57]
    475 ?        I<     0:00 [kworker/57:0H-events_highpri]
    476 ?        S      0:00 [cpuhp/59]
    477 ?        S      0:00 [idle_inject/59]
    478 ?        S      0:01 [migration/59]
    479 ?        S      0:00 [ksoftirqd/59]
    481 ?        I<     0:00 [kworker/59:0H-events_highpri]
    482 ?        S      0:00 [cpuhp/61]
    483 ?        S      0:00 [idle_inject/61]
    484 ?        S      0:01 [migration/61]
    485 ?        S      0:01 [ksoftirqd/61]
    487 ?        I<     0:00 [kworker/61:0H-events_highpri]
    488 ?        S      0:00 [cpuhp/63]
    489 ?        S      0:00 [idle_inject/63]
    490 ?        S      0:01 [migration/63]
    491 ?        S      0:01 [ksoftirqd/63]
    493 ?        I<     0:00 [kworker/63:0H-events_highpri]
    494 ?        S      0:00 [cpuhp/65]
    495 ?        S      0:00 [idle_inject/65]
    496 ?        S      0:01 [migration/65]
    497 ?        S      0:00 [ksoftirqd/65]
    499 ?        I<     0:00 [kworker/65:0H-events_highpri]
    500 ?        S      0:00 [cpuhp/67]
    501 ?        S      0:00 [idle_inject/67]
    502 ?        S      0:01 [migration/67]
    503 ?        S      0:01 [ksoftirqd/67]
    505 ?        I<     0:00 [kworker/67:0H-events_highpri]
    506 ?        S      0:00 [cpuhp/69]
    507 ?        S      0:00 [idle_inject/69]
    508 ?        S      0:01 [migration/69]
    509 ?        S      0:01 [ksoftirqd/69]
    511 ?        I<     0:00 [kworker/69:0H-events_highpri]
    512 ?        S      0:00 [cpuhp/71]
    513 ?        S      0:00 [idle_inject/71]
    514 ?        S      0:01 [migration/71]
    515 ?        S      0:00 [ksoftirqd/71]
    517 ?        I<     0:00 [kworker/71:0H-events_highpri]
    518 ?        S      0:00 [cpuhp/73]
    519 ?        S      0:00 [idle_inject/73]
    520 ?        S      0:01 [migration/73]
    521 ?        S      0:00 [ksoftirqd/73]
    522 ?        I      0:00 [kworker/73:0-mm_percpu_wq]
    523 ?        I<     0:00 [kworker/73:0H-events_highpri]
    524 ?        S      0:00 [cpuhp/75]
    525 ?        S      0:00 [idle_inject/75]
    526 ?        S      0:01 [migration/75]
    527 ?        S      0:00 [ksoftirqd/75]
    529 ?        I<     0:00 [kworker/75:0H-events_highpri]
    530 ?        S      0:00 [cpuhp/77]
    531 ?        S      0:00 [idle_inject/77]
    532 ?        S      0:01 [migration/77]
    533 ?        S      0:00 [ksoftirqd/77]
    535 ?        I<     0:00 [kworker/77:0H-events_highpri]
    536 ?        S      0:00 [cpuhp/79]
    537 ?        S      0:00 [idle_inject/79]
    538 ?        S      0:01 [migration/79]
    539 ?        S      0:00 [ksoftirqd/79]
    541 ?        I<     0:00 [kworker/79:0H-events_highpri]
    542 ?        S      0:00 [cpuhp/81]
    543 ?        S      0:00 [idle_inject/81]
    544 ?        S      0:01 [migration/81]
    545 ?        S      0:00 [ksoftirqd/81]
    547 ?        I<     0:00 [kworker/81:0H-kblockd]
    548 ?        S      0:00 [cpuhp/83]
    549 ?        S      0:00 [idle_inject/83]
    550 ?        S      0:01 [migration/83]
    551 ?        S      0:00 [ksoftirqd/83]
    553 ?        I<     0:00 [kworker/83:0H-events_highpri]
    554 ?        S      0:00 [cpuhp/85]
    555 ?        S      0:00 [idle_inject/85]
    556 ?        S      0:01 [migration/85]
    557 ?        S      0:01 [ksoftirqd/85]
    559 ?        I<     0:00 [kworker/85:0H-events_highpri]
    560 ?        S      0:00 [cpuhp/87]
    561 ?        S      0:00 [idle_inject/87]
    562 ?        S      0:01 [migration/87]
    563 ?        S      0:00 [ksoftirqd/87]
    565 ?        I<     0:00 [kworker/87:0H-events_highpri]
    566 ?        S      0:00 [cpuhp/89]
    567 ?        S      0:00 [idle_inject/89]
    568 ?        S      0:01 [migration/89]
    569 ?        S      0:01 [ksoftirqd/89]
    571 ?        I<     0:00 [kworker/89:0H-events_highpri]
    572 ?        S      0:00 [cpuhp/91]
    573 ?        S      0:00 [idle_inject/91]
    574 ?        S      0:01 [migration/91]
    575 ?        S      0:01 [ksoftirqd/91]
    577 ?        I<     0:00 [kworker/91:0H-events_highpri]
    578 ?        S      0:00 [cpuhp/93]
    579 ?        S      0:00 [idle_inject/93]
    580 ?        S      0:01 [migration/93]
    581 ?        S      0:01 [ksoftirqd/93]
    583 ?        I<     0:00 [kworker/93:0H-events_highpri]
    584 ?        S      0:00 [cpuhp/95]
    585 ?        S      0:00 [idle_inject/95]
    586 ?        S      0:01 [migration/95]
    587 ?        S      0:00 [ksoftirqd/95]
    589 ?        I<     0:00 [kworker/95:0H-events_highpri]
    596 ?        S      0:00 [kdevtmpfs]
    597 ?        I<     0:00 [kworker/R-inet_]
    599 ?        S      0:00 [kauditd]
    600 ?        I      0:02 [kworker/0:2-events]
    601 ?        S      0:00 [khungtaskd]
    602 ?        S      0:00 [oom_reaper]
    604 ?        I<     0:00 [kworker/R-write]
    605 ?        S      0:01 [kcompactd0]
    606 ?        S      0:01 [kcompactd1]
    607 ?        SN     0:00 [ksmd]
    608 ?        SN     0:11 [khugepaged]
    609 ?        I<     0:00 [kworker/R-kinte]
    610 ?        I<     0:00 [kworker/R-kbloc]
    611 ?        I<     0:00 [kworker/R-blkcg]
    612 ?        S      0:00 [irq/9-acpi]
    650 ?        I      0:00 [kworker/38:1-mm_percpu_wq]
    659 ?        I      0:00 [kworker/47:1-mm_percpu_wq]
    670 ?        I      0:00 [kworker/59:1-mm_percpu_wq]
    675 ?        I      0:00 [kworker/63:1-mm_percpu_wq]
    708 ?        I<     0:00 [kworker/R-tpm_d]
    709 ?        I<     0:00 [kworker/R-ata_s]
    710 ?        I<     0:00 [kworker/R-md]
    711 ?        I<     0:00 [kworker/R-md_bi]
    712 ?        I<     0:00 [kworker/R-edac-]
    714 ?        I<     0:00 [kworker/R-hv_vm]
    715 ?        I<     0:00 [kworker/R-hv_vm]
    716 ?        I<     0:00 [kworker/R-hv_pr]
    717 ?        I<     0:00 [kworker/R-hv_su]
    718 ?        I<     0:00 [kworker/R-devfr]
    719 ?        S      0:00 [watchdogd]
    720 ?        I<     0:00 [kworker/0:1H-kblockd]
    721 ?        S      0:00 [kswapd0]
    722 ?        S      0:00 [kswapd1]
    723 ?        S      0:00 [ecryptfs-kthread]
    724 ?        I<     0:00 [kworker/R-kthro]
    725 ?        I<     0:00 [kworker/R-nfit]
    726 ?        S      0:00 [scsi_eh_0]
    727 ?        S      0:00 [scsi_eh_1]
    728 ?        I<     0:00 [kworker/R-nvme-]
    729 ?        I<     0:00 [kworker/R-scsi_]
    730 ?        I<     0:00 [kworker/R-scsi_]
    731 ?        I<     0:00 [kworker/R-nvme-]
    732 ?        I<     0:00 [kworker/R-nvme-]
    733 ?        I<     0:00 [kworker/R-nvme-]
    739 ?        I<     0:00 [kworker/R-mld]
    740 ?        I<     0:00 [kworker/10:1H-kblockd]
    741 ?        I<     0:00 [kworker/R-ipv6_]
    748 ?        S      0:01 [hv_balloon]
    749 ?        I<     0:00 [kworker/R-kstrp]
    751 ?        I<     0:00 [kworker/u199:0]
    752 ?        I<     0:00 [kworker/u200:0]
    753 ?        I<     0:00 [kworker/u201:0]
    754 ?        I<     0:00 [kworker/u202:0]
    755 ?        I<     0:00 [kworker/u203:0]
    756 ?        I<     0:00 [kworker/u204:0]
    757 ?        I<     0:00 [kworker/u205:0]
    773 ?        S      0:00 [jbd2/sda1-8]
    774 ?        I<     0:00 [kworker/R-ext4-]
    776 ?        I<     0:00 [kworker/32:1H-kblockd]
    777 ?        I<     0:00 [kworker/34:1H-kblockd]
    780 ?        I<     0:00 [kworker/18:1H-kblockd]
    798 ?        I<     0:00 [kworker/81:1H-kblockd]
    806 ?        I<     0:00 [kworker/60:1H-kblockd]
    807 ?        I<     0:00 [kworker/39:1H-kblockd]
    809 ?        I<     0:00 [kworker/63:1H-kblockd]
    812 ?        I<     0:00 [kworker/4:1H-kblockd]
    814 ?        I<     0:00 [kworker/42:1H-kblockd]
    820 ?        I<     0:00 [kworker/35:1H-kblockd]
    821 ?        I<     0:00 [kworker/16:1H-kblockd]
    823 ?        I<     0:00 [kworker/17:1H-kblockd]
    825 ?        I<     0:00 [kworker/40:1H-kblockd]
    827 ?        I<     0:00 [kworker/6:1H-kblockd]
    830 ?        S<s    0:01 /usr/lib/systemd/systemd-journald
    831 ?        I<     0:00 [kworker/19:1H-kblockd]
    833 ?        I<     0:00 [kworker/77:1H-kblockd]
    841 ?        I<     0:00 [kworker/43:1H-kblockd]
    843 ?        I<     0:00 [kworker/50:1H-kblockd]
    845 ?        I<     0:00 [kworker/8:1H-kblockd]
    846 ?        I<     0:00 [kworker/79:1H-kblockd]
    847 ?        I<     0:00 [kworker/2:1H-kblockd]
    852 ?        I<     0:00 [kworker/78:1H-kblockd]
    854 ?        I<     0:00 [kworker/95:1H-kblockd]
    856 ?        I<     0:00 [kworker/64:1H-kblockd]
    859 ?        I<     0:00 [kworker/65:1H-kblockd]
    862 ?        I<     0:00 [kworker/52:1H]
    863 ?        I<     0:00 [kworker/20:1H-kblockd]
    864 ?        I<     0:00 [kworker/80:1H-kblockd]
    867 ?        I<     0:00 [kworker/47:1H-kblockd]
    868 ?        I<     0:00 [kworker/R-kmpat]
    869 ?        I<     0:00 [kworker/R-kmpat]
    897 ?        I<     0:00 [kworker/1:1H-kblockd]
    900 ?        I<     0:00 [kworker/82:1H-kblockd]
    907 ?        I<     0:00 [kworker/66:1H-kblockd]
    909 ?        I<     0:00 [kworker/22:1H-kblockd]
    921 ?        SLsl   0:04 /sbin/multipathd -d -s
    925 ?        I<     0:00 [kworker/68:1H-kblockd]
    932 ?        Ss     0:00 /usr/lib/systemd/systemd-udevd
    958 ?        S      0:00 [psimon]
    963 ?        I<     0:00 [kworker/70:1H-kblockd]
    965 ?        I<     0:00 [kworker/84:1H-kblockd]
    968 ?        I<     0:00 [kworker/36:1H-kblockd]
    971 ?        I<     0:00 [kworker/86:1H-kblockd]
    974 ?        I<     0:00 [kworker/38:1H-kblockd]
    977 ?        I<     0:00 [kworker/58:1H-kblockd]
    982 ?        I<     0:00 [kworker/54:1H-kblockd]
    984 ?        I<     0:00 [kworker/88:1H-kblockd]
    987 ?        I<     0:00 [kworker/24:1H-kblockd]
    991 ?        I<     0:00 [kworker/90:1H-kblockd]
    993 ?        I<     0:00 [kworker/92:1H-kblockd]
    996 ?        I<     0:00 [kworker/12:1H-kblockd]
   1007 ?        I<     0:00 [kworker/94:1H-kblockd]
   1009 ?        I<     0:00 [kworker/28:1H-kblockd]
   1044 ?        I<     0:00 [kworker/14:1H-kblockd]
   1045 ?        I<     0:00 [kworker/85:1H-kblockd]
   1046 ?        I<     0:00 [kworker/91:1H-kblockd]
   1047 ?        I<     0:00 [kworker/93:1H-kblockd]
   1048 ?        I<     0:00 [kworker/83:1H-kblockd]
   1049 ?        I<     0:00 [kworker/87:1H-kblockd]
   1050 ?        I<     0:00 [kworker/46:1H-kblockd]
   1051 ?        I<     0:00 [kworker/44:1H-kblockd]
   1052 ?        I<     0:00 [kworker/72:1H-kblockd]
   1053 ?        I<     0:00 [kworker/37:1H-kblockd]
   1054 ?        I<     0:00 [kworker/89:1H-kblockd]
   1055 ?        I<     0:00 [kworker/41:1H-kblockd]
   1056 ?        I<     0:00 [kworker/57:1H-kblockd]
   1057 ?        I<     0:00 [kworker/26:1H-kblockd]
   1058 ?        I<     0:00 [kworker/30:1H-kblockd]
   1059 ?        I<     0:00 [kworker/45:1H-kblockd]
   1064 ?        I<     0:00 [kworker/76:1H-kblockd]
   1065 ?        I<     0:00 [kworker/62:1H-kblockd]
   1066 ?        I<     0:00 [kworker/74:1H-kblockd]
   1098 ?        I<     0:00 [kworker/9:1H-kblockd]
   1101 ?        I<     0:00 [kworker/15:1H-kblockd]
   1102 ?        I<     0:00 [kworker/33:1H-kblockd]
   1109 ?        I<     0:00 [kworker/13:1H-kblockd]
   1116 ?        I<     0:00 [kworker/7:1H-kblockd]
   1118 ?        I<     0:00 [kworker/11:1H-kblockd]
   1123 ?        I<     0:00 [kworker/5:1H-kblockd]
   1194 ?        I<     0:00 [kworker/3:1H-kblockd]
   1236 ?        I<     0:00 [kworker/R-crypt]
   1238 ?        I<     0:00 [kworker/23:1H-kblockd]
   1240 ?        I<     0:00 [kworker/31:1H-kblockd]
   1241 ?        I<     0:00 [kworker/75:1H-kblockd]
   1242 ?        I<     0:00 [kworker/69:1H-kblockd]
   1244 ?        I<     0:00 [kworker/73:1H-kblockd]
   1245 ?        I<     0:00 [kworker/48:1H-kblockd]
   1246 ?        I<     0:00 [kworker/67:1H-kblockd]
   1247 ?        I<     0:00 [kworker/25:1H-kblockd]
   1248 ?        I<     0:00 [kworker/71:1H-kblockd]
   1250 ?        I<     0:00 [kworker/53:1H-kblockd]
   1251 ?        I<     0:00 [kworker/21:1H-kblockd]
   1252 ?        I<     0:00 [kworker/29:1H]
   1253 ?        I<     0:00 [kworker/59:1H-kblockd]
   1255 ?        I<     0:00 [kworker/55:1H-kblockd]
   1256 ?        I<     0:00 [kworker/61:1H-kblockd]
   1257 ?        I<     0:00 [kworker/51:1H-kblockd]
   1258 ?        I<     0:00 [kworker/27:1H-kblockd]
   1259 ?        I<     0:00 [kworker/49:1H-kblockd]
   1270 ?        I<     0:00 [kworker/56:1H-kblockd]
   1413 ?        I<     0:00 [kworker/R-tls-s]
   1428 ?        I<     0:00 [kworker/R-mlx5_]
   1429 ?        I<     0:00 [kworker/R-mlx5_]
   1430 ?        I<     0:00 [kworker/R-mlx5_]
   1431 ?        I<     0:00 [kworker/R-mlx5_]
   1432 ?        I<     0:00 [kworker/R-mlx5_]
   1433 ?        I<     0:00 [kworker/R-mlx5_]
   1435 ?        I<     0:00 [kworker/R-mlx5e]
   1436 ?        I<     0:00 [kworker/R-mlx5e]
   1438 ?        I<     0:00 [kworker/R-ib-co]
   1439 ?        I<     0:00 [kworker/R-ib-co]
   1440 ?        I<     0:00 [kworker/R-ib_mc]
   1441 ?        I<     0:00 [kworker/R-ib_nl]
   1448 ?        Ss     0:55 /usr/lib/linux-tools/6.8.0-1013-azure/hv_kvp_daemon -n
   1456 ?        I<     0:00 [kworker/R-mkey_]
   1474 ?        S      0:00 [jbd2/sda16-8]
   1475 ?        I<     0:00 [kworker/R-ext4-]
   1647 ?        Ss     0:00 /usr/lib/systemd/systemd-resolved
   1696 ?        Ss     0:00 /usr/lib/systemd/systemd-networkd
   1743 ?        Ss     0:02 @dbus-daemon --system --address=systemd: --nofork --nopidfile --systemd-activation --syslog-only
   1748 ?        Ss     0:00 /usr/bin/python3 /usr/bin/networkd-dispatcher --run-startup-triggers
   1751 ?        Ssl    0:00 /usr/lib/polkit-1/polkitd --no-debug
   1758 ?        Ss     0:00 /usr/lib/systemd/systemd-logind
   1771 ?        Ssl    0:00 /usr/libexec/udisks2/udisksd
   1773 ?        Ss     0:00 /usr/bin/python3 -u /usr/sbin/waagent -daemon
   1839 ?        Ssl    0:00 /usr/sbin/rsyslogd -n -iNONE
   1858 ?        Ss     0:00 /usr/sbin/cron -f -P
   1869 ?        Ssl    0:00 /usr/bin/python3 /usr/share/unattended-upgrades/unattended-upgrade-shutdown --wait-for-signal
   1871 ?        S      0:17 /usr/sbin/chronyd -F 1
   1874 ?        S      0:00 /usr/sbin/chronyd -F 1
   1876 ?        S      0:00 [jbd2/sdb1-8]
   1881 ?        I<     0:00 [kworker/R-ext4-]
   1910 ?        I<     0:00 [kworker/R-wg-cr]
   1940 ?        Ssl    0:00 /usr/sbin/ModemManager
   1999 ttyS0    Ss+    0:00 /sbin/agetty -o -p -- \u --keep-baud 115200,57600,38400,9600 - vt220
   2003 tty1     Ss+    0:00 /sbin/agetty -o -p -- \u --noclear - linux
   2012 ?        Sl     0:50 /usr/bin/python3 -u bin/WALinuxAgent-2.11.1.4-py3.9.egg -run-exthandlers
   2150 ?        Ss     0:00 sshd: /usr/sbin/sshd -D [listener] 0 of 10-100 startups
   2488 ?        S      0:02 [jbd2/sdc1-8]
   2489 ?        I<     0:00 [kworker/R-ext4-]
   2516 ?        S      0:00 [psimon]
   2518 ?        Ss     0:00 /usr/lib/systemd/systemd --user
   2520 ?        S      0:00 (sd-pam)
   2688 ?        I      0:00 [kworker/67:2-mm_percpu_wq]
   2805 ?        I      0:00 [kworker/81:2-mm_percpu_wq]
   2829 ?        I      0:00 [kworker/18:2-cgroup_destroy]
   2837 ?        I      0:00 [kworker/71:2-mm_percpu_wq]
   2866 ?        I      0:00 [kworker/13:2-mm_percpu_wq]
   2895 ?        I      0:00 [kworker/26:0-mm_percpu_wq]
  31541 ?        Ss     0:00 SCREEN
  31542 pts/1    Ss     0:00 /bin/bash
  77657 ?        I      0:00 [kworker/16:0-mm_percpu_wq]
 420771 ?        I      0:00 [kworker/36:1-mm_percpu_wq]
 455836 ?        I      0:00 [kworker/54:0-mm_percpu_wq]
 455837 ?        I      0:00 [kworker/79:2-wg-crypt-wg0]
 468159 ?        I      0:03 [kworker/u195:3-flush-8:32]
 512941 ?        I      0:00 [kworker/95:0-mm_percpu_wq]
 513281 ?        I      0:00 [kworker/11:1-mm_percpu_wq]
 519401 ?        I      0:00 [kworker/25:3-mm_percpu_wq]
 611164 ?        I      0:01 [kworker/38:2-mm_percpu_wq]
 672340 ?        I      0:00 [kworker/55:0-mm_percpu_wq]
 687676 ?        I      0:00 [kworker/75:0-mm_percpu_wq]
 687818 ?        Ss     0:00 sshd: azureuser [priv]
 687865 ?        S      0:01 sshd: azureuser@pts/0
 687866 pts/0    Ss+    0:00 -bash
 690781 ?        I      0:00 [kworker/19:0-mm_percpu_wq]
 693213 pts/1    S+     0:03 /usr/bin/bash -x ./run.sh continue
 714418 ?        I      0:00 [kworker/45:1-mm_percpu_wq]
 771947 ?        I      0:00 [kworker/9:2-mm_percpu_wq]
 771949 ?        I      0:00 [kworker/63:2-mm_percpu_wq]
 803800 ?        I      0:00 [kworker/61:0-mm_percpu_wq]
 810947 ?        I      0:00 [kworker/28:0-mm_percpu_wq]
 835719 ?        I      0:02 [kworker/u194:1-flush-8:0]
 863781 ?        I      0:00 [kworker/60:2-mm_percpu_wq]
 871871 ?        I      0:00 [kworker/77:1-mm_percpu_wq]
 899796 ?        I      0:01 [kworker/u195:4-events_freezable_power_]
 936310 ?        I      0:00 [kworker/53:0-mm_percpu_wq]
 952729 ?        I      0:00 [kworker/14:1-mm_percpu_wq]
 968947 ?        I      0:00 [kworker/67:1-mm_percpu_wq]
 974167 ?        I      0:00 [kworker/15:2-mm_percpu_wq]
 977342 ?        I      0:00 [kworker/12:0-wg-crypt-wg0]
 996153 ?        I      0:00 [kworker/43:2-mm_percpu_wq]
1020753 ?        I      0:00 [kworker/2:0-mm_percpu_wq]
1037670 ?        I      0:00 [kworker/49:3-mm_percpu_wq]
1049165 ?        I      0:00 [kworker/22:1-mm_percpu_wq]
1075577 ?        I      0:00 [kworker/37:1-wg-crypt-wg0]
1075578 ?        I      0:00 [kworker/44:0-mm_percpu_wq]
1107045 ?        I      0:00 [kworker/44:2-mm_percpu_wq]
1123262 ?        I      0:00 [kworker/46:2-cgroup_destroy]
1138590 ?        I      0:00 [kworker/39:0-mm_percpu_wq]
1146650 ?        I      0:00 [kworker/36:2-mm_percpu_wq]
1148087 ?        I      0:00 [kworker/31:1-mm_percpu_wq]
1155833 ?        I      0:00 [kworker/32:3-mm_percpu_wq]
1164293 ?        I      0:00 [kworker/71:3-wg-crypt-wg0]
1170367 ?        I      0:00 [kworker/27:1-mm_percpu_wq]
1180185 ?        I      0:00 [kworker/46:0-mm_percpu_wq]
1180455 ?        I      0:00 [kworker/50:0-mm_percpu_wq]
1180456 ?        I      0:00 [kworker/72:0-mm_percpu_wq]
1183223 ?        I      0:00 [kworker/5:1-mm_percpu_wq]
1208746 ?        I      0:00 [kworker/83:2-mm_percpu_wq]
1213343 ?        I      0:00 [kworker/59:0-mm_percpu_wq]
1221483 ?        I      0:00 [kworker/30:1-mm_percpu_wq]
1237722 ?        I      0:00 [kworker/87:3-events]
1249144 ?        I      0:00 [kworker/76:2-mm_percpu_wq]
1254067 ?        I      0:00 [kworker/93:0-mm_percpu_wq]
1254069 ?        I      0:00 [kworker/7:2-mm_percpu_wq]
1254071 ?        I      0:00 [kworker/94:0-mm_percpu_wq]
1269922 ?        I      0:00 [kworker/75:2-wg-crypt-wg0]
1278878 ?        I      0:00 [kworker/10:2-wg-crypt-wg0]
1293481 ?        I      0:00 [kworker/21:1-mm_percpu_wq]
1309823 ?        I      0:00 [kworker/57:0-rcu_par_gp]
1309859 ?        I      0:00 [kworker/29:1-mm_percpu_wq]
1311682 ?        I      0:00 [kworker/30:0-mm_percpu_wq]
1336475 ?        I      0:00 [kworker/8:0-mm_percpu_wq]
1342166 ?        I      0:00 [kworker/34:0-mm_percpu_wq]
1362139 ?        I      0:00 [kworker/u192:0-ext4-rsv-conversion]
1374788 ?        I      0:00 [kworker/35:2-mm_percpu_wq]
1375240 ?        I      0:00 [kworker/85:0-rcu_par_gp]
1375254 ?        I      0:00 [kworker/42:1-events]
1375909 ?        I      0:00 [kworker/19:2-mm_percpu_wq]
1383309 ?        I      0:00 [kworker/86:0-mm_percpu_wq]
1383313 ?        I      0:00 [kworker/39:1-mm_percpu_wq]
1402426 ?        I      0:01 [kworker/u196:0-writeback]
1402502 ?        I      0:00 [kworker/81:1-wg-crypt-wg0]
1407103 ?        I      0:00 [kworker/24:1]
1410865 ?        I      0:00 [kworker/86:1-mm_percpu_wq]
1418773 ?        I      0:00 [kworker/18:0-events]
1418835 ?        I      0:00 [kworker/55:2-mm_percpu_wq]
1418840 ?        I      0:00 [kworker/83:0-mm_percpu_wq]
1423246 ?        I      0:00 [kworker/16:1]
1435583 ?        I      0:00 [kworker/85:1-mm_percpu_wq]
1477645 ?        I      0:00 [kworker/13:1-mm_percpu_wq]
1484770 ?        I      0:00 [kworker/74:0-rcu_gp]
1487684 ?        I      0:00 [kworker/87:0]
1509498 ?        I      0:00 [kworker/64:0-rcu_par_gp]
1520504 ?        I      0:00 [kworker/17:0-mm_percpu_wq]
1534208 ?        I      0:00 [kworker/6:0-events]
1542475 ?        I      0:00 [kworker/92:1-mm_percpu_wq]
1542482 ?        I      0:00 [kworker/56:2-mm_percpu_wq]
1553051 ?        I      0:00 [kworker/70:0-wg-crypt-wg0]
1556356 ?        I      0:00 [kworker/u196:1-events_power_efficient]
1566975 ?        I      0:00 [kworker/61:1-mm_percpu_wq]
1567130 ?        I      0:00 [kworker/70:1-mm_percpu_wq]
1575043 ?        I      0:00 [kworker/31:2-wg-crypt-wg0]
1591877 ?        I      0:00 [kworker/89:2-cgroup_destroy]
1591878 ?        I      0:00 [kworker/88:0-mm_percpu_wq]
1600251 ?        I      0:00 [kworker/77:2-wg-crypt-wg0]
1608501 ?        I      0:00 [kworker/37:0-mm_percpu_wq]
1614875 ?        I      0:00 [kworker/26:1-mm_percpu_wq]
1615713 ?        I      0:00 [kworker/93:2-mm_percpu_wq]
1615722 ?        I      0:00 [kworker/20:2-events]
1615724 ?        I      0:00 [kworker/23:0-mm_percpu_wq]
1616642 ?        I      0:00 [kworker/24:2-mm_percpu_wq]
1617863 ?        I      0:00 [kworker/5:2-mm_percpu_wq]
1623713 ?        I      0:00 [kworker/27:2]
1623717 ?        I      0:00 [kworker/84:0-mm_percpu_wq]
1642230 ?        I      0:01 [kworker/u193:0-events_power_efficient]
1649503 ?        I      0:00 [kworker/91:0-mm_percpu_wq]
1649504 ?        I      0:00 [kworker/92:2-mm_percpu_wq]
1665797 ?        I      0:00 [kworker/4:0-mm_percpu_wq]
1666632 ?        I      0:00 [kworker/2:2]
1672746 ?        I      0:00 [kworker/9:0]
1673427 ?        I      0:00 [kworker/22:0-wg-crypt-wg0]
1674331 ?        I      0:00 [kworker/20:0-mm_percpu_wq]
1682702 ?        I      0:01 [kworker/0:1-mm_percpu_wq]
1682706 ?        I      0:00 [kworker/8:1-rcu_gp]
1707148 ?        I      0:00 [kworker/12:1-mm_percpu_wq]
1736036 ?        I      0:00 [kworker/14:0-mm_percpu_wq]
1736245 ?        I      0:00 [kworker/4:2-mm_percpu_wq]
1742737 ?        I      0:00 [kworker/78:0-cgroup_destroy]
1764484 ?        I      0:00 [kworker/68:2-mm_percpu_wq]
1765451 ?        I      0:00 [kworker/3:1-mm_percpu_wq]
1794545 ?        I      0:00 [kworker/u193:1-writeback]
1794854 ?        I      0:00 [kworker/34:2-mm_percpu_wq]
1804864 ?        I      0:00 [kworker/64:2-mm_percpu_wq]
1809654 ?        I      0:00 [kworker/62:1-mm_percpu_wq]
1838937 ?        I      0:00 [kworker/35:0-mm_percpu_wq]
1839141 ?        I      0:00 [kworker/51:1-mm_percpu_wq]
1850991 ?        I      0:00 [kworker/53:2-cgroup_destroy]
1856290 ?        I      0:00 [kworker/u195:1-events_power_efficient]
1868340 ?        I      0:00 [kworker/66:1-events]
1876771 ?        I      0:00 [kworker/58:0-wg-crypt-wg0]
1880714 ?        I      0:00 [kworker/65:0-mm_percpu_wq]
1883106 ?        I      0:00 [kworker/29:2-mm_percpu_wq]
1883113 ?        I      0:00 [kworker/41:0-mm_percpu_wq]
1883117 ?        I      0:00 [kworker/56:1]
1925668 ?        I      0:00 [kworker/40:0-events]
1925683 ?        I      0:00 [kworker/7:1]
1925685 ?        I      0:00 [kworker/95:2]
1926866 ?        I      0:00 [kworker/68:0]
1941651 ?        I      0:00 [kworker/10:0-mm_percpu_wq]
1941652 ?        I      0:00 [kworker/11:0-mm_percpu_wq]
1954245 ?        I      0:00 [kworker/54:2]
1954432 ?        I      0:00 [kworker/52:1-events]
1954623 ?        I      0:00 [kworker/50:2]
1954677 ?        I      0:00 [kworker/48:2-mm_percpu_wq]
1955728 ?        I      0:00 [kworker/49:0-wg-crypt-wg0]
1958286 ?        I      0:00 [kworker/u192:1-ext4-rsv-conversion]
1977762 ?        I      0:00 [kworker/62:2-cgroup_destroy]
1996007 ?        I      0:00 [kworker/6:1]
2030722 ?        I      0:00 [kworker/88:1]
2035603 ?        I      0:00 [kworker/51:0-mm_percpu_wq]
2051432 ?        I      0:00 [kworker/25:0]
2076676 ?        I      0:00 [kworker/91:2]
2080011 ?        I      0:00 [kworker/3:0]
2080781 ?        I      0:00 [kworker/u197:1-events_power_efficient]
2083199 ?        I      0:00 [kworker/58:3-mm_percpu_wq]
2089724 ?        I      0:00 [kworker/17:1]
2102979 ?        I      0:00 [kworker/47:0-mm_percpu_wq]
2109966 ?        I      0:00 [kworker/73:3-mm_percpu_wq]
2115461 ?        I      0:00 [kworker/u194:3-events_unbound]
2130079 ?        I      0:00 [kworker/60:0]
2130753 ?        I      0:00 [kworker/u193:3-writeback]
2135349 ?        I      0:00 [kworker/21:2-mm_percpu_wq]
2136203 ?        I      0:00 [kworker/41:1-cgroup_destroy]
2136247 ?        I      0:00 [kworker/u196:3-events_power_efficient]
2137016 ?        I      0:00 [kworker/69:2-mm_percpu_wq]
2137995 ?        I      0:00 [kworker/33:1-mm_percpu_wq]
2138004 ?        I      0:00 [kworker/80:2-mm_percpu_wq]
2151268 ?        I      0:00 [kworker/40:3]
2156766 ?        I      0:00 [kworker/79:1-mm_percpu_wq]
2163040 ?        I      0:00 [kworker/52:2]
2170485 ?        I      0:00 [kworker/48:1]
2183683 ?        I      0:00 [kworker/74:2-mm_percpu_wq]
2183944 ?        I      0:00 [kworker/28:2]
2189234 ?        I      0:00 [kworker/32:2]
2195499 ?        I      0:00 [kworker/90:2-mm_percpu_wq]
2197407 ?        I      0:00 [kworker/33:2]
2207422 ?        I      0:00 [kworker/78:2-mm_percpu_wq]
2211286 ?        I      0:00 [kworker/1:1-wg-crypt-wg0]
2216021 ?        I      0:00 [kworker/80:3]
2216364 ?        I      0:00 [kworker/u197:0-flush-8:0]
2224879 ?        I      0:00 [kworker/76:0]
2230544 ?        I      0:00 [kworker/82:1-mm_percpu_wq]
2235287 ?        I      0:00 [kworker/u197:2-events_unbound]
2239104 ?        I      0:00 [kworker/57:1-mm_percpu_wq]
2239110 ?        I      0:00 [kworker/69:1-rcu_par_gp]
2239119 ?        I      0:00 [kworker/89:0-mm_percpu_wq]
2239429 ?        I      0:00 [kworker/66:2-mm_percpu_wq]
2241852 ?        I      0:00 [kworker/u194:2-events_power_efficient]
2244171 ?        I      0:00 [kworker/72:2-mm_percpu_wq]
2253449 ?        I      0:00 [kworker/42:2]
2253454 ?        I      0:00 [kworker/65:3]
2269652 ?        I      0:00 [kworker/u198:3-events_power_efficient]
2273293 ?        I      0:00 [kworker/94:2]
2283766 ?        I      0:00 [kworker/82:2]
2294795 ?        I      0:00 [kworker/1:0-events]
2298093 ?        I      0:00 [kworker/23:2-mm_percpu_wq]
2298299 ?        I      0:00 [kworker/90:1]
2302065 ?        I      0:00 [kworker/84:2]
2302269 ?        I      0:00 [kworker/u198:0-events_power_efficient]
2307786 ?        I      0:00 [kworker/u198:4-events_power_efficient]
2313107 ?        I      0:00 [kworker/1:2-events]
2331355 ?        I      0:00 [kworker/78:1]
2333715 ?        I      0:00 [kworker/u198:1-events_power_efficient]
2342483 ?        I      0:00 [kworker/18:1]
2344028 ?        I      0:00 [kworker/77:0-mm_percpu_wq]
2344788 ?        Ss     0:01 /mnt/data/builds/pg-partitions-no-groups-256-pool-yes/bin/postgres -D /mnt/data/pgdata
2344789 ?        Ss     0:00 postgres: checkpointer 
2344790 ?        Ss     0:00 postgres: background writer 
2344792 ?        Ss     0:00 postgres: walwriter 
2344793 ?        Ss     0:00 postgres: autovacuum launcher 
2344794 ?        Ss     0:00 postgres: logical replication launcher 
2344798 pts/1    S+     0:00 /usr/bin/bash ./run-index.sh d96v5-epyc7763 pg-partitions-no-groups-256-pool-yes 1000 no yes yes 256 /mnt/data/scalability-tests/20240831-1741-continue/logs/1-1000-100-index-no-yes-yes-256-1725177881 3 5 16 96 256 100
2344800 pts/1    S+     0:00 /usr/bin/bash ./prepare-index.sh /mnt/data/scalability-tests/20240831-1741-continue/logs/1-1000-100-index-no-yes-yes-256-1725177881 10 100
2344801 pts/1    R+     0:00 ps ax
