BINDIR = /mnt/pgdata/builds/join-yes-yes-no-512-32768-100-1723312883/bin
DOCDIR = /mnt/pgdata/builds/join-yes-yes-no-512-32768-100-1723312883/share/doc/postgresql
HTMLDIR = /mnt/pgdata/builds/join-yes-yes-no-512-32768-100-1723312883/share/doc/postgresql
INCLUDEDIR = /mnt/pgdata/builds/join-yes-yes-no-512-32768-100-1723312883/include
PKGINCLUDEDIR = /mnt/pgdata/builds/join-yes-yes-no-512-32768-100-1723312883/include/postgresql
INCLUDEDIR-SERVER = /mnt/pgdata/builds/join-yes-yes-no-512-32768-100-1723312883/include/postgresql/server
LIBDIR = /mnt/pgdata/builds/join-yes-yes-no-512-32768-100-1723312883/lib
PKGLIBDIR = /mnt/pgdata/builds/join-yes-yes-no-512-32768-100-1723312883/lib/postgresql
LOCALEDIR = /mnt/pgdata/builds/join-yes-yes-no-512-32768-100-1723312883/share/locale
MANDIR = /mnt/pgdata/builds/join-yes-yes-no-512-32768-100-1723312883/share/man
SHAREDIR = /mnt/pgdata/builds/join-yes-yes-no-512-32768-100-1723312883/share/postgresql
SYSCONFDIR = /mnt/pgdata/builds/join-yes-yes-no-512-32768-100-1723312883/etc/postgresql
PGXS = /mnt/pgdata/builds/join-yes-yes-no-512-32768-100-1723312883/lib/postgresql/pgxs/src/makefiles/pgxs.mk
CONFIGURE =  '--prefix=/mnt/pgdata/builds/join-yes-yes-no-512-32768-100-1723312883' '--enable-debug' '--enable-depend' 'CC=ccache gcc'
CC = ccache gcc
CPPFLAGS = -D_GNU_SOURCE
CFLAGS = -Wall -Wmissing-prototypes -Wpointer-arith -Wdeclaration-after-statement -Werror=vla -Wendif-labels -Wmissing-format-attribute -Wimplicit-fallthrough=3 -Wcast-function-type -Wshadow=compatible-local -Wformat-security -fno-strict-aliasing -fwrapv -fexcess-precision=standard -Wno-format-truncation -Wno-stringop-truncation -g -O2
CFLAGS_SL = -fPIC
LDFLAGS = -Wl,--as-needed -Wl,-rpath,'/mnt/pgdata/builds/join-yes-yes-no-512-32768-100-1723312883/lib',--enable-new-dtags
LDFLAGS_EX = 
LDFLAGS_SL = 
LIBS = -lpgcommon -lpgport -lz -lreadline -lm 
VERSION = PostgreSQL 18devel
