  PID TTY      STAT   TIME COMMAND
    1 ?        Ss     1:01 /sbin/init
    2 ?        S      0:02 [kthreadd]
    3 ?        S      0:00 [pool_workqueue_release]
    4 ?        I<     0:00 [kworker/R-rcu_g]
    5 ?        I<     0:00 [kworker/R-rcu_p]
    6 ?        I<     0:00 [kworker/R-slub_]
    7 ?        I<     0:00 [kworker/R-netns]
   12 ?        I<     0:00 [kworker/R-mm_pe]
   13 ?        I      0:00 [rcu_tasks_kthread]
   14 ?        I      0:00 [rcu_tasks_rude_kthread]
   15 ?        I      0:00 [rcu_tasks_trace_kthread]
   16 ?        S     14:50 [ksoftirqd/0]
   17 ?        I      9:53 [rcu_preempt]
   18 ?        S      0:03 [migration/0]
   19 ?        S      0:00 [cpuhp/0]
   20 ?        S      0:00 [cpuhp/1]
   21 ?        S      0:03 [migration/1]
   22 ?        S     14:26 [ksoftirqd/1]
   25 ?        S      0:00 [cpuhp/2]
   26 ?        S      0:03 [migration/2]
   27 ?        S     14:23 [ksoftirqd/2]
   30 ?        S      0:00 [cpuhp/3]
   31 ?        S      0:03 [migration/3]
   32 ?        S     14:21 [ksoftirqd/3]
   39 ?        S      0:00 [kdevtmpfs]
   40 ?        I<     0:00 [kworker/R-inet_]
   42 ?        S      0:00 [kauditd]
   44 ?        S      0:00 [khungtaskd]
   45 ?        S      0:00 [oom_reaper]
   46 ?        I<     0:00 [kworker/R-write]
   47 ?        S     22:23 [kcompactd0]
   48 ?        I<     0:00 [kworker/R-kinte]
   49 ?        I<     0:00 [kworker/R-kbloc]
   50 ?        I<     0:00 [kworker/R-blkcg]
   53 ?        S      0:00 [watchdogd]
   56 ?        I<     0:00 [kworker/R-rpcio]
   57 ?        I<     0:00 [kworker/R-xprti]
   59 ?        S    102:07 [kswapd0]
   60 ?        I<     0:00 [kworker/R-nfsio]
   61 ?        I<     0:00 [kworker/R-kthro]
   63 ?        S      0:00 [hwrng]
   64 ?        I<     0:00 [kworker/R-iscsi]
   65 ?        I<     0:00 [kworker/R-nvme-]
   66 ?        I<     0:00 [kworker/R-nvme-]
   67 ?        I<     0:00 [kworker/R-nvme-]
   68 ?        I<     0:00 [kworker/R-DWC N]
   69 ?        I<     0:00 [kworker/R-uas]
   70 ?        I<     1:56 [kworker/u13:0-brcmf_wq/mmc1:0001:1]
   71 ?        I<     0:00 [kworker/u14:0]
   72 ?        I<     0:00 [kworker/u15:0]
   73 ?        I<     0:00 [kworker/u16:0]
   74 ?        I<     0:00 [kworker/u17:0]
   75 ?        S      0:00 [irq/38-aerdrv]
   76 ?        S      0:00 [irq/44-aerdrv]
   85 ?        I<     0:00 [kworker/R-sdhci]
   86 ?        S      0:03 [irq/167-mmc0]
   88 ?        I<     0:00 [kworker/R-sdhci]
   89 ?        S      0:00 [irq/168-mmc1]
   91 ?        I<     0:00 [kworker/R-mmc_c]
  146 ?        S      0:00 [spi10]
  223 ?        S      4:52 [jbd2/mmcblk0p2-8]
  224 ?        I<     0:00 [kworker/R-ext4-]
  238 ?        I<     0:00 [kworker/R-mld]
  239 ?        I<     0:00 [kworker/R-ipv6_]
  288 ?        Ss     0:21 /lib/systemd/systemd-journald
  319 ?        Ss     1:24 /lib/systemd/systemd-udevd
  398 ?        S      0:00 [irq/174-1000800000.codec]
  400 ?        S      0:00 [v3d_bin]
  401 ?        S      0:00 [v3d_render]
  402 ?        S      0:00 [v3d_tfu]
  403 ?        S      0:00 [v3d_csd]
  404 ?        S      0:00 [v3d_cache_clean]
  521 ?        I<     0:00 [kworker/R-cfg80]
  535 ?        I<     0:00 [kworker/R-btrfs]
  536 ?        I<     0:00 [kworker/R-btrfs]
  537 ?        I<     0:00 [kworker/R-btrfs]
  539 ?        I<     0:00 [kworker/R-btrfs]
  540 ?        I<     0:00 [kworker/R-btrfs]
  541 ?        I<     0:00 [kworker/R-btrfs]
  542 ?        I<     0:00 [kworker/R-btrfs]
  543 ?        I<     0:00 [kworker/R-btrfs]
  544 ?        I<     0:00 [kworker/R-btrfs]
  545 ?        I<     0:00 [kworker/R-btrfs]
  546 ?        I<     0:00 [kworker/R-btrfs]
  547 ?        I<     0:00 [kworker/R-btrfs]
  548 ?        I<     0:00 [kworker/R-btrfs]
  559 ?        S      0:03 [btrfs-cleaner]
  560 ?        S     20:55 [btrfs-transaction]
  565 ?        I<     0:00 [kworker/R-brcmf]
  566 ?        S      0:12 [brcmf_wdog/mmc1:0001:1]
  583 ?        S      0:03 [irq/180-vc4 hdmi hpd connected]
  587 ?        S      1:02 [irq/181-vc4 hdmi hpd disconnected]
  588 ?        S      0:00 [cec-vc4-hdmi-0]
  589 ?        S      0:00 [irq/182-vc4 hdmi cec rx]
  622 ?        S      0:00 [irq/183-vc4 hdmi cec tx]
  628 ?        S      0:00 [irq/184-vc4 hdmi hpd connected]
  629 ?        S      0:00 [irq/185-vc4 hdmi hpd disconnected]
  630 ?        S      0:00 [cec-vc4-hdmi-1]
  631 ?        S      0:00 [irq/186-vc4 hdmi cec rx]
  632 ?        S      0:00 [irq/187-vc4 hdmi cec tx]
  635 ?        S      0:00 [card1-crtc0]
  636 ?        S      0:00 [card1-crtc1]
  637 ?        S      0:00 [card1-crtc2]
  638 ?        S      0:00 [card1-crtc3]
  661 ?        Ssl    0:03 /lib/systemd/systemd-timesyncd
  665 ?        I<     0:00 [kworker/u13:3-hci0]
  704 ?        Ss     0:31 avahi-daemon: running [raspberry-32.local]
  705 ?        Ss     0:00 /usr/libexec/bluetooth/bluetoothd
  706 ?        Ss     0:02 /usr/sbin/cron -f
  707 ?        Ss     1:14 /usr/bin/dbus-daemon --system --address=systemd: --nofork --nopidfile --systemd-activation --syslog-only
  710 ?        Ssl    0:01 /usr/lib/polkit-1/polkitd --no-debug
  720 ?        Ss     0:00 /usr/sbin/smartd -n
  722 ?        Ss     0:06 /lib/systemd/systemd-logind
  724 ?        Ss     0:07 /usr/sbin/thd --triggers /etc/triggerhappy/triggers.d/ --socket /run/thd.socket --user nobody --deviceglob /dev/input/event*
  739 ?        S      0:00 avahi-daemon: chroot helper
  790 ?        Ssl    3:06 /usr/sbin/NetworkManager --no-daemon
  815 ?        Ss     1:19 /sbin/wpa_supplicant -u -s -O DIR=/run/wpa_supplicant GROUP=netdev
  818 ?        Ssl    0:01 /usr/sbin/ModemManager
  835 ?        Ss     0:00 sshd: /usr/sbin/sshd -D [listener] 0 of 10-100 startups
  897 tty1     Ss+    0:00 /sbin/agetty -o -p -- \u --noclear - linux
  898 ?        Ss+    0:00 /sbin/agetty -o -p -- \u --keep-baud 115200,57600,38400,9600 - vt220
  958 ?        Ss     0:04 /lib/systemd/systemd --user
  959 ?        S      0:00 (sd-pam)
 1249 ?        I      0:00 [kworker/1:0-events]
 1403 ?        I<     0:00 [kworker/2:1H-kblockd]
 3100 ?        I      0:00 [kworker/u10:1-btrfs-endio-write]
 3231 ?        I      0:00 [kworker/3:2-wg-crypt-wg0]
 3585 ?        I      0:00 [kworker/0:0-events]
 3657 ?        I      0:00 [kworker/u8:3-btrfs-delayed-meta]
 6111 ?        I      0:00 [kworker/u9:4-btrfs-endio]
 6112 ?        I      0:00 [kworker/u9:5-btrfs-worker]
 6482 ?        I      0:00 [kworker/u9:3-writeback]
 7804 ?        I      0:00 [kworker/u12:6-btrfs-endio-write]
 8483 ?        I      0:00 [kworker/u10:3-btrfs-endio-write]
 8857 ?        I      0:00 [kworker/0:2-events]
 9067 ?        I      0:00 [kworker/2:1-events_power_efficient]
 9198 ?        I      0:00 [kworker/u8:0-btrfs-delayed-meta]
 9325 ?        I<     0:00 [kworker/0:1H-kblockd]
10804 ?        I<     0:00 [kworker/0:0H-mmc_complete]
11541 ?        I<     0:00 [kworker/3:1H-kblockd]
12674 ?        I      0:00 [kworker/u12:4-btrfs-endio-write]
12679 ?        I      0:00 [kworker/u12:5-btrfs-endio-write]
12680 ?        I      0:00 [kworker/u10:4-btrfs-endio-write]
12681 ?        I      0:00 [kworker/u10:7-btrfs-endio]
12725 ?        I      0:00 [kworker/u8:4-btrfs-delayed-meta]
12726 ?        I      0:00 [kworker/u8:5-ext4-rsv-conversion]
14270 ?        I      0:00 [kworker/u12:8-btrfs-endio]
14734 ?        Ss     0:00 SCREEN
14735 pts/1    Ss     0:01 /bin/bash
14832 ?        I<     0:00 [kworker/3:2H-kblockd]
15095 ?        I      0:00 [kworker/2:0]
15329 ?        I      0:00 [kworker/u12:3-btrfs-endio]
16337 ?        I      0:00 [kworker/u11:3-btrfs-endio]
16340 ?        I      0:00 [kworker/u9:8-btrfs-worker]
16414 ?        Ss     0:00 /mnt/data/builds/count-yes-no-no-64-32768-0-1723691966/bin/postgres -D /mnt/data/data-test
16415 ?        Ss     0:00 postgres: checkpointer 
16416 ?        Ss     0:00 postgres: background writer 
16418 ?        Ss     0:00 postgres: walwriter 
16419 ?        Ss     0:00 postgres: autovacuum launcher 
16420 ?        Ss     0:00 postgres: logical replication launcher 
16424 pts/1    S+     0:00 /usr/bin/bash ./run-count.sh rpi5-32 count-yes-no-no-64-32768-0-1723691966 32768 yes no no 64 /mnt/data/lock-scalability-test-2/20240810-0027-new/logs/count-yes-no-no-64-32768-0-1723691966 3 10 16 1 4 0
16426 pts/1    S+     0:00 /usr/bin/bash ./prepare-count.sh /mnt/data/lock-scalability-test-2/20240810-0027-new/logs/count-yes-no-no-64-32768-0-1723691966 0
16427 pts/1    R+     0:00 ps ax
16912 ?        I      0:00 [kworker/u8:6-btrfs-delayed-meta]
17540 ?        I      0:00 [kworker/u11:1-btrfs-endio-write]
17541 ?        I      0:00 [kworker/u11:4-btrfs-endio-write]
17573 ?        I      0:00 [kworker/3:0-events_power_efficient]
19362 ?        I      0:00 [kworker/1:2-mm_percpu_wq]
22086 ?        I<     0:00 [kworker/3:0H-kblockd]
22090 ?        I      0:00 [kworker/u12:0-btrfs-endio]
22091 ?        I      0:00 [kworker/u12:1-btrfs-endio-write]
22092 ?        I      0:00 [kworker/u12:2-btrfs-endio-write]
22346 ?        I      0:00 [kworker/0:1-events_freezable_power_]
22514 ?        I      0:00 [kworker/2:3-events_power_efficient]
22581 ?        I<     0:00 [kworker/R-wg-cr]
23109 ?        I<     0:00 [kworker/0:3H-kblockd]
23368 ?        I      0:00 [kworker/u10:2-btrfs-worker]
23375 ?        I      0:00 [kworker/u10:6-btrfs-endio-write]
24684 ?        I      0:00 [kworker/u8:2-btrfs-delayed-meta]
25559 ?        I<     0:00 [kworker/1:2H-kblockd]
25856 ?        I      0:00 [kworker/2:2-mm_percpu_wq]
26719 pts/1    S+     0:17 /usr/bin/bash -x ./run.sh new
27662 ?        I<     0:00 [kworker/2:2H-kblockd]
28463 ?        I<     0:09 [kworker/2:0H-kblockd]
29614 ?        I<     0:02 [kworker/1:0H-kblockd]
31257 ?        I      0:00 [kworker/u10:5-btrfs-worker]
31969 ?        I      0:00 [kworker/u10:0-btrfs-worker]
32505 ?        I      0:00 [kworker/u8:1-btrfs-delayed-meta]
