                                         List of relations
 Schema |   Name   |   Type   |   Owner   | Persistence | Access method |    Size    | Description 
--------+----------+----------+-----------+-------------+---------------+------------+-------------
 public | t        | table    | azureuser | permanent   | heap          | 43 MB      | 
 public | t_id_seq | sequence | azureuser | permanent   |               | 8192 bytes | 
(2 rows)

                                          List of relations
 Schema |   Name    | Type  |   Owner   | Table | Persistence | Access method |  Size   | Description 
--------+-----------+-------+-----------+-------+-------------+---------------+---------+-------------
 public | t_c10_idx | index | azureuser | t     | permanent   | btree         | 2208 kB | 
 public | t_c11_idx | index | azureuser | t     | permanent   | btree         | 2208 kB | 
 public | t_c2_idx  | index | azureuser | t     | permanent   | btree         | 2208 kB | 
 public | t_c3_idx  | index | azureuser | t     | permanent   | btree         | 2208 kB | 
 public | t_c4_idx  | index | azureuser | t     | permanent   | btree         | 2208 kB | 
 public | t_c5_idx  | index | azureuser | t     | permanent   | btree         | 2208 kB | 
 public | t_c6_idx  | index | azureuser | t     | permanent   | btree         | 2208 kB | 
 public | t_c7_idx  | index | azureuser | t     | permanent   | btree         | 2208 kB | 
 public | t_c8_idx  | index | azureuser | t     | permanent   | btree         | 2208 kB | 
 public | t_c9_idx  | index | azureuser | t     | permanent   | btree         | 2208 kB | 
 public | t_pkey    | index | azureuser | t     | permanent   | btree         | 2208 kB | 
(11 rows)

