  PID TTY      STAT   TIME COMMAND
    1 ?        Ss     0:51 /sbin/init
    2 ?        S      0:01 [kthreadd]
    3 ?        S      0:00 [pool_workqueue_release]
    4 ?        I<     0:00 [kworker/R-rcu_g]
    5 ?        I<     0:00 [kworker/R-rcu_p]
    6 ?        I<     0:00 [kworker/R-slub_]
    7 ?        I<     0:00 [kworker/R-netns]
   12 ?        I<     0:00 [kworker/R-mm_pe]
   13 ?        I      0:00 [rcu_tasks_kthread]
   14 ?        I      0:00 [rcu_tasks_rude_kthread]
   15 ?        I      0:00 [rcu_tasks_trace_kthread]
   16 ?        S     10:01 [ksoftirqd/0]
   17 ?        I      7:56 [rcu_preempt]
   18 ?        S      0:02 [migration/0]
   19 ?        S      0:00 [cpuhp/0]
   20 ?        S      0:00 [cpuhp/1]
   21 ?        S      0:02 [migration/1]
   22 ?        S      9:41 [ksoftirqd/1]
   25 ?        S      0:00 [cpuhp/2]
   26 ?        S      0:02 [migration/2]
   27 ?        S      9:38 [ksoftirqd/2]
   30 ?        S      0:00 [cpuhp/3]
   31 ?        S      0:02 [migration/3]
   32 ?        S      9:40 [ksoftirqd/3]
   39 ?        S      0:00 [kdevtmpfs]
   40 ?        I<     0:00 [kworker/R-inet_]
   42 ?        S      0:00 [kauditd]
   44 ?        S      0:00 [khungtaskd]
   45 ?        S      0:00 [oom_reaper]
   46 ?        I<     0:00 [kworker/R-write]
   47 ?        S     21:24 [kcompactd0]
   48 ?        I<     0:00 [kworker/R-kinte]
   49 ?        I<     0:00 [kworker/R-kbloc]
   50 ?        I<     0:00 [kworker/R-blkcg]
   53 ?        S      0:00 [watchdogd]
   56 ?        I<     0:00 [kworker/R-rpcio]
   57 ?        I<     0:00 [kworker/R-xprti]
   59 ?        S    101:45 [kswapd0]
   60 ?        I<     0:00 [kworker/R-nfsio]
   61 ?        I<     0:00 [kworker/R-kthro]
   63 ?        S      0:00 [hwrng]
   64 ?        I<     0:00 [kworker/R-iscsi]
   65 ?        I<     0:00 [kworker/R-nvme-]
   66 ?        I<     0:00 [kworker/R-nvme-]
   67 ?        I<     0:00 [kworker/R-nvme-]
   68 ?        I<     0:00 [kworker/R-DWC N]
   69 ?        I<     0:00 [kworker/R-uas]
   70 ?        I<     1:36 [kworker/u13:0-brcmf_wq/mmc1:0001:1]
   71 ?        I<     0:00 [kworker/u14:0]
   72 ?        I<     0:00 [kworker/u15:0]
   73 ?        I<     0:00 [kworker/u16:0]
   74 ?        I<     0:00 [kworker/u17:0]
   75 ?        S      0:00 [irq/38-aerdrv]
   76 ?        S      0:00 [irq/44-aerdrv]
   85 ?        I<     0:00 [kworker/R-sdhci]
   86 ?        S      0:02 [irq/167-mmc0]
   88 ?        I<     0:00 [kworker/R-sdhci]
   89 ?        S      0:00 [irq/168-mmc1]
   91 ?        I<     0:00 [kworker/R-mmc_c]
  146 ?        S      0:00 [spi10]
  223 ?        S      3:47 [jbd2/mmcblk0p2-8]
  224 ?        I<     0:00 [kworker/R-ext4-]
  238 ?        I<     0:00 [kworker/R-mld]
  239 ?        I<     0:00 [kworker/R-ipv6_]
  288 ?        Ss     0:17 /lib/systemd/systemd-journald
  319 ?        Ss     1:04 /lib/systemd/systemd-udevd
  398 ?        S      0:00 [irq/174-1000800000.codec]
  400 ?        S      0:00 [v3d_bin]
  401 ?        S      0:00 [v3d_render]
  402 ?        S      0:00 [v3d_tfu]
  403 ?        S      0:00 [v3d_csd]
  404 ?        S      0:00 [v3d_cache_clean]
  521 ?        I<     0:00 [kworker/R-cfg80]
  535 ?        I<     0:00 [kworker/R-btrfs]
  536 ?        I<     0:00 [kworker/R-btrfs]
  537 ?        I<     0:00 [kworker/R-btrfs]
  539 ?        I<     0:00 [kworker/R-btrfs]
  540 ?        I<     0:00 [kworker/R-btrfs]
  541 ?        I<     0:00 [kworker/R-btrfs]
  542 ?        I<     0:00 [kworker/R-btrfs]
  543 ?        I<     0:00 [kworker/R-btrfs]
  544 ?        I<     0:00 [kworker/R-btrfs]
  545 ?        I<     0:00 [kworker/R-btrfs]
  546 ?        I<     0:00 [kworker/R-btrfs]
  547 ?        I<     0:00 [kworker/R-btrfs]
  548 ?        I<     0:00 [kworker/R-btrfs]
  559 ?        S      0:03 [btrfs-cleaner]
  560 ?        S     16:41 [btrfs-transaction]
  565 ?        I<     0:00 [kworker/R-brcmf]
  566 ?        S      0:10 [brcmf_wdog/mmc1:0001:1]
  583 ?        S      0:02 [irq/180-vc4 hdmi hpd connected]
  587 ?        S      0:43 [irq/181-vc4 hdmi hpd disconnected]
  588 ?        S      0:00 [cec-vc4-hdmi-0]
  589 ?        S      0:00 [irq/182-vc4 hdmi cec rx]
  622 ?        S      0:00 [irq/183-vc4 hdmi cec tx]
  628 ?        S      0:00 [irq/184-vc4 hdmi hpd connected]
  629 ?        S      0:00 [irq/185-vc4 hdmi hpd disconnected]
  630 ?        S      0:00 [cec-vc4-hdmi-1]
  631 ?        S      0:00 [irq/186-vc4 hdmi cec rx]
  632 ?        S      0:00 [irq/187-vc4 hdmi cec tx]
  635 ?        S      0:00 [card1-crtc0]
  636 ?        S      0:00 [card1-crtc1]
  637 ?        S      0:00 [card1-crtc2]
  638 ?        S      0:00 [card1-crtc3]
  661 ?        Ssl    0:03 /lib/systemd/systemd-timesyncd
  665 ?        I<     0:00 [kworker/u13:3-hci0]
  704 ?        Ss     0:25 avahi-daemon: running [raspberry-32.local]
  705 ?        Ss     0:00 /usr/libexec/bluetooth/bluetoothd
  706 ?        Ss     0:02 /usr/sbin/cron -f
  707 ?        Ss     1:01 /usr/bin/dbus-daemon --system --address=systemd: --nofork --nopidfile --systemd-activation --syslog-only
  710 ?        Ssl    0:01 /usr/lib/polkit-1/polkitd --no-debug
  720 ?        Ss     0:00 /usr/sbin/smartd -n
  722 ?        Ss     0:05 /lib/systemd/systemd-logind
  724 ?        Ss     0:05 /usr/sbin/thd --triggers /etc/triggerhappy/triggers.d/ --socket /run/thd.socket --user nobody --deviceglob /dev/input/event*
  739 ?        S      0:00 avahi-daemon: chroot helper
  790 ?        Ssl    2:34 /usr/sbin/NetworkManager --no-daemon
  815 ?        Ss     1:05 /sbin/wpa_supplicant -u -s -O DIR=/run/wpa_supplicant GROUP=netdev
  818 ?        Ssl    0:01 /usr/sbin/ModemManager
  835 ?        Ss     0:00 sshd: /usr/sbin/sshd -D [listener] 0 of 10-100 startups
  897 tty1     Ss+    0:00 /sbin/agetty -o -p -- \u --noclear - linux
  898 ?        Ss+    0:00 /sbin/agetty -o -p -- \u --keep-baud 115200,57600,38400,9600 - vt220
  958 ?        Ss     0:03 /lib/systemd/systemd --user
  959 ?        S      0:00 (sd-pam)
 2196 ?        I      0:00 [kworker/u12:7-btrfs-worker]
 2197 ?        I      0:00 [kworker/u11:0-btrfs-worker]
 2309 ?        I<     0:00 [kworker/R-wg-cr]
 2350 ?        I      0:00 [kworker/1:0-wg-crypt-wg0]
 2445 ?        I      0:00 [kworker/0:2-events]
 3199 ?        I      0:00 [kworker/u10:2-btrfs-worker]
 3202 ?        I      0:00 [kworker/u12:0-btrfs-worker]
 3203 ?        I      0:00 [kworker/u10:4-btrfs-worker]
 4210 ?        I<     0:02 [kworker/2:1H-kblockd]
 4320 ?        I<     0:00 [kworker/0:1H-kblockd]
 7597 ?        I<     0:00 [kworker/3:2H-kblockd]
 8514 ?        I<     0:00 [kworker/1:0H-kblockd]
 9087 ?        I      0:00 [kworker/u12:1-btrfs-endio-write]
 9089 ?        I      0:00 [kworker/u8:1-ext4-rsv-conversion]
10640 ?        I      0:00 [kworker/u8:6-btrfs-delayed-meta]
10821 ?        I<     0:00 [kworker/2:0H-kblockd]
10942 ?        I      0:00 [kworker/u11:1-btrfs-worker]
10950 ?        I      0:00 [kworker/u10:1]
10951 ?        I      0:00 [kworker/u10:3-btrfs-worker]
11011 ?        I      0:00 [kworker/0:3-events]
11012 ?        I      0:00 [kworker/2:2-mm_percpu_wq]
13276 ?        I<     0:00 [kworker/2:2H-kblockd]
13698 ?        I      0:00 [kworker/u11:2-btrfs-worker]
13699 ?        I      0:00 [kworker/u11:3-btrfs-endio]
13800 ?        I      0:00 [kworker/2:0-mm_percpu_wq]
13920 ?        I<     0:00 [kworker/3:1H-kblockd]
14135 ?        I      0:00 [kworker/3:3-events_power_efficient]
14734 ?        Ss     0:00 SCREEN
14735 pts/1    Ss     0:01 /bin/bash
15553 ?        I      0:00 [kworker/u11:5-btrfs-worker]
15554 ?        I      0:00 [kworker/u11:6-btrfs-endio]
15555 ?        I      0:00 [kworker/u11:7-btrfs-worker]
15556 ?        I      0:00 [kworker/u11:8-btrfs-worker]
15994 ?        I      0:00 [kworker/1:1-mm_percpu_wq]
16095 ?        I      0:00 [kworker/u9:1-writeback]
17399 ?        I      0:00 [kworker/u10:7-btrfs-worker]
17400 ?        I      0:00 [kworker/u12:2-btrfs-endio]
17402 ?        I      0:00 [kworker/u12:3-btrfs-endio-write]
17404 ?        I      0:00 [kworker/u12:4-btrfs-worker]
17405 ?        I      0:00 [kworker/u10:9-btrfs-worker]
17406 ?        I      0:00 [kworker/u10:10-btrfs-worker]
17408 ?        I      0:00 [kworker/u12:6-btrfs-worker]
17419 ?        I      0:00 [kworker/u9:6-btrfs-endio]
19257 ?        I      0:00 [kworker/u8:0-btrfs-delayed-meta]
19399 ?        I      0:00 [kworker/u12:9-btrfs-endio-write]
19996 ?        I<     0:01 [kworker/3:0H-kblockd]
21234 ?        I<     0:00 [kworker/1:1H-kblockd]
21305 ?        I      0:00 [kworker/0:1-events]
21440 ?        I      0:00 [kworker/u11:4-btrfs-worker]
21688 ?        I      0:00 [kworker/2:1-events_power_efficient]
22677 ?        I<     0:01 [kworker/1:2H-kblockd]
23290 ?        I      0:00 [kworker/1:2-wg-crypt-wg0]
23549 ?        I      0:03 [kworker/0:0-events_freezable]
24435 ?        I      0:00 [kworker/u12:5]
25003 ?        I      0:00 [kworker/u10:0-btrfs-endio-write]
25122 ?        I      0:00 [kworker/u8:5-btrfs-delayed-meta]
26382 ?        I      0:00 [kworker/3:0-events]
26446 ?        I<     0:00 [kworker/0:0H]
26719 pts/1    S+     0:09 /usr/bin/bash -x ./run.sh new
27524 ?        I      0:00 [kworker/u8:2-btrfs-delayed-meta]
28441 ?        I<     0:01 [kworker/0:2H-kblockd]
28833 ?        Ss     0:00 /mnt/data/builds/index-no-yes-yes-64-1000-100-1723467100/bin/postgres -D /mnt/data/data-test
28834 ?        Ss     0:00 postgres: checkpointer 
28835 ?        Ss     0:00 postgres: background writer 
28837 ?        Ss     0:00 postgres: walwriter 
28838 ?        Ss     0:00 postgres: autovacuum launcher 
28839 ?        Ss     0:00 postgres: logical replication launcher 
28843 pts/1    S+     0:00 /usr/bin/bash ./run-index.sh rpi5-32 index-no-yes-yes-64-1000-100-1723467100 1000 no yes yes 64 /mnt/data/lock-scalability-test-2/20240810-0027-new/logs/index-no-yes-yes-64-1000-100-1723467100 3 10 16 1 4 100
28845 pts/1    S+     0:00 /usr/bin/bash ./prepare-index.sh /mnt/data/lock-scalability-test-2/20240810-0027-new/logs/index-no-yes-yes-64-1000-100-1723467100 10 100
28846 pts/1    R+     0:00 ps ax
30934 ?        I      0:00 [kworker/u8:3-btrfs-delayed-meta]
30935 ?        I      0:00 [kworker/u8:4-btrfs-delayed-meta]
31019 ?        I      0:00 [kworker/u9:0-btrfs-worker]
