BINDIR = /mnt/data/builds/join-yes-no-yes-64-32768-10-1723324125/bin
DOCDIR = /mnt/data/builds/join-yes-no-yes-64-32768-10-1723324125/share/doc/postgresql
HTMLDIR = /mnt/data/builds/join-yes-no-yes-64-32768-10-1723324125/share/doc/postgresql
INCLUDEDIR = /mnt/data/builds/join-yes-no-yes-64-32768-10-1723324125/include
PKGINCLUDEDIR = /mnt/data/builds/join-yes-no-yes-64-32768-10-1723324125/include/postgresql
INCLUDEDIR-SERVER = /mnt/data/builds/join-yes-no-yes-64-32768-10-1723324125/include/postgresql/server
LIBDIR = /mnt/data/builds/join-yes-no-yes-64-32768-10-1723324125/lib
PKGLIBDIR = /mnt/data/builds/join-yes-no-yes-64-32768-10-1723324125/lib/postgresql
LOCALEDIR = /mnt/data/builds/join-yes-no-yes-64-32768-10-1723324125/share/locale
MANDIR = /mnt/data/builds/join-yes-no-yes-64-32768-10-1723324125/share/man
SHAREDIR = /mnt/data/builds/join-yes-no-yes-64-32768-10-1723324125/share/postgresql
SYSCONFDIR = /mnt/data/builds/join-yes-no-yes-64-32768-10-1723324125/etc/postgresql
PGXS = /mnt/data/builds/join-yes-no-yes-64-32768-10-1723324125/lib/postgresql/pgxs/src/makefiles/pgxs.mk
CONFIGURE =  '--prefix=/mnt/data/builds/join-yes-no-yes-64-32768-10-1723324125' '--enable-debug' '--enable-depend' 'CC=ccache gcc'
CC = ccache gcc
CPPFLAGS = -D_GNU_SOURCE
CFLAGS = -Wall -Wmissing-prototypes -Wpointer-arith -Wdeclaration-after-statement -Werror=vla -Wendif-labels -Wmissing-format-attribute -Wimplicit-fallthrough=3 -Wcast-function-type -Wshadow=compatible-local -Wformat-security -fno-strict-aliasing -fwrapv -fexcess-precision=standard -Wno-format-truncation -Wno-stringop-truncation -g -O2
CFLAGS_SL = -fPIC
LDFLAGS = -Wl,--as-needed -Wl,-rpath,'/mnt/data/builds/join-yes-no-yes-64-32768-10-1723324125/lib',--enable-new-dtags
LDFLAGS_EX = 
LDFLAGS_SL = 
LIBS = -lpgcommon -lpgport -lz -lreadline -lm 
VERSION = PostgreSQL 18devel
