2024-08-12 20:08:47.253 CEST [2991349] LOG:  starting PostgreSQL 18devel on x86_64-pc-linux-gnu, compiled by gcc (Debian 12.2.0-14) 12.2.0, 64-bit
2024-08-12 20:08:47.253 CEST [2991349] LOG:  listening on IPv6 address "::1", port 5432
2024-08-12 20:08:47.253 CEST [2991349] LOG:  listening on IPv4 address "127.0.0.1", port 5432
2024-08-12 20:08:47.262 CEST [2991349] LOG:  listening on Unix socket "/tmp/.s.PGSQL.5432"
2024-08-12 20:08:47.269 CEST [2991352] LOG:  database system was shut down at 2024-08-12 20:07:59 CEST
2024-08-12 20:08:47.277 CEST [2991349] LOG:  database system is ready to accept connections
2024-08-12 20:08:51.894 CEST [2991466] LOG:  skipping vacuum of "t" --- lock not available
2024-08-12 20:08:56.183 CEST [2991574] LOG:  skipping vacuum of "t" --- lock not available
2024-08-12 20:08:57.853 CEST [2991350] LOG:  checkpoints are occurring too frequently (10 seconds apart)
2024-08-12 20:08:57.853 CEST [2991350] HINT:  Consider increasing the configuration parameter "max_wal_size".
2024-08-12 20:08:57.853 CEST [2991350] LOG:  checkpoint starting: wal
2024-08-12 20:09:09.740 CEST [2991350] LOG:  checkpoint complete: wrote 6827 buffers (2.6%); 0 WAL file(s) added, 4 removed, 29 recycled; write=10.082 s, sync=1.745 s, total=11.888 s; sync files=803, longest=0.029 s, average=0.003 s; distance=541622 kB, estimate=541622 kB; lsn=7/DDCB4ED0, redo lsn=7/BB1E5C00
2024-08-12 20:09:09.741 CEST [2991350] LOG:  checkpoints are occurring too frequently (12 seconds apart)
2024-08-12 20:09:09.741 CEST [2991350] HINT:  Consider increasing the configuration parameter "max_wal_size".
2024-08-12 20:09:09.741 CEST [2991350] LOG:  checkpoint starting: wal
2024-08-12 20:09:15.237 CEST [2991350] LOG:  checkpoint complete: wrote 50 buffers (0.0%); 0 WAL file(s) added, 0 removed, 34 recycled; write=4.920 s, sync=0.545 s, total=5.497 s; sync files=184, longest=0.007 s, average=0.003 s; distance=570110 kB, estimate=570110 kB; lsn=7/EEC57130, redo lsn=7/DDEA57E8
2024-08-12 20:09:20.257 CEST [2991350] LOG:  checkpoints are occurring too frequently (11 seconds apart)
2024-08-12 20:09:20.257 CEST [2991350] HINT:  Consider increasing the configuration parameter "max_wal_size".
2024-08-12 20:09:20.257 CEST [2991350] LOG:  checkpoint starting: wal
2024-08-12 20:09:25.986 CEST [2991350] LOG:  checkpoint complete: wrote 49 buffers (0.0%); 0 WAL file(s) added, 0 removed, 33 recycled; write=4.822 s, sync=0.858 s, total=5.730 s; sync files=281, longest=0.006 s, average=0.004 s; distance=526421 kB, estimate=565742 kB; lsn=8/FDF7490, redo lsn=7/FE0BAFC0
2024-08-12 20:09:28.631 CEST [2991350] LOG:  checkpoint starting: immediate force wait
2024-08-12 20:09:28.945 CEST [2991350] LOG:  checkpoint complete: wrote 181 buffers (0.1%); 0 WAL file(s) added, 0 removed, 24 recycled; write=0.008 s, sync=0.275 s, total=0.314 s; sync files=109, longest=0.012 s, average=0.003 s; distance=405965 kB, estimate=549764 kB; lsn=8/16D2E568, redo lsn=8/16D2E510
2024-08-12 20:12:39.374 CEST [2991349] LOG:  received fast shutdown request
2024-08-12 20:12:39.375 CEST [2991349] LOG:  aborting any active transactions
2024-08-12 20:12:39.375 CEST [2991349] LOG:  background worker "logical replication launcher" (PID 2991355) exited with exit code 1
2024-08-12 20:12:39.377 CEST [2991350] LOG:  shutting down
2024-08-12 20:12:39.377 CEST [2991350] LOG:  checkpoint starting: shutdown immediate
2024-08-12 20:12:39.393 CEST [2991350] LOG:  checkpoint complete: wrote 51 buffers (0.0%); 0 WAL file(s) added, 0 removed, 0 recycled; write=0.006 s, sync=0.006 s, total=0.017 s; sync files=10, longest=0.002 s, average=0.001 s; distance=196 kB, estimate=494807 kB; lsn=8/16D5F670, redo lsn=8/16D5F670
2024-08-12 20:12:39.557 CEST [2991349] LOG:  database system is shut down
