    PID TTY      STAT   TIME COMMAND
      1 ?        Ss     0:49 /sbin/init
      2 ?        S      0:01 [kthreadd]
      3 ?        S      0:00 [pool_workqueue_release]
      4 ?        I<     0:00 [kworker/R-rcu_g]
      5 ?        I<     0:00 [kworker/R-rcu_p]
      6 ?        I<     0:00 [kworker/R-slub_]
      7 ?        I<     0:00 [kworker/R-netns]
     11 ?        I      0:00 [kworker/u8:0-netns]
     12 ?        I<     0:00 [kworker/R-mm_pe]
     13 ?        I      0:00 [rcu_tasks_kthread]
     14 ?        I      0:00 [rcu_tasks_rude_kthread]
     15 ?        I      0:00 [rcu_tasks_trace_kthread]
     16 ?        S     17:58 [ksoftirqd/0]
     17 ?        I     15:31 [rcu_preempt]
     18 ?        S      0:04 [migration/0]
     19 ?        S      0:00 [cpuhp/0]
     20 ?        S      0:00 [cpuhp/1]
     21 ?        S      0:04 [migration/1]
     22 ?        S     17:20 [ksoftirqd/1]
     25 ?        S      0:00 [cpuhp/2]
     26 ?        S      0:04 [migration/2]
     27 ?        S     17:38 [ksoftirqd/2]
     30 ?        S      0:00 [cpuhp/3]
     31 ?        S      0:04 [migration/3]
     32 ?        S     17:46 [ksoftirqd/3]
     39 ?        S      0:00 [kdevtmpfs]
     40 ?        I<     0:00 [kworker/R-inet_]
     42 ?        S      0:00 [kauditd]
     44 ?        S      0:00 [khungtaskd]
     45 ?        S      0:00 [oom_reaper]
     46 ?        I<     0:00 [kworker/R-write]
     47 ?        S     68:38 [kcompactd0]
     48 ?        I<     0:00 [kworker/R-kinte]
     49 ?        I<     0:00 [kworker/R-kbloc]
     50 ?        I<     0:00 [kworker/R-blkcg]
     53 ?        S      0:00 [watchdogd]
     57 ?        I<     0:00 [kworker/R-rpcio]
     58 ?        I<     0:00 [kworker/R-xprti]
     59 ?        S     49:03 [kswapd0]
     60 ?        I<     0:00 [kworker/R-nfsio]
     61 ?        I<     0:00 [kworker/R-kthro]
     62 ?        S      0:00 [hwrng]
     63 ?        I<     0:00 [kworker/R-iscsi]
     64 ?        I<     0:00 [kworker/R-nvme-]
     65 ?        I<     0:00 [kworker/R-nvme-]
     66 ?        I<     0:00 [kworker/R-nvme-]
     67 ?        I<     0:00 [kworker/R-DWC N]
     68 ?        I<     0:00 [kworker/R-uas]
     69 ?        I<     2:51 [kworker/u13:0-brcmf_wq/mmc1:0001:1]
     70 ?        I<     0:00 [kworker/u14:0]
     71 ?        I<     0:00 [kworker/u15:0]
     72 ?        I<     0:00 [kworker/u16:0]
     73 ?        I<     0:00 [kworker/u17:0]
     74 ?        S      0:00 [irq/38-aerdrv]
     76 ?        S      0:00 [irq/44-aerdrv]
     85 ?        I<     0:00 [kworker/R-sdhci]
     87 ?        S      0:00 [irq/167-mmc1]
     88 ?        I<     0:00 [kworker/R-sdhci]
     89 ?        S      0:03 [irq/168-mmc0]
     91 ?        I<     0:00 [kworker/R-mmc_c]
    198 ?        S      0:00 [spi10]
    220 ?        S      6:10 [jbd2/mmcblk0p2-8]
    221 ?        I<     0:00 [kworker/R-ext4-]
    236 ?        I<     0:00 [kworker/R-mld]
    237 ?        I<     0:00 [kworker/R-ipv6_]
    285 ?        Ss     0:24 /lib/systemd/systemd-journald
    315 ?        Ss     0:31 /lib/systemd/systemd-udevd
    388 ?        S      4:21 [jbd2/nvme0n1p1-8]
    396 ?        I<     0:00 [kworker/R-ext4-]
    449 ?        S      0:00 [v3d_bin]
    451 ?        S      0:00 [v3d_render]
    452 ?        S      0:00 [v3d_tfu]
    453 ?        S      0:00 [v3d_csd]
    456 ?        S      0:00 [v3d_cache_clean]
    469 ?        I<     0:00 [kworker/R-cfg80]
    505 ?        I<     0:00 [kworker/R-brcmf]
    507 ?        S      0:17 [brcmf_wdog/mmc1:0001:1]
    535 ?        S      0:00 [irq/176-1000800000.codec]
    598 ?        I<     0:00 [kworker/u13:2-hci0]
    605 ?        Ssl    0:05 /lib/systemd/systemd-timesyncd
    610 ?        S      0:00 [irq/180-vc4 hdmi hpd connected]
    613 ?        S      0:00 [irq/181-vc4 hdmi hpd disconnected]
    614 ?        S      0:00 [cec-vc4-hdmi-0]
    615 ?        S      0:00 [irq/182-vc4 hdmi cec rx]
    616 ?        S      0:00 [irq/183-vc4 hdmi cec tx]
    620 ?        S      0:00 [irq/184-vc4 hdmi hpd connected]
    623 ?        S      0:00 [irq/185-vc4 hdmi hpd disconnected]
    625 ?        S      0:00 [cec-vc4-hdmi-1]
    626 ?        S      0:00 [irq/186-vc4 hdmi cec rx]
    627 ?        S      0:00 [irq/187-vc4 hdmi cec tx]
    636 ?        S      0:00 [card1-crtc0]
    637 ?        S      0:00 [card1-crtc1]
    639 ?        S      0:00 [card1-crtc2]
    640 ?        S      0:00 [card1-crtc3]
    663 ?        Ss     0:37 avahi-daemon: running [raspberry-64.local]
    664 ?        Ss     0:00 /usr/libexec/bluetooth/bluetoothd
    665 ?        Ss     0:03 /usr/sbin/cron -f
    666 ?        Ss     0:53 /usr/bin/dbus-daemon --system --address=systemd: --nofork --nopidfile --systemd-activation --syslog-only
    669 ?        Ssl    0:01 /usr/lib/polkit-1/polkitd --no-debug
    678 ?        Ss     0:00 /usr/sbin/smartd -n
    680 ?        Ss     0:04 /lib/systemd/systemd-logind
    683 ?        Ss     0:09 /usr/sbin/thd --triggers /etc/triggerhappy/triggers.d/ --socket /run/thd.socket --user nobody --deviceglob /dev/input/event*
    694 ?        S      0:00 avahi-daemon: chroot helper
    749 ?        Ssl    2:33 /usr/sbin/NetworkManager --no-daemon
    756 ?        Ss     1:32 /sbin/wpa_supplicant -u -s -O DIR=/run/wpa_supplicant GROUP=netdev
    757 ?        Ssl    0:01 /usr/sbin/ModemManager
    792 ?        I      0:00 [kworker/u8:1]
    794 ?        Ss     0:00 sshd: /usr/sbin/sshd -D [listener] 0 of 10-100 startups
    816 tty1     Ss+    0:00 /sbin/agetty -o -p -- \u --noclear - linux
    817 ?        Ss+    0:00 /sbin/agetty -o -p -- \u --keep-baud 115200,57600,38400,9600 - vt220
   3326 ?        Ss     0:02 /lib/systemd/systemd --user
   3327 ?        S      0:00 (sd-pam)
   3382 ?        Ss     0:00 SCREEN
   3383 pts/1    Ss     0:01 /bin/bash
  30056 pts/1    S+     0:14 /usr/bin/bash -x ./run.sh new
  57163 ?        I      0:00 [kworker/u12:2-writeback]
 100995 ?        I      0:00 [kworker/u9:0-writeback]
 284712 ?        I      0:01 [kworker/u11:3-events_unbound]
 302054 ?        I      0:02 [kworker/u9:2-writeback]
 389847 ?        I      0:00 [kworker/u9:1-writeback]
 508656 ?        I<     0:00 [kworker/3:0H-kblockd]
 542650 ?        I      0:00 [kworker/u10:0-writeback]
 563297 ?        I      0:01 [kworker/u12:0-events_unbound]
 616665 ?        I<     0:00 [kworker/2:2H-kblockd]
 651518 ?        I<     0:00 [kworker/0:0H-kblockd]
 654507 ?        I      0:00 [kworker/2:0-mm_percpu_wq]
 706237 ?        I      0:00 [kworker/0:0-wg-crypt-wg0]
 731613 ?        I<     0:00 [kworker/0:2H-mmc_complete]
 755364 ?        I      0:00 [kworker/3:0-events]
 769653 ?        I      0:00 [kworker/0:1-wg-kex-wg0]
 769691 ?        I      0:00 [kworker/3:2-events]
 775447 ?        I<     0:00 [kworker/1:0H-kblockd]
 778753 ?        I<     0:00 [kworker/2:1H-kblockd]
 778813 ?        I      0:00 [kworker/1:1-mm_percpu_wq]
 779328 ?        I<     0:00 [kworker/3:1H-kblockd]
 782930 ?        I<     0:00 [kworker/R-wg-cr]
 796337 ?        I      0:00 [kworker/1:0-events_freezable]
 796339 ?        I      0:00 [kworker/2:1-events_power_efficient]
 796608 ?        I      0:00 [kworker/0:2-wg-crypt-wg0]
 801611 ?        I<     0:00 [kworker/2:0H-kblockd]
 801710 ?        I<     0:00 [kworker/0:1H-kblockd]
 802024 ?        I<     0:00 [kworker/3:2H-kblockd]
 805373 ?        I<     0:00 [kworker/1:1H-kblockd]
 809616 ?        I      0:00 [kworker/0:3-events_power_efficient]
 809863 ?        I      0:00 [kworker/2:2-mm_percpu_wq]
 809864 ?        I      0:00 [kworker/2:3]
 809886 ?        I      0:00 [kworker/1:2-events_freezable]
 813289 ?        I      0:00 [kworker/3:1-events]
 816223 ?        I<     0:00 [kworker/0:3H-kblockd]
 822838 ?        Ss     0:01 /mnt/data/builds/index-yes-no-no-8-32768-1-1723546555/bin/postgres -D /mnt/data/data-test
 822839 ?        Ss     0:00 postgres: checkpointer 
 822840 ?        Ss     0:00 postgres: background writer 
 822842 ?        Ss     0:00 postgres: walwriter 
 822843 ?        Ss     0:00 postgres: autovacuum launcher 
 822844 ?        Ss     0:00 postgres: logical replication launcher 
 822848 pts/1    S+     0:00 /usr/bin/bash ./run-index.sh rpi5-64 index-yes-no-no-8-32768-1-1723546555 32768 yes no no 8 /mnt/data/lock-scalability-test-2/20240810-0028-new/logs/index-yes-no-no-8-32768-1-1723546555 3 10 16 1 4 1
 822850 pts/1    S+     0:00 /usr/bin/bash ./prepare-index.sh /mnt/data/lock-scalability-test-2/20240810-0028-new/logs/index-yes-no-no-8-32768-1-1723546555 10 1
 822851 pts/1    R+     0:00 ps ax
2161711 ?        I      0:07 [kworker/u11:0-events_unbound]
3198730 ?        I      0:08 [kworker/u12:1-writeback]
3873302 ?        I<     0:02 [kworker/1:2H-kblockd]
4130242 ?        I      0:02 [kworker/u10:2-events_unbound]
4161447 ?        I      0:02 [kworker/u11:1-writeback]
