    PID TTY      STAT   TIME COMMAND
      1 ?        Ss     0:39 /sbin/init
      2 ?        S      0:00 [kthreadd]
      3 ?        S      0:00 [pool_workqueue_release]
      4 ?        I<     0:00 [kworker/R-rcu_g]
      5 ?        I<     0:00 [kworker/R-rcu_p]
      6 ?        I<     0:00 [kworker/R-slub_]
      7 ?        I<     0:00 [kworker/R-netns]
     11 ?        I      0:00 [kworker/u8:0-netns]
     12 ?        I<     0:00 [kworker/R-mm_pe]
     13 ?        I      0:00 [rcu_tasks_kthread]
     14 ?        I      0:00 [rcu_tasks_rude_kthread]
     15 ?        I      0:00 [rcu_tasks_trace_kthread]
     16 ?        S     14:00 [ksoftirqd/0]
     17 ?        I     12:21 [rcu_preempt]
     18 ?        S      0:03 [migration/0]
     19 ?        S      0:00 [cpuhp/0]
     20 ?        S      0:00 [cpuhp/1]
     21 ?        S      0:02 [migration/1]
     22 ?        S     13:26 [ksoftirqd/1]
     25 ?        S      0:00 [cpuhp/2]
     26 ?        S      0:02 [migration/2]
     27 ?        S     13:43 [ksoftirqd/2]
     30 ?        S      0:00 [cpuhp/3]
     31 ?        S      0:02 [migration/3]
     32 ?        S     13:52 [ksoftirqd/3]
     39 ?        S      0:00 [kdevtmpfs]
     40 ?        I<     0:00 [kworker/R-inet_]
     42 ?        S      0:00 [kauditd]
     44 ?        S      0:00 [khungtaskd]
     45 ?        S      0:00 [oom_reaper]
     46 ?        I<     0:00 [kworker/R-write]
     47 ?        S     61:18 [kcompactd0]
     48 ?        I<     0:00 [kworker/R-kinte]
     49 ?        I<     0:00 [kworker/R-kbloc]
     50 ?        I<     0:00 [kworker/R-blkcg]
     53 ?        S      0:00 [watchdogd]
     57 ?        I<     0:00 [kworker/R-rpcio]
     58 ?        I<     0:00 [kworker/R-xprti]
     59 ?        S     47:49 [kswapd0]
     60 ?        I<     0:00 [kworker/R-nfsio]
     61 ?        I<     0:00 [kworker/R-kthro]
     62 ?        S      0:00 [hwrng]
     63 ?        I<     0:00 [kworker/R-iscsi]
     64 ?        I<     0:00 [kworker/R-nvme-]
     65 ?        I<     0:00 [kworker/R-nvme-]
     66 ?        I<     0:00 [kworker/R-nvme-]
     67 ?        I<     0:00 [kworker/R-DWC N]
     68 ?        I<     0:00 [kworker/R-uas]
     69 ?        I<     2:18 [kworker/u13:0-brcmf_wq/mmc1:0001:1]
     70 ?        I<     0:00 [kworker/u14:0]
     71 ?        I<     0:00 [kworker/u15:0]
     72 ?        I<     0:00 [kworker/u16:0]
     73 ?        I<     0:00 [kworker/u17:0]
     74 ?        S      0:00 [irq/38-aerdrv]
     76 ?        S      0:00 [irq/44-aerdrv]
     85 ?        I<     0:00 [kworker/R-sdhci]
     87 ?        S      0:00 [irq/167-mmc1]
     88 ?        I<     0:00 [kworker/R-sdhci]
     89 ?        S      0:02 [irq/168-mmc0]
     91 ?        I<     0:00 [kworker/R-mmc_c]
    198 ?        S      0:00 [spi10]
    220 ?        S      4:15 [jbd2/mmcblk0p2-8]
    221 ?        I<     0:00 [kworker/R-ext4-]
    236 ?        I<     0:00 [kworker/R-mld]
    237 ?        I<     0:00 [kworker/R-ipv6_]
    285 ?        Ss     0:19 /lib/systemd/systemd-journald
    315 ?        Ss     0:25 /lib/systemd/systemd-udevd
    388 ?        S      3:50 [jbd2/nvme0n1p1-8]
    396 ?        I<     0:00 [kworker/R-ext4-]
    449 ?        S      0:00 [v3d_bin]
    451 ?        S      0:00 [v3d_render]
    452 ?        S      0:00 [v3d_tfu]
    453 ?        S      0:00 [v3d_csd]
    456 ?        S      0:00 [v3d_cache_clean]
    469 ?        I<     0:00 [kworker/R-cfg80]
    505 ?        I<     0:00 [kworker/R-brcmf]
    507 ?        S      0:14 [brcmf_wdog/mmc1:0001:1]
    535 ?        S      0:00 [irq/176-1000800000.codec]
    598 ?        I<     0:00 [kworker/u13:2-hci0]
    605 ?        Ssl    0:04 /lib/systemd/systemd-timesyncd
    610 ?        S      0:00 [irq/180-vc4 hdmi hpd connected]
    613 ?        S      0:00 [irq/181-vc4 hdmi hpd disconnected]
    614 ?        S      0:00 [cec-vc4-hdmi-0]
    615 ?        S      0:00 [irq/182-vc4 hdmi cec rx]
    616 ?        S      0:00 [irq/183-vc4 hdmi cec tx]
    620 ?        S      0:00 [irq/184-vc4 hdmi hpd connected]
    623 ?        S      0:00 [irq/185-vc4 hdmi hpd disconnected]
    625 ?        S      0:00 [cec-vc4-hdmi-1]
    626 ?        S      0:00 [irq/186-vc4 hdmi cec rx]
    627 ?        S      0:00 [irq/187-vc4 hdmi cec tx]
    636 ?        S      0:00 [card1-crtc0]
    637 ?        S      0:00 [card1-crtc1]
    639 ?        S      0:00 [card1-crtc2]
    640 ?        S      0:00 [card1-crtc3]
    663 ?        Ss     0:27 avahi-daemon: running [raspberry-64.local]
    664 ?        Ss     0:00 /usr/libexec/bluetooth/bluetoothd
    665 ?        Ss     0:02 /usr/sbin/cron -f
    666 ?        Ss     0:43 /usr/bin/dbus-daemon --system --address=systemd: --nofork --nopidfile --systemd-activation --syslog-only
    669 ?        Ssl    0:01 /usr/lib/polkit-1/polkitd --no-debug
    678 ?        Ss     0:00 /usr/sbin/smartd -n
    680 ?        Ss     0:04 /lib/systemd/systemd-logind
    683 ?        Ss     0:07 /usr/sbin/thd --triggers /etc/triggerhappy/triggers.d/ --socket /run/thd.socket --user nobody --deviceglob /dev/input/event*
    694 ?        S      0:00 avahi-daemon: chroot helper
    749 ?        Ssl    2:04 /usr/sbin/NetworkManager --no-daemon
    756 ?        Ss     1:14 /sbin/wpa_supplicant -u -s -O DIR=/run/wpa_supplicant GROUP=netdev
    757 ?        Ssl    0:00 /usr/sbin/ModemManager
    792 ?        I      0:00 [kworker/u8:1]
    794 ?        Ss     0:00 sshd: /usr/sbin/sshd -D [listener] 0 of 10-100 startups
    816 tty1     Ss+    0:00 /sbin/agetty -o -p -- \u --noclear - linux
    817 ?        Ss+    0:00 /sbin/agetty -o -p -- \u --keep-baud 115200,57600,38400,9600 - vt220
   3326 ?        Ss     0:02 /lib/systemd/systemd --user
   3327 ?        S      0:00 (sd-pam)
   3382 ?        Ss     0:00 SCREEN
   3383 pts/1    Ss     0:01 /bin/bash
  30056 pts/1    S+     0:00 /usr/bin/bash -x ./run.sh new
  37083 ?        I      0:00 [kworker/u10:2-flush-179:0]
  37848 ?        I<     0:00 [kworker/3:1H-kblockd]
  40920 ?        I<     0:00 [kworker/2:0H-kblockd]
  56682 ?        I      0:00 [kworker/u9:1-events_unbound]
  56729 ?        I      0:00 [kworker/3:2-events]
  70198 ?        I      0:00 [kworker/u9:2-events_unbound]
  73606 ?        I      0:00 [kworker/3:0-events]
 136871 ?        I      0:00 [kworker/2:1-mm_percpu_wq]
 150380 ?        I      0:00 [kworker/2:3-events]
 155606 ?        I      0:00 [kworker/1:1-events_power_efficient]
 163268 ?        I      0:00 [kworker/0:2-events]
 165562 ?        I<     0:00 [kworker/1:2H-kblockd]
 169334 ?        I<     0:00 [kworker/3:0H-kblockd]
 169485 ?        I<     0:00 [kworker/0:1H-kblockd]
 170211 ?        I      0:00 [kworker/2:2-events]
 176901 ?        I      0:00 [kworker/0:0-events]
 177038 ?        I<     0:00 [kworker/R-wg-cr]
 182068 ?        I<     0:00 [kworker/2:2H-kblockd]
 184925 ?        I<     0:00 [kworker/0:2H-kblockd]
 190221 ?        I      0:00 [kworker/1:0-mm_percpu_wq]
 194032 ?        I      0:00 [kworker/0:1-events]
 194431 ?        I      0:00 [kworker/3:1-events]
 195485 ?        I<     0:00 [kworker/1:0H-kblockd]
 196180 ?        I<     0:00 [kworker/3:2H]
 203405 ?        I      0:00 [kworker/2:0-mm_percpu_wq]
 203606 ?        I      0:00 [kworker/1:2-events]
 208524 ?        I<     0:00 [kworker/2:1H-kblockd]
 208748 ?        I<     0:00 [kworker/0:0H-kblockd]
 216397 ?        Ss     0:01 /mnt/data/builds/join-no-yes-no-0-1000-100-1723249441/bin/postgres -D /mnt/data/data-test
 216398 ?        Ss     0:00 postgres: checkpointer 
 216399 ?        Ss     0:00 postgres: background writer 
 216401 ?        Ss     0:00 postgres: walwriter 
 216402 ?        Ss     0:00 postgres: autovacuum launcher 
 216403 ?        Ss     0:00 postgres: logical replication launcher 
 216406 pts/1    R+     0:00 ps ax
2993546 ?        I      0:01 [kworker/u11:1-flush-259:0]
3195297 ?        I      0:00 [kworker/u10:0-events_unbound]
3213489 ?        I      0:04 [kworker/u10:1-events_unbound]
3442689 ?        I      0:02 [kworker/u12:2-writeback]
3725211 ?        I<     0:01 [kworker/1:1H-kblockd]
3734600 ?        I      0:01 [kworker/u12:0-events_unbound]
3773870 ?        I      0:00 [kworker/u12:3]
3842494 ?        I      0:01 [kworker/u11:3-writeback]
3975431 ?        I      0:01 [kworker/u9:0-events_unbound]
4123854 ?        I      0:00 [kworker/u11:0-writeback]
