  PID TTY      STAT   TIME COMMAND
    1 ?        Ss     0:50 /sbin/init
    2 ?        S      0:01 [kthreadd]
    3 ?        S      0:00 [pool_workqueue_release]
    4 ?        I<     0:00 [kworker/R-rcu_g]
    5 ?        I<     0:00 [kworker/R-rcu_p]
    6 ?        I<     0:00 [kworker/R-slub_]
    7 ?        I<     0:00 [kworker/R-netns]
   12 ?        I<     0:00 [kworker/R-mm_pe]
   13 ?        I      0:00 [rcu_tasks_kthread]
   14 ?        I      0:00 [rcu_tasks_rude_kthread]
   15 ?        I      0:00 [rcu_tasks_trace_kthread]
   16 ?        S      9:49 [ksoftirqd/0]
   17 ?        I      7:48 [rcu_preempt]
   18 ?        S      0:02 [migration/0]
   19 ?        S      0:00 [cpuhp/0]
   20 ?        S      0:00 [cpuhp/1]
   21 ?        S      0:02 [migration/1]
   22 ?        S      9:29 [ksoftirqd/1]
   25 ?        S      0:00 [cpuhp/2]
   26 ?        S      0:02 [migration/2]
   27 ?        S      9:26 [ksoftirqd/2]
   30 ?        S      0:00 [cpuhp/3]
   31 ?        S      0:02 [migration/3]
   32 ?        S      9:28 [ksoftirqd/3]
   39 ?        S      0:00 [kdevtmpfs]
   40 ?        I<     0:00 [kworker/R-inet_]
   42 ?        S      0:00 [kauditd]
   44 ?        S      0:00 [khungtaskd]
   45 ?        S      0:00 [oom_reaper]
   46 ?        I<     0:00 [kworker/R-write]
   47 ?        S     21:20 [kcompactd0]
   48 ?        I<     0:00 [kworker/R-kinte]
   49 ?        I<     0:00 [kworker/R-kbloc]
   50 ?        I<     0:00 [kworker/R-blkcg]
   53 ?        S      0:00 [watchdogd]
   56 ?        I<     0:00 [kworker/R-rpcio]
   57 ?        I<     0:00 [kworker/R-xprti]
   59 ?        S    101:43 [kswapd0]
   60 ?        I<     0:00 [kworker/R-nfsio]
   61 ?        I<     0:00 [kworker/R-kthro]
   63 ?        S      0:00 [hwrng]
   64 ?        I<     0:00 [kworker/R-iscsi]
   65 ?        I<     0:00 [kworker/R-nvme-]
   66 ?        I<     0:00 [kworker/R-nvme-]
   67 ?        I<     0:00 [kworker/R-nvme-]
   68 ?        I<     0:00 [kworker/R-DWC N]
   69 ?        I<     0:00 [kworker/R-uas]
   70 ?        I<     1:35 [kworker/u13:0-brcmf_wq/mmc1:0001:1]
   71 ?        I<     0:00 [kworker/u14:0]
   72 ?        I<     0:00 [kworker/u15:0]
   73 ?        I<     0:00 [kworker/u16:0]
   74 ?        I<     0:00 [kworker/u17:0]
   75 ?        S      0:00 [irq/38-aerdrv]
   76 ?        S      0:00 [irq/44-aerdrv]
   85 ?        I<     0:00 [kworker/R-sdhci]
   86 ?        S      0:02 [irq/167-mmc0]
   88 ?        I<     0:00 [kworker/R-sdhci]
   89 ?        S      0:00 [irq/168-mmc1]
   91 ?        I<     0:00 [kworker/R-mmc_c]
  146 ?        S      0:00 [spi10]
  223 ?        S      3:41 [jbd2/mmcblk0p2-8]
  224 ?        I<     0:00 [kworker/R-ext4-]
  238 ?        I<     0:00 [kworker/R-mld]
  239 ?        I<     0:00 [kworker/R-ipv6_]
  288 ?        Ss     0:17 /lib/systemd/systemd-journald
  319 ?        Ss     1:03 /lib/systemd/systemd-udevd
  398 ?        S      0:00 [irq/174-1000800000.codec]
  400 ?        S      0:00 [v3d_bin]
  401 ?        S      0:00 [v3d_render]
  402 ?        S      0:00 [v3d_tfu]
  403 ?        S      0:00 [v3d_csd]
  404 ?        S      0:00 [v3d_cache_clean]
  431 ?        Ss     0:00 /mnt/data/builds/star-yes-no-no-64-32768-0-1723457420/bin/postgres -D /mnt/data/data-test
  432 ?        Ss     0:00 postgres: checkpointer 
  433 ?        Ss     0:00 postgres: background writer 
  435 ?        Ss     0:00 postgres: walwriter 
  436 ?        Ss     0:00 postgres: autovacuum launcher 
  437 ?        Ss     0:00 postgres: logical replication launcher 
  441 pts/1    S+     0:00 /usr/bin/bash ./run-star.sh rpi5-32 star-yes-no-no-64-32768-0-1723457420 32768 yes no no 64 /mnt/data/lock-scalability-test-2/20240810-0027-new/logs/star-yes-no-no-64-32768-0-1723457420 3 10 16 1 4 0
  442 pts/1    R+     0:00 ps ax
  521 ?        I<     0:00 [kworker/R-cfg80]
  535 ?        I<     0:00 [kworker/R-btrfs]
  536 ?        I<     0:00 [kworker/R-btrfs]
  537 ?        I<     0:00 [kworker/R-btrfs]
  539 ?        I<     0:00 [kworker/R-btrfs]
  540 ?        I<     0:00 [kworker/R-btrfs]
  541 ?        I<     0:00 [kworker/R-btrfs]
  542 ?        I<     0:00 [kworker/R-btrfs]
  543 ?        I<     0:00 [kworker/R-btrfs]
  544 ?        I<     0:00 [kworker/R-btrfs]
  545 ?        I<     0:00 [kworker/R-btrfs]
  546 ?        I<     0:00 [kworker/R-btrfs]
  547 ?        I<     0:00 [kworker/R-btrfs]
  548 ?        I<     0:00 [kworker/R-btrfs]
  559 ?        S      0:03 [btrfs-cleaner]
  560 ?        S     16:25 [btrfs-transaction]
  565 ?        I<     0:00 [kworker/R-brcmf]
  566 ?        S      0:10 [brcmf_wdog/mmc1:0001:1]
  583 ?        S      0:02 [irq/180-vc4 hdmi hpd connected]
  587 ?        S      0:42 [irq/181-vc4 hdmi hpd disconnected]
  588 ?        S      0:00 [cec-vc4-hdmi-0]
  589 ?        S      0:00 [irq/182-vc4 hdmi cec rx]
  622 ?        S      0:00 [irq/183-vc4 hdmi cec tx]
  628 ?        S      0:00 [irq/184-vc4 hdmi hpd connected]
  629 ?        S      0:00 [irq/185-vc4 hdmi hpd disconnected]
  630 ?        S      0:00 [cec-vc4-hdmi-1]
  631 ?        S      0:00 [irq/186-vc4 hdmi cec rx]
  632 ?        S      0:00 [irq/187-vc4 hdmi cec tx]
  635 ?        S      0:00 [card1-crtc0]
  636 ?        S      0:00 [card1-crtc1]
  637 ?        S      0:00 [card1-crtc2]
  638 ?        S      0:00 [card1-crtc3]
  661 ?        Ssl    0:03 /lib/systemd/systemd-timesyncd
  665 ?        I<     0:00 [kworker/u13:3-hci0]
  704 ?        Ss     0:25 avahi-daemon: running [raspberry-32.local]
  705 ?        Ss     0:00 /usr/libexec/bluetooth/bluetoothd
  706 ?        Ss     0:01 /usr/sbin/cron -f
  707 ?        Ss     1:00 /usr/bin/dbus-daemon --system --address=systemd: --nofork --nopidfile --systemd-activation --syslog-only
  710 ?        Ssl    0:01 /usr/lib/polkit-1/polkitd --no-debug
  720 ?        Ss     0:00 /usr/sbin/smartd -n
  722 ?        Ss     0:04 /lib/systemd/systemd-logind
  724 ?        Ss     0:05 /usr/sbin/thd --triggers /etc/triggerhappy/triggers.d/ --socket /run/thd.socket --user nobody --deviceglob /dev/input/event*
  739 ?        S      0:00 avahi-daemon: chroot helper
  790 ?        Ssl    2:33 /usr/sbin/NetworkManager --no-daemon
  815 ?        Ss     1:05 /sbin/wpa_supplicant -u -s -O DIR=/run/wpa_supplicant GROUP=netdev
  818 ?        Ssl    0:01 /usr/sbin/ModemManager
  835 ?        Ss     0:00 sshd: /usr/sbin/sshd -D [listener] 0 of 10-100 startups
  897 tty1     Ss+    0:00 /sbin/agetty -o -p -- \u --noclear - linux
  898 ?        Ss+    0:00 /sbin/agetty -o -p -- \u --keep-baud 115200,57600,38400,9600 - vt220
  958 ?        Ss     0:03 /lib/systemd/systemd --user
  959 ?        S      0:00 (sd-pam)
 1567 ?        I      0:00 [kworker/u8:2-btrfs-delayed-meta]
 2494 ?        I      0:00 [kworker/u10:4-btrfs-endio-write]
 4049 ?        I      0:00 [kworker/u10:10-btrfs-endio]
 4210 ?        I<     0:00 [kworker/2:1H-kblockd]
 4398 ?        I      0:00 [kworker/u12:1-btrfs-endio-meta]
 4407 ?        I      0:00 [kworker/u12:3-btrfs-endio-write]
 4408 ?        I      0:00 [kworker/u12:6-btrfs-endio-write]
 4685 ?        I      0:00 [kworker/u11:0-btrfs-endio-write]
 4795 ?        I<     0:00 [kworker/R-wg-cr]
 4829 ?        I<     0:00 [kworker/3:0H]
 5521 ?        I      0:00 [kworker/u9:1-btrfs-worker]
 5524 ?        I      0:00 [kworker/u12:0-btrfs-endio-write]
 5526 ?        I      0:00 [kworker/u9:4-btrfs-worker]
 6006 ?        I      0:00 [kworker/u9:6-btrfs-worker]
 7066 ?        I      0:00 [kworker/u8:6-btrfs-delayed-meta]
 7340 ?        I      0:00 [kworker/u8:1]
 7768 ?        I      0:00 [kworker/2:3]
 8865 ?        I<     0:00 [kworker/1:2H]
 8911 ?        I      0:00 [kworker/1:0]
 8955 ?        I<     0:00 [kworker/0:3H-kblockd]
 9465 ?        I      0:00 [kworker/u9:0-btrfs-endio-write]
 9616 ?        I<     0:00 [kworker/2:0H-kblockd]
11586 ?        I      0:00 [kworker/0:3-events]
11807 ?        I      0:00 [kworker/0:2-events_freezable]
13242 ?        I<     0:00 [kworker/3:1H-kblockd]
14591 ?        I      0:00 [kworker/u9:8-btrfs-worker]
14593 ?        I      0:00 [kworker/u9:9-btrfs-endio]
14734 ?        Ss     0:00 SCREEN
14735 pts/1    Ss     0:01 /bin/bash
15206 ?        I<     0:00 [kworker/1:0H-kblockd]
16500 ?        I      0:00 [kworker/u8:3-ext4-rsv-conversion]
17222 ?        I      0:00 [kworker/u10:2-btrfs-endio-write]
17223 ?        I      0:00 [kworker/u10:3-btrfs-worker]
17989 ?        I      0:00 [kworker/u9:5-btrfs-endio]
18790 ?        I      0:00 [kworker/u10:7-btrfs-worker]
18948 ?        I      0:00 [kworker/u8:4-btrfs-delayed-meta]
18949 ?        I      0:00 [kworker/u8:5-btrfs-delayed-meta]
19549 ?        I      0:00 [kworker/u11:3-btrfs-endio-write]
19638 ?        I      0:00 [kworker/0:0-events]
20096 ?        I<     0:00 [kworker/0:1H-mmc_complete]
20287 ?        I      0:00 [kworker/u9:2-btrfs-endio-write]
20866 ?        I      0:00 [kworker/0:1-events]
21206 ?        I      0:00 [kworker/2:0-events]
22422 ?        I      0:00 [kworker/2:2-mm_percpu_wq]
23054 ?        I<     0:00 [kworker/3:2H-kblockd]
23165 ?        I      0:00 [kworker/u12:7]
23166 ?        I      0:00 [kworker/u12:8-btrfs-endio-write]
23324 ?        I      0:00 [kworker/3:2-cgroup_destroy]
24741 ?        I      0:00 [kworker/u11:6-btrfs-endio-write]
24748 ?        I      0:00 [kworker/u10:6-btrfs-endio-write]
25702 ?        I      0:00 [kworker/u12:2-writeback]
26570 ?        I      0:00 [kworker/u12:5-btrfs-endio-write]
26579 ?        I      0:00 [kworker/u9:3-btrfs-endio-write]
26719 pts/1    S+     0:08 /usr/bin/bash -x ./run.sh new
26752 ?        I<     0:00 [kworker/0:0H-kblockd]
27499 ?        I      0:00 [kworker/u11:4-btrfs-endio-write]
27501 ?        I      0:00 [kworker/u11:9-btrfs-worker]
27523 ?        I      0:00 [kworker/u12:4-btrfs-endio-write]
29274 ?        I      0:00 [kworker/2:1-mm_percpu_wq]
29350 ?        I      0:00 [kworker/3:0-events_power_efficient]
29578 ?        I      0:00 [kworker/1:2-mm_percpu_wq]
30387 ?        I      0:00 [kworker/1:1-mm_percpu_wq]
30506 ?        I      0:00 [kworker/u10:5-btrfs-worker]
30707 ?        I<     0:03 [kworker/1:1H-kblockd]
32519 ?        I      0:00 [kworker/u10:0-btrfs-endio-write]
32520 ?        I      0:00 [kworker/u10:1-btrfs-endio-write]
32522 ?        I      0:00 [kworker/u8:0-btrfs-delayed-meta]
32755 ?        I      0:00 [kworker/u11:2-btrfs-endio-write]
32756 ?        I      0:00 [kworker/u11:5-events_unbound]
32757 ?        I      0:00 [kworker/u11:7-btrfs-worker]
32758 ?        I      0:00 [kworker/u11:8-btrfs-worker]
