    PID TTY      STAT   TIME COMMAND
      1 ?        Ss     0:47 /sbin/init
      2 ?        S      0:01 [kthreadd]
      3 ?        S      0:00 [pool_workqueue_release]
      4 ?        I<     0:00 [kworker/R-rcu_g]
      5 ?        I<     0:00 [kworker/R-rcu_p]
      6 ?        I<     0:00 [kworker/R-slub_]
      7 ?        I<     0:00 [kworker/R-netns]
     11 ?        I      0:00 [kworker/u8:0-netns]
     12 ?        I<     0:00 [kworker/R-mm_pe]
     13 ?        I      0:00 [rcu_tasks_kthread]
     14 ?        I      0:00 [rcu_tasks_rude_kthread]
     15 ?        I      0:00 [rcu_tasks_trace_kthread]
     16 ?        S     16:28 [ksoftirqd/0]
     17 ?        I     14:50 [rcu_preempt]
     18 ?        S      0:04 [migration/0]
     19 ?        S      0:00 [cpuhp/0]
     20 ?        S      0:00 [cpuhp/1]
     21 ?        S      0:03 [migration/1]
     22 ?        S     15:52 [ksoftirqd/1]
     25 ?        S      0:00 [cpuhp/2]
     26 ?        S      0:03 [migration/2]
     27 ?        S     16:08 [ksoftirqd/2]
     30 ?        S      0:00 [cpuhp/3]
     31 ?        S      0:03 [migration/3]
     32 ?        S     16:17 [ksoftirqd/3]
     39 ?        S      0:00 [kdevtmpfs]
     40 ?        I<     0:00 [kworker/R-inet_]
     42 ?        S      0:00 [kauditd]
     44 ?        S      0:00 [khungtaskd]
     45 ?        S      0:00 [oom_reaper]
     46 ?        I<     0:00 [kworker/R-write]
     47 ?        S     66:48 [kcompactd0]
     48 ?        I<     0:00 [kworker/R-kinte]
     49 ?        I<     0:00 [kworker/R-kbloc]
     50 ?        I<     0:00 [kworker/R-blkcg]
     53 ?        S      0:00 [watchdogd]
     57 ?        I<     0:00 [kworker/R-rpcio]
     58 ?        I<     0:00 [kworker/R-xprti]
     59 ?        S     48:45 [kswapd0]
     60 ?        I<     0:00 [kworker/R-nfsio]
     61 ?        I<     0:00 [kworker/R-kthro]
     62 ?        S      0:00 [hwrng]
     63 ?        I<     0:00 [kworker/R-iscsi]
     64 ?        I<     0:00 [kworker/R-nvme-]
     65 ?        I<     0:00 [kworker/R-nvme-]
     66 ?        I<     0:00 [kworker/R-nvme-]
     67 ?        I<     0:00 [kworker/R-DWC N]
     68 ?        I<     0:00 [kworker/R-uas]
     69 ?        I<     2:43 [kworker/u13:0-brcmf_wq/mmc1:0001:1]
     70 ?        I<     0:00 [kworker/u14:0]
     71 ?        I<     0:00 [kworker/u15:0]
     72 ?        I<     0:00 [kworker/u16:0]
     73 ?        I<     0:00 [kworker/u17:0]
     74 ?        S      0:00 [irq/38-aerdrv]
     76 ?        S      0:00 [irq/44-aerdrv]
     85 ?        I<     0:00 [kworker/R-sdhci]
     87 ?        S      0:00 [irq/167-mmc1]
     88 ?        I<     0:00 [kworker/R-sdhci]
     89 ?        S      0:03 [irq/168-mmc0]
     91 ?        I<     0:00 [kworker/R-mmc_c]
    198 ?        S      0:00 [spi10]
    220 ?        S      5:42 [jbd2/mmcblk0p2-8]
    221 ?        I<     0:00 [kworker/R-ext4-]
    236 ?        I<     0:00 [kworker/R-mld]
    237 ?        I<     0:00 [kworker/R-ipv6_]
    285 ?        Ss     0:23 /lib/systemd/systemd-journald
    315 ?        Ss     0:30 /lib/systemd/systemd-udevd
    388 ?        S      4:13 [jbd2/nvme0n1p1-8]
    396 ?        I<     0:00 [kworker/R-ext4-]
    449 ?        S      0:00 [v3d_bin]
    451 ?        S      0:00 [v3d_render]
    452 ?        S      0:00 [v3d_tfu]
    453 ?        S      0:00 [v3d_csd]
    456 ?        S      0:00 [v3d_cache_clean]
    469 ?        I<     0:00 [kworker/R-cfg80]
    505 ?        I<     0:00 [kworker/R-brcmf]
    507 ?        S      0:17 [brcmf_wdog/mmc1:0001:1]
    535 ?        S      0:00 [irq/176-1000800000.codec]
    598 ?        I<     0:00 [kworker/u13:2-hci0]
    605 ?        Ssl    0:05 /lib/systemd/systemd-timesyncd
    610 ?        S      0:00 [irq/180-vc4 hdmi hpd connected]
    613 ?        S      0:00 [irq/181-vc4 hdmi hpd disconnected]
    614 ?        S      0:00 [cec-vc4-hdmi-0]
    615 ?        S      0:00 [irq/182-vc4 hdmi cec rx]
    616 ?        S      0:00 [irq/183-vc4 hdmi cec tx]
    620 ?        S      0:00 [irq/184-vc4 hdmi hpd connected]
    623 ?        S      0:00 [irq/185-vc4 hdmi hpd disconnected]
    625 ?        S      0:00 [cec-vc4-hdmi-1]
    626 ?        S      0:00 [irq/186-vc4 hdmi cec rx]
    627 ?        S      0:00 [irq/187-vc4 hdmi cec tx]
    636 ?        S      0:00 [card1-crtc0]
    637 ?        S      0:00 [card1-crtc1]
    639 ?        S      0:00 [card1-crtc2]
    640 ?        S      0:00 [card1-crtc3]
    663 ?        Ss     0:35 avahi-daemon: running [raspberry-64.local]
    664 ?        Ss     0:00 /usr/libexec/bluetooth/bluetoothd
    665 ?        Ss     0:03 /usr/sbin/cron -f
    666 ?        Ss     0:50 /usr/bin/dbus-daemon --system --address=systemd: --nofork --nopidfile --systemd-activation --syslog-only
    669 ?        Ssl    0:01 /usr/lib/polkit-1/polkitd --no-debug
    678 ?        Ss     0:00 /usr/sbin/smartd -n
    680 ?        Ss     0:04 /lib/systemd/systemd-logind
    683 ?        Ss     0:08 /usr/sbin/thd --triggers /etc/triggerhappy/triggers.d/ --socket /run/thd.socket --user nobody --deviceglob /dev/input/event*
    694 ?        S      0:00 avahi-daemon: chroot helper
    749 ?        Ssl    2:25 /usr/sbin/NetworkManager --no-daemon
    756 ?        Ss     1:28 /sbin/wpa_supplicant -u -s -O DIR=/run/wpa_supplicant GROUP=netdev
    757 ?        Ssl    0:01 /usr/sbin/ModemManager
    792 ?        I      0:00 [kworker/u8:1]
    794 ?        Ss     0:00 sshd: /usr/sbin/sshd -D [listener] 0 of 10-100 startups
    816 tty1     Ss+    0:00 /sbin/agetty -o -p -- \u --noclear - linux
    817 ?        Ss+    0:00 /sbin/agetty -o -p -- \u --keep-baud 115200,57600,38400,9600 - vt220
   3326 ?        Ss     0:02 /lib/systemd/systemd --user
   3327 ?        S      0:00 (sd-pam)
   3382 ?        Ss     0:00 SCREEN
   3383 pts/1    Ss     0:01 /bin/bash
  30056 pts/1    S+     0:11 /usr/bin/bash -x ./run.sh new
 161437 ?        I      0:02 [kworker/u12:0-writeback]
 198948 ?        I<     0:01 [kworker/3:0H-kblockd]
 404550 ?        I      0:01 [kworker/u10:0-events_unbound]
 524720 ?        I      0:00 [kworker/u11:1-events_unbound]
 540789 ?        I      0:00 [kworker/3:1-mm_percpu_wq]
 551634 ?        I      0:01 [kworker/u10:2-events_unbound]
 725383 ?        I      0:02 [kworker/1:0-events]
 739212 ?        I      0:00 [kworker/0:0-events]
 765691 ?        I      0:00 [kworker/u12:1-events_unbound]
 766163 ?        I      0:00 [kworker/1:2-mm_percpu_wq]
 774946 ?        I<     0:00 [kworker/0:3H-kblockd]
 792032 ?        I      0:00 [kworker/3:2-events]
 805642 ?        I      0:00 [kworker/u11:0-events_unbound]
 805887 ?        I      0:00 [kworker/2:2-mm_percpu_wq]
 805889 ?        I      0:00 [kworker/0:2-mm_percpu_wq]
 806110 ?        I      0:00 [kworker/1:1-events]
 807958 ?        I<     0:00 [kworker/1:1H-kblockd]
 811146 ?        I<     0:00 [kworker/3:2H-kblockd]
 813996 ?        I<     0:00 [kworker/0:2H-kblockd]
 819261 ?        I<     0:00 [kworker/2:0H-kblockd]
 819403 ?        I      0:00 [kworker/0:1-events]
 819423 ?        I      0:00 [kworker/2:0-mm_percpu_wq]
 822501 ?        I      0:00 [kworker/3:0]
 832730 ?        I<     0:00 [kworker/R-wg-cr]
 834632 ?        I<     0:00 [kworker/2:1H-kblockd]
 837727 ?        I      0:00 [kworker/2:1-mm_percpu_wq]
 838001 ?        I<     0:00 [kworker/3:1H-kblockd]
 838180 ?        I<     0:00 [kworker/1:2H-kblockd]
 838237 ?        I<     0:00 [kworker/0:0H]
 845630 ?        Ss     0:01 /mnt/data/builds/index-no-no-no-8-1000-10-1723467653/bin/postgres -D /mnt/data/data-test
 845631 ?        Ss     0:00 postgres: checkpointer 
 845632 ?        Ss     0:00 postgres: background writer 
 845634 ?        Ss     0:00 postgres: walwriter 
 845635 ?        Ss     0:00 postgres: autovacuum launcher 
 845636 ?        Ss     0:00 postgres: logical replication launcher 
 845640 pts/1    S+     0:00 /usr/bin/bash ./run-index.sh rpi5-64 index-no-no-no-8-1000-10-1723467653 1000 no no no 8 /mnt/data/lock-scalability-test-2/20240810-0028-new/logs/index-no-no-no-8-1000-10-1723467653 3 10 16 1 4 10
 845642 pts/1    S+     0:00 /usr/bin/bash ./prepare-index.sh /mnt/data/lock-scalability-test-2/20240810-0028-new/logs/index-no-no-no-8-1000-10-1723467653 10 10
 845643 pts/1    R+     0:00 ps ax
2045798 ?        I<     0:17 [kworker/2:2H-kblockd]
2224823 ?        I<     0:06 [kworker/1:0H-kblockd]
2245051 ?        I      0:05 [kworker/u9:0-writeback]
2940829 ?        I      0:06 [kworker/u11:2-writeback]
3396552 ?        I      0:02 [kworker/u12:2-writeback]
3769996 ?        I      0:03 [kworker/u9:2-writeback]
3957140 ?        I      0:00 [kworker/u9:1-writeback]
3983452 ?        I      0:00 [kworker/u10:1-writeback]
