2024-08-11 18:54:22.203 BST [15743] LOG:  starting PostgreSQL 18devel on armv8l-unknown-linux-gnueabihf, compiled by gcc (Raspbian 12.2.0-14+rpi1) 12.2.0, 32-bit
2024-08-11 18:54:22.204 BST [15743] LOG:  listening on IPv6 address "::1", port 5432
2024-08-11 18:54:22.204 BST [15743] LOG:  listening on IPv4 address "127.0.0.1", port 5432
2024-08-11 18:54:22.253 BST [15743] LOG:  listening on Unix socket "/tmp/.s.PGSQL.5432"
2024-08-11 18:54:22.258 BST [15746] LOG:  database system was shut down at 2024-08-11 18:53:15 BST
2024-08-11 18:54:22.265 BST [15743] LOG:  database system is ready to accept connections
2024-08-11 18:54:37.234 BST [15744] LOG:  checkpoints are occurring too frequently (15 seconds apart)
2024-08-11 18:54:37.234 BST [15744] HINT:  Consider increasing the configuration parameter "max_wal_size".
2024-08-11 18:54:37.240 BST [15744] LOG:  checkpoint starting: wal
2024-08-11 18:54:51.036 BST [15744] LOG:  checkpoint complete: wrote 30720 buffers (46.9%); 0 WAL file(s) added, 1 removed, 32 recycled; write=12.866 s, sync=0.723 s, total=13.802 s; sync files=309, longest=0.164 s, average=0.003 s; distance=533411 kB, estimate=533411 kB; lsn=7/3D5FAD28, redo lsn=7/1E27A098
2024-08-11 18:54:51.656 BST [15744] LOG:  checkpoints are occurring too frequently (14 seconds apart)
2024-08-11 18:54:51.656 BST [15744] HINT:  Consider increasing the configuration parameter "max_wal_size".
2024-08-11 18:54:51.656 BST [15744] LOG:  checkpoint starting: wal
2024-08-11 18:55:07.184 BST [15744] LOG:  checkpoint complete: wrote 30825 buffers (47.0%); 0 WAL file(s) added, 2 removed, 31 recycled; write=14.183 s, sync=1.111 s, total=15.529 s; sync files=5, longest=0.705 s, average=0.223 s; distance=548032 kB, estimate=548032 kB; lsn=7/5F00E9E0, redo lsn=7/3F9AA230
2024-08-11 18:55:07.283 BST [15744] LOG:  checkpoints are occurring too frequently (16 seconds apart)
2024-08-11 18:55:07.283 BST [15744] HINT:  Consider increasing the configuration parameter "max_wal_size".
2024-08-11 18:55:07.292 BST [15744] LOG:  checkpoint starting: wal
2024-08-11 18:55:26.001 BST [15744] LOG:  checkpoint complete: wrote 26560 buffers (40.5%); 0 WAL file(s) added, 0 removed, 33 recycled; write=16.410 s, sync=2.202 s, total=18.718 s; sync files=387, longest=0.812 s, average=0.006 s; distance=534433 kB, estimate=546672 kB; lsn=7/75836150, redo lsn=7/60392788
2024-08-11 18:55:26.001 BST [15744] LOG:  checkpoint starting: immediate force wait
2024-08-11 18:55:26.298 BST [15744] LOG:  checkpoint complete: wrote 862 buffers (1.3%); 0 WAL file(s) added, 0 removed, 21 recycled; write=0.015 s, sync=0.212 s, total=0.298 s; sync files=154, longest=0.009 s, average=0.002 s; distance=348814 kB, estimate=526886 kB; lsn=7/75836220, redo lsn=7/758361C8
2024-08-11 18:58:37.275 BST [15743] LOG:  received fast shutdown request
2024-08-11 18:58:37.276 BST [15743] LOG:  aborting any active transactions
2024-08-11 18:58:37.277 BST [15743] LOG:  background worker "logical replication launcher" (PID 15749) exited with exit code 1
2024-08-11 18:58:37.278 BST [15744] LOG:  shutting down
2024-08-11 18:58:37.279 BST [15744] LOG:  checkpoint starting: shutdown immediate
2024-08-11 18:58:37.290 BST [15744] LOG:  checkpoint complete: wrote 1 buffers (0.0%); 0 WAL file(s) added, 0 removed, 0 recycled; write=0.004 s, sync=0.002 s, total=0.013 s; sync files=10, longest=0.002 s, average=0.001 s; distance=108 kB, estimate=474208 kB; lsn=7/75851298, redo lsn=7/75851298
2024-08-11 18:58:37.410 BST [15743] LOG:  database system is shut down
