BINDIR = /mnt/data/builds/pg-partitions-no-groups-64-pool-no/bin
DOCDIR = /mnt/data/builds/pg-partitions-no-groups-64-pool-no/share/doc/postgresql
HTMLDIR = /mnt/data/builds/pg-partitions-no-groups-64-pool-no/share/doc/postgresql
INCLUDEDIR = /mnt/data/builds/pg-partitions-no-groups-64-pool-no/include
PKGINCLUDEDIR = /mnt/data/builds/pg-partitions-no-groups-64-pool-no/include/postgresql
INCLUDEDIR-SERVER = /mnt/data/builds/pg-partitions-no-groups-64-pool-no/include/postgresql/server
LIBDIR = /mnt/data/builds/pg-partitions-no-groups-64-pool-no/lib
PKGLIBDIR = /mnt/data/builds/pg-partitions-no-groups-64-pool-no/lib/postgresql
LOCALEDIR = /mnt/data/builds/pg-partitions-no-groups-64-pool-no/share/locale
MANDIR = /mnt/data/builds/pg-partitions-no-groups-64-pool-no/share/man
SHAREDIR = /mnt/data/builds/pg-partitions-no-groups-64-pool-no/share/postgresql
SYSCONFDIR = /mnt/data/builds/pg-partitions-no-groups-64-pool-no/etc/postgresql
PGXS = /mnt/data/builds/pg-partitions-no-groups-64-pool-no/lib/postgresql/pgxs/src/makefiles/pgxs.mk
CONFIGURE =  '--prefix=/mnt/data/builds/pg-partitions-no-groups-64-pool-no' '--enable-debug' '--enable-depend' 'CC=ccache gcc'
CC = ccache gcc
CPPFLAGS = -D_GNU_SOURCE
CFLAGS = -Wall -Wmissing-prototypes -Wpointer-arith -Wdeclaration-after-statement -Werror=vla -Wendif-labels -Wmissing-format-attribute -Wimplicit-fallthrough=3 -Wcast-function-type -Wshadow=compatible-local -Wformat-security -fno-strict-aliasing -fwrapv -fexcess-precision=standard -Wno-format-truncation -Wno-stringop-truncation -g -O2
CFLAGS_SL = -fPIC
LDFLAGS = -Wl,--as-needed -Wl,-rpath,'/mnt/data/builds/pg-partitions-no-groups-64-pool-no/lib',--enable-new-dtags
LDFLAGS_EX = 
LDFLAGS_SL = 
LIBS = -lpgcommon -lpgport -lz -ledit -lm 
VERSION = PostgreSQL 18devel
NOTICE:  database "tmp" does not exist, skipping
dropping old tables...
NOTICE:  table "pgbench_accounts" does not exist, skipping
NOTICE:  table "pgbench_branches" does not exist, skipping
NOTICE:  table "pgbench_history" does not exist, skipping
NOTICE:  table "pgbench_tellers" does not exist, skipping
creating tables...
creating 1000 partitions...
generating data (client-side)...
100000 of 1000000 tuples (10%) of pgbench_accounts done (elapsed 0.28 s, remaining 2.50 s)
200000 of 1000000 tuples (20%) of pgbench_accounts done (elapsed 0.66 s, remaining 2.64 s)
300000 of 1000000 tuples (30%) of pgbench_accounts done (elapsed 1.03 s, remaining 2.40 s)
400000 of 1000000 tuples (40%) of pgbench_accounts done (elapsed 1.37 s, remaining 2.06 s)
500000 of 1000000 tuples (50%) of pgbench_accounts done (elapsed 1.74 s, remaining 1.74 s)
600000 of 1000000 tuples (60%) of pgbench_accounts done (elapsed 2.18 s, remaining 1.45 s)
700000 of 1000000 tuples (70%) of pgbench_accounts done (elapsed 2.52 s, remaining 1.08 s)
800000 of 1000000 tuples (80%) of pgbench_accounts done (elapsed 2.82 s, remaining 0.71 s)
900000 of 1000000 tuples (90%) of pgbench_accounts done (elapsed 3.22 s, remaining 0.36 s)
1000000 of 1000000 tuples (100%) of pgbench_accounts done (elapsed 3.58 s, remaining 0.00 s)
vacuuming...
creating primary keys...
done in 9.43 s (drop tables 0.00 s, create tables 3.49 s, client-side generate 3.83 s, vacuum 1.61 s, primary keys 0.50 s).
ALTER TABLE
UPDATE 1000000
CREATE INDEX
VACUUM
VACUUM
CHECKPOINT
ALTER DATABASE
